2017-08-04 09:03:51 trace :
------------
String:
<xml><ToUserName><![CDATA[gh_9312a3c1979a]]></ToUserName>
<FromUserName><![CDATA[o6A_bwG2dWDVE3ZnQLx8xPERpgo8]]></FromUserName>
<CreateTime>1501808618</CreateTime>
<MsgType><![CDATA[event]]></MsgType>
<Event><![CDATA[LOCATION]]></Event>
<Latitude>22.591244</Latitude>
<Longitude>113.952248</Longitude>
<Precision>10.000000</Precision>
</xml>

2017-08-04 09:03:51 params :
------------
String:
array (
  'message' => 
  array (
    'tousername' => 'gh_9312a3c1979a',
    'fromusername' => 'o6A_bwG2dWDVE3ZnQLx8xPERpgo8',
    'createtime' => '1501808618',
    'msgtype' => 'event',
    'event' => 'LOCATION',
    'latitude' => '22.591244',
    'longitude' => '113.952248',
    'precision' => '10.000000',
    'from' => 'o6A_bwG2dWDVE3ZnQLx8xPERpgo8',
    'to' => 'gh_9312a3c1979a',
    'time' => '1501808618',
    'type' => 'trace',
    'location_x' => '22.591244',
    'location_y' => '113.952248',
  ),
  'module' => 'default',
  'rule' => '-1',
)

2017-08-04 09:03:51 response :
------------
Array:
errno : -1 ;
message : Invaild value ;

2017-08-04 09:05:22 trace :
------------
String:
<xml><ToUserName><![CDATA[gh_9312a3c1979a]]></ToUserName>
<FromUserName><![CDATA[o6A_bwNvFwl-3enEP7t-40PTV3LI]]></FromUserName>
<CreateTime>1501808709</CreateTime>
<MsgType><![CDATA[event]]></MsgType>
<Event><![CDATA[kf_create_session]]></Event>
<KfAccount><![CDATA[kf2002@gh_9312a3c1979a]]></KfAccount>
</xml>

2017-08-04 09:05:22 params :
------------
String:
array (
  'message' => 
  array (
    'tousername' => 'gh_9312a3c1979a',
    'fromusername' => 'o6A_bwNvFwl-3enEP7t-40PTV3LI',
    'createtime' => '1501808709',
    'msgtype' => 'event',
    'event' => 'kf_create_session',
    'kfaccount' => 'kf2002@gh_9312a3c1979a',
    'from' => 'o6A_bwNvFwl-3enEP7t-40PTV3LI',
    'to' => 'gh_9312a3c1979a',
    'time' => '1501808709',
    'type' => 'text',
    'content' => '关注回复',
    'redirection' => true,
    'source' => 'default',
    'original' => NULL,
  ),
  'module' => 'basic',
  'rule' => '11',
  'priority' => '0',
  'keyword' => 
  array (
    'id' => '16',
    'rid' => '11',
    'uniacid' => '1',
    'module' => 'basic',
    'content' => '关注回复',
    'type' => '1',
    'displayorder' => '0',
    'status' => '1',
  ),
)

2017-08-04 09:05:22 response :
------------
Array:
FromUserName : gh_9312a3c1979a ;
ToUserName : o6A_bwNvFwl-3enEP7t-40PTV3LI ;
MsgType : text ;
Content : 欢迎关注：Babyfirst科学育儿！
在这里，你可以从基因角度了解宝宝育儿知识，让育儿更省心省力！
免费提供遗传咨询服务，为您解答一般育儿公众号无法解答的难题！ ;

2017-08-04 09:05:26 trace :
------------
String:
<xml><ToUserName><![CDATA[gh_9312a3c1979a]]></ToUserName>
<FromUserName><![CDATA[o6A_bwG2dWDVE3ZnQLx8xPERpgo8]]></FromUserName>
<CreateTime>1501808713</CreateTime>
<MsgType><![CDATA[event]]></MsgType>
<Event><![CDATA[kf_create_session]]></Event>
<KfAccount><![CDATA[kf2002@gh_9312a3c1979a]]></KfAccount>
</xml>

2017-08-04 09:05:26 params :
------------
String:
array (
  'message' => 
  array (
    'tousername' => 'gh_9312a3c1979a',
    'fromusername' => 'o6A_bwG2dWDVE3ZnQLx8xPERpgo8',
    'createtime' => '1501808713',
    'msgtype' => 'event',
    'event' => 'kf_create_session',
    'kfaccount' => 'kf2002@gh_9312a3c1979a',
    'from' => 'o6A_bwG2dWDVE3ZnQLx8xPERpgo8',
    'to' => 'gh_9312a3c1979a',
    'time' => '1501808713',
    'type' => 'text',
    'content' => '关注回复',
    'redirection' => true,
    'source' => 'default',
    'original' => NULL,
  ),
  'module' => 'basic',
  'rule' => '11',
  'priority' => '0',
  'keyword' => 
  array (
    'id' => '16',
    'rid' => '11',
    'uniacid' => '1',
    'module' => 'basic',
    'content' => '关注回复',
    'type' => '1',
    'displayorder' => '0',
    'status' => '1',
  ),
)

2017-08-04 09:05:26 response :
------------
Array:
FromUserName : gh_9312a3c1979a ;
ToUserName : o6A_bwG2dWDVE3ZnQLx8xPERpgo8 ;
MsgType : text ;
Content : 欢迎关注：Babyfirst科学育儿！
在这里，你可以从基因角度了解宝宝育儿知识，让育儿更省心省力！
免费提供遗传咨询服务，为您解答一般育儿公众号无法解答的难题！ ;

2017-08-04 09:35:23 trace :
------------
String:
<xml><ToUserName><![CDATA[gh_9312a3c1979a]]></ToUserName>
<FromUserName><![CDATA[o6A_bwNvFwl-3enEP7t-40PTV3LI]]></FromUserName>
<CreateTime>1501810509</CreateTime>
<MsgType><![CDATA[event]]></MsgType>
<Event><![CDATA[kf_close_session]]></Event>
<KfAccount><![CDATA[kf2002@gh_9312a3c1979a]]></KfAccount>
<CloseType><![CDATA[TIMEOUT]]></CloseType>
</xml>

2017-08-04 09:35:23 params :
------------
String:
array (
  'message' => 
  array (
    'tousername' => 'gh_9312a3c1979a',
    'fromusername' => 'o6A_bwNvFwl-3enEP7t-40PTV3LI',
    'createtime' => '1501810509',
    'msgtype' => 'event',
    'event' => 'kf_close_session',
    'kfaccount' => 'kf2002@gh_9312a3c1979a',
    'closetype' => 'TIMEOUT',
    'from' => 'o6A_bwNvFwl-3enEP7t-40PTV3LI',
    'to' => 'gh_9312a3c1979a',
    'time' => '1501810509',
    'type' => 'text',
    'content' => '关注回复',
    'redirection' => true,
    'source' => 'default',
    'original' => NULL,
  ),
  'module' => 'basic',
  'rule' => '11',
  'priority' => '0',
  'keyword' => 
  array (
    'id' => '16',
    'rid' => '11',
    'uniacid' => '1',
    'module' => 'basic',
    'content' => '关注回复',
    'type' => '1',
    'displayorder' => '0',
    'status' => '1',
  ),
)

2017-08-04 09:35:23 response :
------------
Array:
FromUserName : gh_9312a3c1979a ;
ToUserName : o6A_bwNvFwl-3enEP7t-40PTV3LI ;
MsgType : text ;
Content : 欢迎关注：Babyfirst科学育儿！
在这里，你可以从基因角度了解宝宝育儿知识，让育儿更省心省力！
免费提供遗传咨询服务，为您解答一般育儿公众号无法解答的难题！ ;

2017-08-04 09:52:03 trace :
------------
String:
<xml><ToUserName><![CDATA[gh_9312a3c1979a]]></ToUserName>
<FromUserName><![CDATA[o6A_bwG2dWDVE3ZnQLx8xPERpgo8]]></FromUserName>
<CreateTime>1501811510</CreateTime>
<MsgType><![CDATA[event]]></MsgType>
<Event><![CDATA[kf_close_session]]></Event>
<KfAccount><![CDATA[kf2002@gh_9312a3c1979a]]></KfAccount>
<CloseType><![CDATA[TIMEOUT]]></CloseType>
</xml>

2017-08-04 09:52:03 params :
------------
String:
array (
  'message' => 
  array (
    'tousername' => 'gh_9312a3c1979a',
    'fromusername' => 'o6A_bwG2dWDVE3ZnQLx8xPERpgo8',
    'createtime' => '1501811510',
    'msgtype' => 'event',
    'event' => 'kf_close_session',
    'kfaccount' => 'kf2002@gh_9312a3c1979a',
    'closetype' => 'TIMEOUT',
    'from' => 'o6A_bwG2dWDVE3ZnQLx8xPERpgo8',
    'to' => 'gh_9312a3c1979a',
    'time' => '1501811510',
    'type' => 'text',
    'content' => '关注回复',
    'redirection' => true,
    'source' => 'default',
    'original' => NULL,
  ),
  'module' => 'basic',
  'rule' => '11',
  'priority' => '0',
  'keyword' => 
  array (
    'id' => '16',
    'rid' => '11',
    'uniacid' => '1',
    'module' => 'basic',
    'content' => '关注回复',
    'type' => '1',
    'displayorder' => '0',
    'status' => '1',
  ),
)

2017-08-04 09:52:03 response :
------------
Array:
FromUserName : gh_9312a3c1979a ;
ToUserName : o6A_bwG2dWDVE3ZnQLx8xPERpgo8 ;
MsgType : text ;
Content : 欢迎关注：Babyfirst科学育儿！
在这里，你可以从基因角度了解宝宝育儿知识，让育儿更省心省力！
免费提供遗传咨询服务，为您解答一般育儿公众号无法解答的难题！ ;

2017-08-04 14:00:04 trace :
------------
String:
<xml><ToUserName><![CDATA[gh_9312a3c1979a]]></ToUserName>
<FromUserName><![CDATA[o6A_bwOiw8ECpHoQrE69Cp-wwKFQ]]></FromUserName>
<CreateTime>1501826390</CreateTime>
<MsgType><![CDATA[event]]></MsgType>
<Event><![CDATA[VIEW]]></Event>
<EventKey><![CDATA[https://www.firstories.com/signin]]></EventKey>
<MenuId>416714662</MenuId>
</xml>

2017-08-04 14:00:04 params :
------------
String:
array (
  'message' => 
  array (
    'tousername' => 'gh_9312a3c1979a',
    'fromusername' => 'o6A_bwOiw8ECpHoQrE69Cp-wwKFQ',
    'createtime' => '1501826390',
    'msgtype' => 'event',
    'event' => 'VIEW',
    'eventkey' => 'https://www.firstories.com/signin',
    'menuid' => '416714662',
    'from' => 'o6A_bwOiw8ECpHoQrE69Cp-wwKFQ',
    'to' => 'gh_9312a3c1979a',
    'time' => '1501826390',
    'type' => 'text',
    'content' => '关注回复',
    'redirection' => true,
    'source' => 'default',
    'original' => 'https://www.firstories.com/signin',
  ),
  'module' => 'basic',
  'rule' => '11',
  'priority' => '0',
  'keyword' => 
  array (
    'id' => '16',
    'rid' => '11',
    'uniacid' => '1',
    'module' => 'basic',
    'content' => '关注回复',
    'type' => '1',
    'displayorder' => '0',
    'status' => '1',
  ),
)

2017-08-04 14:00:04 response :
------------
Array:
FromUserName : gh_9312a3c1979a ;
ToUserName : o6A_bwOiw8ECpHoQrE69Cp-wwKFQ ;
MsgType : text ;
Content : 欢迎关注：Babyfirst科学育儿！
在这里，你可以从基因角度了解宝宝育儿知识，让育儿更省心省力！
免费提供遗传咨询服务，为您解答一般育儿公众号无法解答的难题！ ;

2017-08-04 14:00:15 trace :
------------
String:
<xml><ToUserName><![CDATA[gh_9312a3c1979a]]></ToUserName>
<FromUserName><![CDATA[o6A_bwOiw8ECpHoQrE69Cp-wwKFQ]]></FromUserName>
<CreateTime>1501826402</CreateTime>
<MsgType><![CDATA[event]]></MsgType>
<Event><![CDATA[VIEW]]></Event>
<EventKey><![CDATA[http://jiyin.baimuv.com/app/index.php?i=1&c=entry&m=ewei_shopv2&do=mobile&r=article.list&cateid=17]]></EventKey>
<MenuId>416714662</MenuId>
</xml>

2017-08-04 14:00:15 params :
------------
String:
array (
  'message' => 
  array (
    'tousername' => 'gh_9312a3c1979a',
    'fromusername' => 'o6A_bwOiw8ECpHoQrE69Cp-wwKFQ',
    'createtime' => '1501826402',
    'msgtype' => 'event',
    'event' => 'VIEW',
    'eventkey' => 'http://jiyin.baimuv.com/app/index.php?i=1&c=entry&m=ewei_shopv2&do=mobile&r=article.list&cateid=17',
    'menuid' => '416714662',
    'from' => 'o6A_bwOiw8ECpHoQrE69Cp-wwKFQ',
    'to' => 'gh_9312a3c1979a',
    'time' => '1501826402',
    'type' => 'text',
    'content' => '关注回复',
    'redirection' => true,
    'source' => 'default',
    'original' => 'http://jiyin.baimuv.com/app/index.php?i=1&c=entry&m=ewei_shopv2&do=mobile&r=article.list&cateid=17',
  ),
  'module' => 'basic',
  'rule' => '11',
  'priority' => '0',
  'keyword' => 
  array (
    'id' => '16',
    'rid' => '11',
    'uniacid' => '1',
    'module' => 'basic',
    'content' => '关注回复',
    'type' => '1',
    'displayorder' => '0',
    'status' => '1',
  ),
)

2017-08-04 14:00:15 response :
------------
Array:
FromUserName : gh_9312a3c1979a ;
ToUserName : o6A_bwOiw8ECpHoQrE69Cp-wwKFQ ;
MsgType : text ;
Content : 欢迎关注：Babyfirst科学育儿！
在这里，你可以从基因角度了解宝宝育儿知识，让育儿更省心省力！
免费提供遗传咨询服务，为您解答一般育儿公众号无法解答的难题！ ;

2017-08-04 15:03:07 trace :
------------
String:
<xml><ToUserName><![CDATA[gh_9312a3c1979a]]></ToUserName>
<FromUserName><![CDATA[o6A_bwKOppntdK7NKXdA6F3Le_pI]]></FromUserName>
<CreateTime>1501830174</CreateTime>
<MsgType><![CDATA[event]]></MsgType>
<Event><![CDATA[LOCATION]]></Event>
<Latitude>22.526077</Latitude>
<Longitude>113.933830</Longitude>
<Precision>65.000000</Precision>
</xml>

2017-08-04 15:03:07 params :
------------
String:
array (
  'message' => 
  array (
    'tousername' => 'gh_9312a3c1979a',
    'fromusername' => 'o6A_bwKOppntdK7NKXdA6F3Le_pI',
    'createtime' => '1501830174',
    'msgtype' => 'event',
    'event' => 'LOCATION',
    'latitude' => '22.526077',
    'longitude' => '113.933830',
    'precision' => '65.000000',
    'from' => 'o6A_bwKOppntdK7NKXdA6F3Le_pI',
    'to' => 'gh_9312a3c1979a',
    'time' => '1501830174',
    'type' => 'trace',
    'location_x' => '22.526077',
    'location_y' => '113.933830',
  ),
  'module' => 'default',
  'rule' => '-1',
)

2017-08-04 15:03:07 response :
------------
Array:
errno : -1 ;
message : Invaild value ;

2017-08-04 15:03:10 trace :
------------
String:
<xml><ToUserName><![CDATA[gh_9312a3c1979a]]></ToUserName>
<FromUserName><![CDATA[o6A_bwKOppntdK7NKXdA6F3Le_pI]]></FromUserName>
<CreateTime>1501830176</CreateTime>
<MsgType><![CDATA[event]]></MsgType>
<Event><![CDATA[VIEW]]></Event>
<EventKey><![CDATA[http://mp.weixin.qq.com/s?__biz=MzIzNTU4MTkyOA==&mid=100000616&idx=1&sn=090a00e6f879a124c1514133a0b241e0&chksm=68e5bbef5f9232f97476305959777f15648b726e71b41cc06ae33b7e13660d437f1ad58fc1d8&scene=18#wechat_redirect]]></EventKey>
<MenuId>416714662</MenuId>
</xml>

2017-08-04 15:03:10 params :
------------
String:
array (
  'message' => 
  array (
    'tousername' => 'gh_9312a3c1979a',
    'fromusername' => 'o6A_bwKOppntdK7NKXdA6F3Le_pI',
    'createtime' => '1501830176',
    'msgtype' => 'event',
    'event' => 'VIEW',
    'eventkey' => 'http://mp.weixin.qq.com/s?__biz=MzIzNTU4MTkyOA==&mid=100000616&idx=1&sn=090a00e6f879a124c1514133a0b241e0&chksm=68e5bbef5f9232f97476305959777f15648b726e71b41cc06ae33b7e13660d437f1ad58fc1d8&scene=18#wechat_redirect',
    'menuid' => '416714662',
    'from' => 'o6A_bwKOppntdK7NKXdA6F3Le_pI',
    'to' => 'gh_9312a3c1979a',
    'time' => '1501830176',
    'type' => 'text',
    'content' => '关注回复',
    'redirection' => true,
    'source' => 'default',
    'original' => 'http://mp.weixin.qq.com/s?__biz=MzIzNTU4MTkyOA==&mid=100000616&idx=1&sn=090a00e6f879a124c1514133a0b241e0&chksm=68e5bbef5f9232f97476305959777f15648b726e71b41cc06ae33b7e13660d437f1ad58fc1d8&scene=18#wechat_redirect',
  ),
  'module' => 'basic',
  'rule' => '11',
  'priority' => '0',
  'keyword' => 
  array (
    'id' => '16',
    'rid' => '11',
    'uniacid' => '1',
    'module' => 'basic',
    'content' => '关注回复',
    'type' => '1',
    'displayorder' => '0',
    'status' => '1',
  ),
)

2017-08-04 15:03:10 response :
------------
Array:
FromUserName : gh_9312a3c1979a ;
ToUserName : o6A_bwKOppntdK7NKXdA6F3Le_pI ;
MsgType : text ;
Content : 欢迎关注：Babyfirst科学育儿！
在这里，你可以从基因角度了解宝宝育儿知识，让育儿更省心省力！
免费提供遗传咨询服务，为您解答一般育儿公众号无法解答的难题！ ;

2017-08-04 15:03:17 trace :
------------
String:
<xml><ToUserName><![CDATA[gh_9312a3c1979a]]></ToUserName>
<FromUserName><![CDATA[o6A_bwKOppntdK7NKXdA6F3Le_pI]]></FromUserName>
<CreateTime>1501830183</CreateTime>
<MsgType><![CDATA[event]]></MsgType>
<Event><![CDATA[VIEW]]></Event>
<EventKey><![CDATA[http://mp.weixin.qq.com/s?__biz=MzIzNTU4MTkyOA==&mid=100000650&idx=1&sn=3fe77e237af1b5a3898505c901b7af34&chksm=68e5bb0d5f92321b5e803f51f4c6e6cdcce9175b887f95cf2162771d5192647163478933fa95&scene=18#wechat_redirect]]></EventKey>
<MenuId>416714662</MenuId>
</xml>

2017-08-04 15:03:17 params :
------------
String:
array (
  'message' => 
  array (
    'tousername' => 'gh_9312a3c1979a',
    'fromusername' => 'o6A_bwKOppntdK7NKXdA6F3Le_pI',
    'createtime' => '1501830183',
    'msgtype' => 'event',
    'event' => 'VIEW',
    'eventkey' => 'http://mp.weixin.qq.com/s?__biz=MzIzNTU4MTkyOA==&mid=100000650&idx=1&sn=3fe77e237af1b5a3898505c901b7af34&chksm=68e5bb0d5f92321b5e803f51f4c6e6cdcce9175b887f95cf2162771d5192647163478933fa95&scene=18#wechat_redirect',
    'menuid' => '416714662',
    'from' => 'o6A_bwKOppntdK7NKXdA6F3Le_pI',
    'to' => 'gh_9312a3c1979a',
    'time' => '1501830183',
    'type' => 'text',
    'content' => '关注回复',
    'redirection' => true,
    'source' => 'default',
    'original' => 'http://mp.weixin.qq.com/s?__biz=MzIzNTU4MTkyOA==&mid=100000650&idx=1&sn=3fe77e237af1b5a3898505c901b7af34&chksm=68e5bb0d5f92321b5e803f51f4c6e6cdcce9175b887f95cf2162771d5192647163478933fa95&scene=18#wechat_redirect',
  ),
  'module' => 'basic',
  'rule' => '11',
  'priority' => '0',
  'keyword' => 
  array (
    'id' => '16',
    'rid' => '11',
    'uniacid' => '1',
    'module' => 'basic',
    'content' => '关注回复',
    'type' => '1',
    'displayorder' => '0',
    'status' => '1',
  ),
)

2017-08-04 15:03:17 response :
------------
Array:
FromUserName : gh_9312a3c1979a ;
ToUserName : o6A_bwKOppntdK7NKXdA6F3Le_pI ;
MsgType : text ;
Content : 欢迎关注：Babyfirst科学育儿！
在这里，你可以从基因角度了解宝宝育儿知识，让育儿更省心省力！
免费提供遗传咨询服务，为您解答一般育儿公众号无法解答的难题！ ;

2017-08-04 15:03:24 trace :
------------
String:
<xml><ToUserName><![CDATA[gh_9312a3c1979a]]></ToUserName>
<FromUserName><![CDATA[o6A_bwKOppntdK7NKXdA6F3Le_pI]]></FromUserName>
<CreateTime>1501830191</CreateTime>
<MsgType><![CDATA[event]]></MsgType>
<Event><![CDATA[VIEW]]></Event>
<EventKey><![CDATA[http://jiyin.baimuv.com/app/index.php?i=1&c=entry&m=ewei_shopv2&do=mobile&r=article.list&cateid=17]]></EventKey>
<MenuId>416714662</MenuId>
</xml>

2017-08-04 15:03:24 params :
------------
String:
array (
  'message' => 
  array (
    'tousername' => 'gh_9312a3c1979a',
    'fromusername' => 'o6A_bwKOppntdK7NKXdA6F3Le_pI',
    'createtime' => '1501830191',
    'msgtype' => 'event',
    'event' => 'VIEW',
    'eventkey' => 'http://jiyin.baimuv.com/app/index.php?i=1&c=entry&m=ewei_shopv2&do=mobile&r=article.list&cateid=17',
    'menuid' => '416714662',
    'from' => 'o6A_bwKOppntdK7NKXdA6F3Le_pI',
    'to' => 'gh_9312a3c1979a',
    'time' => '1501830191',
    'type' => 'text',
    'content' => '关注回复',
    'redirection' => true,
    'source' => 'default',
    'original' => 'http://jiyin.baimuv.com/app/index.php?i=1&c=entry&m=ewei_shopv2&do=mobile&r=article.list&cateid=17',
  ),
  'module' => 'basic',
  'rule' => '11',
  'priority' => '0',
  'keyword' => 
  array (
    'id' => '16',
    'rid' => '11',
    'uniacid' => '1',
    'module' => 'basic',
    'content' => '关注回复',
    'type' => '1',
    'displayorder' => '0',
    'status' => '1',
  ),
)

2017-08-04 15:03:24 response :
------------
Array:
FromUserName : gh_9312a3c1979a ;
ToUserName : o6A_bwKOppntdK7NKXdA6F3Le_pI ;
MsgType : text ;
Content : 欢迎关注：Babyfirst科学育儿！
在这里，你可以从基因角度了解宝宝育儿知识，让育儿更省心省力！
免费提供遗传咨询服务，为您解答一般育儿公众号无法解答的难题！ ;

2017-08-04 15:03:30 trace :
------------
String:
<xml><ToUserName><![CDATA[gh_9312a3c1979a]]></ToUserName>
<FromUserName><![CDATA[o6A_bwKOppntdK7NKXdA6F3Le_pI]]></FromUserName>
<CreateTime>1501830197</CreateTime>
<MsgType><![CDATA[event]]></MsgType>
<Event><![CDATA[VIEW]]></Event>
<EventKey><![CDATA[http://www.firstories.com/ReportQuery]]></EventKey>
<MenuId>416714662</MenuId>
</xml>

2017-08-04 15:03:30 params :
------------
String:
array (
  'message' => 
  array (
    'tousername' => 'gh_9312a3c1979a',
    'fromusername' => 'o6A_bwKOppntdK7NKXdA6F3Le_pI',
    'createtime' => '1501830197',
    'msgtype' => 'event',
    'event' => 'VIEW',
    'eventkey' => 'http://www.firstories.com/ReportQuery',
    'menuid' => '416714662',
    'from' => 'o6A_bwKOppntdK7NKXdA6F3Le_pI',
    'to' => 'gh_9312a3c1979a',
    'time' => '1501830197',
    'type' => 'text',
    'content' => '关注回复',
    'redirection' => true,
    'source' => 'default',
    'original' => 'http://www.firstories.com/ReportQuery',
  ),
  'module' => 'basic',
  'rule' => '11',
  'priority' => '0',
  'keyword' => 
  array (
    'id' => '16',
    'rid' => '11',
    'uniacid' => '1',
    'module' => 'basic',
    'content' => '关注回复',
    'type' => '1',
    'displayorder' => '0',
    'status' => '1',
  ),
)

2017-08-04 15:03:30 response :
------------
Array:
FromUserName : gh_9312a3c1979a ;
ToUserName : o6A_bwKOppntdK7NKXdA6F3Le_pI ;
MsgType : text ;
Content : 欢迎关注：Babyfirst科学育儿！
在这里，你可以从基因角度了解宝宝育儿知识，让育儿更省心省力！
免费提供遗传咨询服务，为您解答一般育儿公众号无法解答的难题！ ;

2017-08-04 15:03:45 trace :
------------
String:
<xml><ToUserName><![CDATA[gh_9312a3c1979a]]></ToUserName>
<FromUserName><![CDATA[o6A_bwKOppntdK7NKXdA6F3Le_pI]]></FromUserName>
<CreateTime>1501830212</CreateTime>
<MsgType><![CDATA[event]]></MsgType>
<Event><![CDATA[VIEW]]></Event>
<EventKey><![CDATA[http://www.firstories.com/ReportQuery]]></EventKey>
<MenuId>416714662</MenuId>
</xml>

2017-08-04 15:03:45 params :
------------
String:
array (
  'message' => 
  array (
    'tousername' => 'gh_9312a3c1979a',
    'fromusername' => 'o6A_bwKOppntdK7NKXdA6F3Le_pI',
    'createtime' => '1501830212',
    'msgtype' => 'event',
    'event' => 'VIEW',
    'eventkey' => 'http://www.firstories.com/ReportQuery',
    'menuid' => '416714662',
    'from' => 'o6A_bwKOppntdK7NKXdA6F3Le_pI',
    'to' => 'gh_9312a3c1979a',
    'time' => '1501830212',
    'type' => 'text',
    'content' => '关注回复',
    'redirection' => true,
    'source' => 'default',
    'original' => 'http://www.firstories.com/ReportQuery',
  ),
  'module' => 'basic',
  'rule' => '11',
  'priority' => '0',
  'keyword' => 
  array (
    'id' => '16',
    'rid' => '11',
    'uniacid' => '1',
    'module' => 'basic',
    'content' => '关注回复',
    'type' => '1',
    'displayorder' => '0',
    'status' => '1',
  ),
)

2017-08-04 15:03:45 response :
------------
Array:
FromUserName : gh_9312a3c1979a ;
ToUserName : o6A_bwKOppntdK7NKXdA6F3Le_pI ;
MsgType : text ;
Content : 欢迎关注：Babyfirst科学育儿！
在这里，你可以从基因角度了解宝宝育儿知识，让育儿更省心省力！
免费提供遗传咨询服务，为您解答一般育儿公众号无法解答的难题！ ;

2017-08-04 15:03:49 trace :
------------
String:
<xml><ToUserName><![CDATA[gh_9312a3c1979a]]></ToUserName>
<FromUserName><![CDATA[o6A_bwKOppntdK7NKXdA6F3Le_pI]]></FromUserName>
<CreateTime>1501830216</CreateTime>
<MsgType><![CDATA[event]]></MsgType>
<Event><![CDATA[VIEW]]></Event>
<EventKey><![CDATA[http://www.firstories.com/ReportQuery]]></EventKey>
<MenuId>416714662</MenuId>
</xml>

2017-08-04 15:03:49 params :
------------
String:
array (
  'message' => 
  array (
    'tousername' => 'gh_9312a3c1979a',
    'fromusername' => 'o6A_bwKOppntdK7NKXdA6F3Le_pI',
    'createtime' => '1501830216',
    'msgtype' => 'event',
    'event' => 'VIEW',
    'eventkey' => 'http://www.firstories.com/ReportQuery',
    'menuid' => '416714662',
    'from' => 'o6A_bwKOppntdK7NKXdA6F3Le_pI',
    'to' => 'gh_9312a3c1979a',
    'time' => '1501830216',
    'type' => 'text',
    'content' => '关注回复',
    'redirection' => true,
    'source' => 'default',
    'original' => 'http://www.firstories.com/ReportQuery',
  ),
  'module' => 'basic',
  'rule' => '11',
  'priority' => '0',
  'keyword' => 
  array (
    'id' => '16',
    'rid' => '11',
    'uniacid' => '1',
    'module' => 'basic',
    'content' => '关注回复',
    'type' => '1',
    'displayorder' => '0',
    'status' => '1',
  ),
)

2017-08-04 15:03:49 response :
------------
Array:
FromUserName : gh_9312a3c1979a ;
ToUserName : o6A_bwKOppntdK7NKXdA6F3Le_pI ;
MsgType : text ;
Content : 欢迎关注：Babyfirst科学育儿！
在这里，你可以从基因角度了解宝宝育儿知识，让育儿更省心省力！
免费提供遗传咨询服务，为您解答一般育儿公众号无法解答的难题！ ;

2017-08-04 15:04:19 trace :
------------
String:
<xml><ToUserName><![CDATA[gh_9312a3c1979a]]></ToUserName>
<FromUserName><![CDATA[o6A_bwGrzaeFrlVWvk03IHIECY4U]]></FromUserName>
<CreateTime>1501830246</CreateTime>
<MsgType><![CDATA[event]]></MsgType>
<Event><![CDATA[VIEW]]></Event>
<EventKey><![CDATA[http://mp.weixin.qq.com/mp/homepage?__biz=MzIzNTU4MTkyOA==&hid=5&sn=3ed15a74bd6996b732951cb420128bce&scene=18#wechat_redirect]]></EventKey>
<MenuId>416714662</MenuId>
</xml>

2017-08-04 15:04:19 params :
------------
String:
array (
  'message' => 
  array (
    'tousername' => 'gh_9312a3c1979a',
    'fromusername' => 'o6A_bwGrzaeFrlVWvk03IHIECY4U',
    'createtime' => '1501830246',
    'msgtype' => 'event',
    'event' => 'VIEW',
    'eventkey' => 'http://mp.weixin.qq.com/mp/homepage?__biz=MzIzNTU4MTkyOA==&hid=5&sn=3ed15a74bd6996b732951cb420128bce&scene=18#wechat_redirect',
    'menuid' => '416714662',
    'from' => 'o6A_bwGrzaeFrlVWvk03IHIECY4U',
    'to' => 'gh_9312a3c1979a',
    'time' => '1501830246',
    'type' => 'text',
    'content' => '关注回复',
    'redirection' => true,
    'source' => 'default',
    'original' => 'http://mp.weixin.qq.com/mp/homepage?__biz=MzIzNTU4MTkyOA==&hid=5&sn=3ed15a74bd6996b732951cb420128bce&scene=18#wechat_redirect',
  ),
  'module' => 'basic',
  'rule' => '11',
  'priority' => '0',
  'keyword' => 
  array (
    'id' => '16',
    'rid' => '11',
    'uniacid' => '1',
    'module' => 'basic',
    'content' => '关注回复',
    'type' => '1',
    'displayorder' => '0',
    'status' => '1',
  ),
)

2017-08-04 15:04:19 response :
------------
Array:
FromUserName : gh_9312a3c1979a ;
ToUserName : o6A_bwGrzaeFrlVWvk03IHIECY4U ;
MsgType : text ;
Content : 欢迎关注：Babyfirst科学育儿！
在这里，你可以从基因角度了解宝宝育儿知识，让育儿更省心省力！
免费提供遗传咨询服务，为您解答一般育儿公众号无法解答的难题！ ;

2017-08-04 15:04:22 trace :
------------
String:
<xml><ToUserName><![CDATA[gh_9312a3c1979a]]></ToUserName>
<FromUserName><![CDATA[o6A_bwGrzaeFrlVWvk03IHIECY4U]]></FromUserName>
<CreateTime>1501830248</CreateTime>
<MsgType><![CDATA[event]]></MsgType>
<Event><![CDATA[VIEW]]></Event>
<EventKey><![CDATA[http://mp.weixin.qq.com/s?__biz=MzIzNTU4MTkyOA==&mid=100000616&idx=1&sn=090a00e6f879a124c1514133a0b241e0&chksm=68e5bbef5f9232f97476305959777f15648b726e71b41cc06ae33b7e13660d437f1ad58fc1d8&scene=18#wechat_redirect]]></EventKey>
<MenuId>416714662</MenuId>
</xml>

2017-08-04 15:04:22 params :
------------
String:
array (
  'message' => 
  array (
    'tousername' => 'gh_9312a3c1979a',
    'fromusername' => 'o6A_bwGrzaeFrlVWvk03IHIECY4U',
    'createtime' => '1501830248',
    'msgtype' => 'event',
    'event' => 'VIEW',
    'eventkey' => 'http://mp.weixin.qq.com/s?__biz=MzIzNTU4MTkyOA==&mid=100000616&idx=1&sn=090a00e6f879a124c1514133a0b241e0&chksm=68e5bbef5f9232f97476305959777f15648b726e71b41cc06ae33b7e13660d437f1ad58fc1d8&scene=18#wechat_redirect',
    'menuid' => '416714662',
    'from' => 'o6A_bwGrzaeFrlVWvk03IHIECY4U',
    'to' => 'gh_9312a3c1979a',
    'time' => '1501830248',
    'type' => 'text',
    'content' => '关注回复',
    'redirection' => true,
    'source' => 'default',
    'original' => 'http://mp.weixin.qq.com/s?__biz=MzIzNTU4MTkyOA==&mid=100000616&idx=1&sn=090a00e6f879a124c1514133a0b241e0&chksm=68e5bbef5f9232f97476305959777f15648b726e71b41cc06ae33b7e13660d437f1ad58fc1d8&scene=18#wechat_redirect',
  ),
  'module' => 'basic',
  'rule' => '11',
  'priority' => '0',
  'keyword' => 
  array (
    'id' => '16',
    'rid' => '11',
    'uniacid' => '1',
    'module' => 'basic',
    'content' => '关注回复',
    'type' => '1',
    'displayorder' => '0',
    'status' => '1',
  ),
)

2017-08-04 15:04:22 response :
------------
Array:
FromUserName : gh_9312a3c1979a ;
ToUserName : o6A_bwGrzaeFrlVWvk03IHIECY4U ;
MsgType : text ;
Content : 欢迎关注：Babyfirst科学育儿！
在这里，你可以从基因角度了解宝宝育儿知识，让育儿更省心省力！
免费提供遗传咨询服务，为您解答一般育儿公众号无法解答的难题！ ;

2017-08-04 15:04:31 trace :
------------
String:
<xml><ToUserName><![CDATA[gh_9312a3c1979a]]></ToUserName>
<FromUserName><![CDATA[o6A_bwGrzaeFrlVWvk03IHIECY4U]]></FromUserName>
<CreateTime>1501830257</CreateTime>
<MsgType><![CDATA[event]]></MsgType>
<Event><![CDATA[VIEW]]></Event>
<EventKey><![CDATA[http://mp.weixin.qq.com/s?__biz=MzIzNTU4MTkyOA==&mid=100000650&idx=1&sn=3fe77e237af1b5a3898505c901b7af34&chksm=68e5bb0d5f92321b5e803f51f4c6e6cdcce9175b887f95cf2162771d5192647163478933fa95&scene=18#wechat_redirect]]></EventKey>
<MenuId>416714662</MenuId>
</xml>

2017-08-04 15:04:31 params :
------------
String:
array (
  'message' => 
  array (
    'tousername' => 'gh_9312a3c1979a',
    'fromusername' => 'o6A_bwGrzaeFrlVWvk03IHIECY4U',
    'createtime' => '1501830257',
    'msgtype' => 'event',
    'event' => 'VIEW',
    'eventkey' => 'http://mp.weixin.qq.com/s?__biz=MzIzNTU4MTkyOA==&mid=100000650&idx=1&sn=3fe77e237af1b5a3898505c901b7af34&chksm=68e5bb0d5f92321b5e803f51f4c6e6cdcce9175b887f95cf2162771d5192647163478933fa95&scene=18#wechat_redirect',
    'menuid' => '416714662',
    'from' => 'o6A_bwGrzaeFrlVWvk03IHIECY4U',
    'to' => 'gh_9312a3c1979a',
    'time' => '1501830257',
    'type' => 'text',
    'content' => '关注回复',
    'redirection' => true,
    'source' => 'default',
    'original' => 'http://mp.weixin.qq.com/s?__biz=MzIzNTU4MTkyOA==&mid=100000650&idx=1&sn=3fe77e237af1b5a3898505c901b7af34&chksm=68e5bb0d5f92321b5e803f51f4c6e6cdcce9175b887f95cf2162771d5192647163478933fa95&scene=18#wechat_redirect',
  ),
  'module' => 'basic',
  'rule' => '11',
  'priority' => '0',
  'keyword' => 
  array (
    'id' => '16',
    'rid' => '11',
    'uniacid' => '1',
    'module' => 'basic',
    'content' => '关注回复',
    'type' => '1',
    'displayorder' => '0',
    'status' => '1',
  ),
)

2017-08-04 15:04:31 response :
------------
Array:
FromUserName : gh_9312a3c1979a ;
ToUserName : o6A_bwGrzaeFrlVWvk03IHIECY4U ;
MsgType : text ;
Content : 欢迎关注：Babyfirst科学育儿！
在这里，你可以从基因角度了解宝宝育儿知识，让育儿更省心省力！
免费提供遗传咨询服务，为您解答一般育儿公众号无法解答的难题！ ;

2017-08-04 15:04:46 trace :
------------
String:
<xml><ToUserName><![CDATA[gh_9312a3c1979a]]></ToUserName>
<FromUserName><![CDATA[o6A_bwGrzaeFrlVWvk03IHIECY4U]]></FromUserName>
<CreateTime>1501830273</CreateTime>
<MsgType><![CDATA[event]]></MsgType>
<Event><![CDATA[VIEW]]></Event>
<EventKey><![CDATA[http://mp.weixin.qq.com/mp/homepage?__biz=MzIzNTU4MTkyOA==&hid=5&sn=3ed15a74bd6996b732951cb420128bce&scene=18#wechat_redirect]]></EventKey>
<MenuId>416714662</MenuId>
</xml>

2017-08-04 15:04:46 params :
------------
String:
array (
  'message' => 
  array (
    'tousername' => 'gh_9312a3c1979a',
    'fromusername' => 'o6A_bwGrzaeFrlVWvk03IHIECY4U',
    'createtime' => '1501830273',
    'msgtype' => 'event',
    'event' => 'VIEW',
    'eventkey' => 'http://mp.weixin.qq.com/mp/homepage?__biz=MzIzNTU4MTkyOA==&hid=5&sn=3ed15a74bd6996b732951cb420128bce&scene=18#wechat_redirect',
    'menuid' => '416714662',
    'from' => 'o6A_bwGrzaeFrlVWvk03IHIECY4U',
    'to' => 'gh_9312a3c1979a',
    'time' => '1501830273',
    'type' => 'text',
    'content' => '关注回复',
    'redirection' => true,
    'source' => 'default',
    'original' => 'http://mp.weixin.qq.com/mp/homepage?__biz=MzIzNTU4MTkyOA==&hid=5&sn=3ed15a74bd6996b732951cb420128bce&scene=18#wechat_redirect',
  ),
  'module' => 'basic',
  'rule' => '11',
  'priority' => '0',
  'keyword' => 
  array (
    'id' => '16',
    'rid' => '11',
    'uniacid' => '1',
    'module' => 'basic',
    'content' => '关注回复',
    'type' => '1',
    'displayorder' => '0',
    'status' => '1',
  ),
)

2017-08-04 15:04:46 response :
------------
Array:
FromUserName : gh_9312a3c1979a ;
ToUserName : o6A_bwGrzaeFrlVWvk03IHIECY4U ;
MsgType : text ;
Content : 欢迎关注：Babyfirst科学育儿！
在这里，你可以从基因角度了解宝宝育儿知识，让育儿更省心省力！
免费提供遗传咨询服务，为您解答一般育儿公众号无法解答的难题！ ;

2017-08-04 15:04:58 trace :
------------
String:
<xml><ToUserName><![CDATA[gh_9312a3c1979a]]></ToUserName>
<FromUserName><![CDATA[o6A_bwGrzaeFrlVWvk03IHIECY4U]]></FromUserName>
<CreateTime>1501830285</CreateTime>
<MsgType><![CDATA[event]]></MsgType>
<Event><![CDATA[VIEW]]></Event>
<EventKey><![CDATA[http://mp.weixin.qq.com/mp/homepage?__biz=MzIzNTU4MTkyOA==&hid=4&sn=7fb79640deee369f01b26c05465b3d8d&scene=18#wechat_redirect]]></EventKey>
<MenuId>416714662</MenuId>
</xml>

2017-08-04 15:04:58 params :
------------
String:
array (
  'message' => 
  array (
    'tousername' => 'gh_9312a3c1979a',
    'fromusername' => 'o6A_bwGrzaeFrlVWvk03IHIECY4U',
    'createtime' => '1501830285',
    'msgtype' => 'event',
    'event' => 'VIEW',
    'eventkey' => 'http://mp.weixin.qq.com/mp/homepage?__biz=MzIzNTU4MTkyOA==&hid=4&sn=7fb79640deee369f01b26c05465b3d8d&scene=18#wechat_redirect',
    'menuid' => '416714662',
    'from' => 'o6A_bwGrzaeFrlVWvk03IHIECY4U',
    'to' => 'gh_9312a3c1979a',
    'time' => '1501830285',
    'type' => 'text',
    'content' => '关注回复',
    'redirection' => true,
    'source' => 'default',
    'original' => 'http://mp.weixin.qq.com/mp/homepage?__biz=MzIzNTU4MTkyOA==&hid=4&sn=7fb79640deee369f01b26c05465b3d8d&scene=18#wechat_redirect',
  ),
  'module' => 'basic',
  'rule' => '11',
  'priority' => '0',
  'keyword' => 
  array (
    'id' => '16',
    'rid' => '11',
    'uniacid' => '1',
    'module' => 'basic',
    'content' => '关注回复',
    'type' => '1',
    'displayorder' => '0',
    'status' => '1',
  ),
)

2017-08-04 15:04:58 response :
------------
Array:
FromUserName : gh_9312a3c1979a ;
ToUserName : o6A_bwGrzaeFrlVWvk03IHIECY4U ;
MsgType : text ;
Content : 欢迎关注：Babyfirst科学育儿！
在这里，你可以从基因角度了解宝宝育儿知识，让育儿更省心省力！
免费提供遗传咨询服务，为您解答一般育儿公众号无法解答的难题！ ;

2017-08-04 16:24:28 trace :
------------
String:
<xml><ToUserName><![CDATA[gh_9312a3c1979a]]></ToUserName>
<FromUserName><![CDATA[o6A_bwAFw9wkD-1OzzElUM4jvVpU]]></FromUserName>
<CreateTime>1501835054</CreateTime>
<MsgType><![CDATA[event]]></MsgType>
<Event><![CDATA[LOCATION]]></Event>
<Latitude>22.526020</Latitude>
<Longitude>113.933800</Longitude>
<Precision>65.000000</Precision>
</xml>

2017-08-04 16:24:28 params :
------------
String:
array (
  'message' => 
  array (
    'tousername' => 'gh_9312a3c1979a',
    'fromusername' => 'o6A_bwAFw9wkD-1OzzElUM4jvVpU',
    'createtime' => '1501835054',
    'msgtype' => 'event',
    'event' => 'LOCATION',
    'latitude' => '22.526020',
    'longitude' => '113.933800',
    'precision' => '65.000000',
    'from' => 'o6A_bwAFw9wkD-1OzzElUM4jvVpU',
    'to' => 'gh_9312a3c1979a',
    'time' => '1501835054',
    'type' => 'trace',
    'location_x' => '22.526020',
    'location_y' => '113.933800',
  ),
  'module' => 'default',
  'rule' => '-1',
)

2017-08-04 16:24:28 response :
------------
Array:
errno : -1 ;
message : Invaild value ;

2017-08-04 16:24:30 trace :
------------
String:
<xml><ToUserName><![CDATA[gh_9312a3c1979a]]></ToUserName>
<FromUserName><![CDATA[o6A_bwAFw9wkD-1OzzElUM4jvVpU]]></FromUserName>
<CreateTime>1501835056</CreateTime>
<MsgType><![CDATA[event]]></MsgType>
<Event><![CDATA[VIEW]]></Event>
<EventKey><![CDATA[http://www.firstories.com/ReportQuery]]></EventKey>
<MenuId>416714662</MenuId>
</xml>

2017-08-04 16:24:30 params :
------------
String:
array (
  'message' => 
  array (
    'tousername' => 'gh_9312a3c1979a',
    'fromusername' => 'o6A_bwAFw9wkD-1OzzElUM4jvVpU',
    'createtime' => '1501835056',
    'msgtype' => 'event',
    'event' => 'VIEW',
    'eventkey' => 'http://www.firstories.com/ReportQuery',
    'menuid' => '416714662',
    'from' => 'o6A_bwAFw9wkD-1OzzElUM4jvVpU',
    'to' => 'gh_9312a3c1979a',
    'time' => '1501835056',
    'type' => 'text',
    'content' => '关注回复',
    'redirection' => true,
    'source' => 'default',
    'original' => 'http://www.firstories.com/ReportQuery',
  ),
  'module' => 'basic',
  'rule' => '11',
  'priority' => '0',
  'keyword' => 
  array (
    'id' => '16',
    'rid' => '11',
    'uniacid' => '1',
    'module' => 'basic',
    'content' => '关注回复',
    'type' => '1',
    'displayorder' => '0',
    'status' => '1',
  ),
)

2017-08-04 16:24:30 response :
------------
Array:
FromUserName : gh_9312a3c1979a ;
ToUserName : o6A_bwAFw9wkD-1OzzElUM4jvVpU ;
MsgType : text ;
Content : 欢迎关注：Babyfirst科学育儿！
在这里，你可以从基因角度了解宝宝育儿知识，让育儿更省心省力！
免费提供遗传咨询服务，为您解答一般育儿公众号无法解答的难题！ ;

2017-08-04 16:24:42 trace :
------------
String:
<xml><ToUserName><![CDATA[gh_9312a3c1979a]]></ToUserName>
<FromUserName><![CDATA[o6A_bwAFw9wkD-1OzzElUM4jvVpU]]></FromUserName>
<CreateTime>1501835068</CreateTime>
<MsgType><![CDATA[event]]></MsgType>
<Event><![CDATA[VIEW]]></Event>
<EventKey><![CDATA[http://jiyin.baimuv.com/app/index.php?i=1&c=entry&m=ewei_shopv2&do=mobile&r=article.list&cateid=17]]></EventKey>
<MenuId>416714662</MenuId>
</xml>

2017-08-04 16:24:42 params :
------------
String:
array (
  'message' => 
  array (
    'tousername' => 'gh_9312a3c1979a',
    'fromusername' => 'o6A_bwAFw9wkD-1OzzElUM4jvVpU',
    'createtime' => '1501835068',
    'msgtype' => 'event',
    'event' => 'VIEW',
    'eventkey' => 'http://jiyin.baimuv.com/app/index.php?i=1&c=entry&m=ewei_shopv2&do=mobile&r=article.list&cateid=17',
    'menuid' => '416714662',
    'from' => 'o6A_bwAFw9wkD-1OzzElUM4jvVpU',
    'to' => 'gh_9312a3c1979a',
    'time' => '1501835068',
    'type' => 'text',
    'content' => '关注回复',
    'redirection' => true,
    'source' => 'default',
    'original' => 'http://jiyin.baimuv.com/app/index.php?i=1&c=entry&m=ewei_shopv2&do=mobile&r=article.list&cateid=17',
  ),
  'module' => 'basic',
  'rule' => '11',
  'priority' => '0',
  'keyword' => 
  array (
    'id' => '16',
    'rid' => '11',
    'uniacid' => '1',
    'module' => 'basic',
    'content' => '关注回复',
    'type' => '1',
    'displayorder' => '0',
    'status' => '1',
  ),
)

2017-08-04 16:24:42 response :
------------
Array:
FromUserName : gh_9312a3c1979a ;
ToUserName : o6A_bwAFw9wkD-1OzzElUM4jvVpU ;
MsgType : text ;
Content : 欢迎关注：Babyfirst科学育儿！
在这里，你可以从基因角度了解宝宝育儿知识，让育儿更省心省力！
免费提供遗传咨询服务，为您解答一般育儿公众号无法解答的难题！ ;

2017-08-04 16:26:16 trace :
------------
String:
<xml><ToUserName><![CDATA[gh_9312a3c1979a]]></ToUserName>
<FromUserName><![CDATA[o6A_bwKOppntdK7NKXdA6F3Le_pI]]></FromUserName>
<CreateTime>1501835163</CreateTime>
<MsgType><![CDATA[event]]></MsgType>
<Event><![CDATA[LOCATION]]></Event>
<Latitude>22.526031</Latitude>
<Longitude>113.933800</Longitude>
<Precision>65.000000</Precision>
</xml>

2017-08-04 16:26:16 params :
------------
String:
array (
  'message' => 
  array (
    'tousername' => 'gh_9312a3c1979a',
    'fromusername' => 'o6A_bwKOppntdK7NKXdA6F3Le_pI',
    'createtime' => '1501835163',
    'msgtype' => 'event',
    'event' => 'LOCATION',
    'latitude' => '22.526031',
    'longitude' => '113.933800',
    'precision' => '65.000000',
    'from' => 'o6A_bwKOppntdK7NKXdA6F3Le_pI',
    'to' => 'gh_9312a3c1979a',
    'time' => '1501835163',
    'type' => 'trace',
    'location_x' => '22.526031',
    'location_y' => '113.933800',
  ),
  'module' => 'default',
  'rule' => '-1',
)

2017-08-04 16:26:16 response :
------------
Array:
errno : -1 ;
message : Invaild value ;

2017-08-04 16:26:21 trace :
------------
String:
<xml><ToUserName><![CDATA[gh_9312a3c1979a]]></ToUserName>
<FromUserName><![CDATA[o6A_bwKOppntdK7NKXdA6F3Le_pI]]></FromUserName>
<CreateTime>1501835168</CreateTime>
<MsgType><![CDATA[event]]></MsgType>
<Event><![CDATA[VIEW]]></Event>
<EventKey><![CDATA[http://jiyin.baimuv.com/app/index.php?i=1&c=entry&m=ewei_shopv2&do=mobile&r=article.list&cateid=17]]></EventKey>
<MenuId>416714662</MenuId>
</xml>

2017-08-04 16:26:21 params :
------------
String:
array (
  'message' => 
  array (
    'tousername' => 'gh_9312a3c1979a',
    'fromusername' => 'o6A_bwKOppntdK7NKXdA6F3Le_pI',
    'createtime' => '1501835168',
    'msgtype' => 'event',
    'event' => 'VIEW',
    'eventkey' => 'http://jiyin.baimuv.com/app/index.php?i=1&c=entry&m=ewei_shopv2&do=mobile&r=article.list&cateid=17',
    'menuid' => '416714662',
    'from' => 'o6A_bwKOppntdK7NKXdA6F3Le_pI',
    'to' => 'gh_9312a3c1979a',
    'time' => '1501835168',
    'type' => 'text',
    'content' => '关注回复',
    'redirection' => true,
    'source' => 'default',
    'original' => 'http://jiyin.baimuv.com/app/index.php?i=1&c=entry&m=ewei_shopv2&do=mobile&r=article.list&cateid=17',
  ),
  'module' => 'basic',
  'rule' => '11',
  'priority' => '0',
  'keyword' => 
  array (
    'id' => '16',
    'rid' => '11',
    'uniacid' => '1',
    'module' => 'basic',
    'content' => '关注回复',
    'type' => '1',
    'displayorder' => '0',
    'status' => '1',
  ),
)

2017-08-04 16:26:21 response :
------------
Array:
FromUserName : gh_9312a3c1979a ;
ToUserName : o6A_bwKOppntdK7NKXdA6F3Le_pI ;
MsgType : text ;
Content : 欢迎关注：Babyfirst科学育儿！
在这里，你可以从基因角度了解宝宝育儿知识，让育儿更省心省力！
免费提供遗传咨询服务，为您解答一般育儿公众号无法解答的难题！ ;

2017-08-04 17:14:05 trace :
------------
String:
<xml><ToUserName><![CDATA[gh_9312a3c1979a]]></ToUserName>
<FromUserName><![CDATA[o6A_bwAFw9wkD-1OzzElUM4jvVpU]]></FromUserName>
<CreateTime>1501838032</CreateTime>
<MsgType><![CDATA[event]]></MsgType>
<Event><![CDATA[LOCATION]]></Event>
<Latitude>22.526236</Latitude>
<Longitude>113.933846</Longitude>
<Precision>65.000000</Precision>
</xml>

2017-08-04 17:14:05 params :
------------
String:
array (
  'message' => 
  array (
    'tousername' => 'gh_9312a3c1979a',
    'fromusername' => 'o6A_bwAFw9wkD-1OzzElUM4jvVpU',
    'createtime' => '1501838032',
    'msgtype' => 'event',
    'event' => 'LOCATION',
    'latitude' => '22.526236',
    'longitude' => '113.933846',
    'precision' => '65.000000',
    'from' => 'o6A_bwAFw9wkD-1OzzElUM4jvVpU',
    'to' => 'gh_9312a3c1979a',
    'time' => '1501838032',
    'type' => 'trace',
    'location_x' => '22.526236',
    'location_y' => '113.933846',
  ),
  'module' => 'default',
  'rule' => '-1',
)

2017-08-04 17:14:05 response :
------------
Array:
errno : -1 ;
message : Invaild value ;

2017-08-04 17:14:15 trace :
------------
String:
<xml><ToUserName><![CDATA[gh_9312a3c1979a]]></ToUserName>
<FromUserName><![CDATA[o6A_bwAFw9wkD-1OzzElUM4jvVpU]]></FromUserName>
<CreateTime>1501838042</CreateTime>
<MsgType><![CDATA[event]]></MsgType>
<Event><![CDATA[VIEW]]></Event>
<EventKey><![CDATA[http://www.firstories.com/ReportQuery]]></EventKey>
<MenuId>416714662</MenuId>
</xml>

2017-08-04 17:14:15 params :
------------
String:
array (
  'message' => 
  array (
    'tousername' => 'gh_9312a3c1979a',
    'fromusername' => 'o6A_bwAFw9wkD-1OzzElUM4jvVpU',
    'createtime' => '1501838042',
    'msgtype' => 'event',
    'event' => 'VIEW',
    'eventkey' => 'http://www.firstories.com/ReportQuery',
    'menuid' => '416714662',
    'from' => 'o6A_bwAFw9wkD-1OzzElUM4jvVpU',
    'to' => 'gh_9312a3c1979a',
    'time' => '1501838042',
    'type' => 'text',
    'content' => '关注回复',
    'redirection' => true,
    'source' => 'default',
    'original' => 'http://www.firstories.com/ReportQuery',
  ),
  'module' => 'basic',
  'rule' => '11',
  'priority' => '0',
  'keyword' => 
  array (
    'id' => '16',
    'rid' => '11',
    'uniacid' => '1',
    'module' => 'basic',
    'content' => '关注回复',
    'type' => '1',
    'displayorder' => '0',
    'status' => '1',
  ),
)

2017-08-04 17:14:15 response :
------------
Array:
FromUserName : gh_9312a3c1979a ;
ToUserName : o6A_bwAFw9wkD-1OzzElUM4jvVpU ;
MsgType : text ;
Content : 欢迎关注：Babyfirst科学育儿！
在这里，你可以从基因角度了解宝宝育儿知识，让育儿更省心省力！
免费提供遗传咨询服务，为您解答一般育儿公众号无法解答的难题！ ;

2017-08-04 17:14:50 trace :
------------
String:
<xml><ToUserName><![CDATA[gh_9312a3c1979a]]></ToUserName>
<FromUserName><![CDATA[o6A_bwAFw9wkD-1OzzElUM4jvVpU]]></FromUserName>
<CreateTime>1501838076</CreateTime>
<MsgType><![CDATA[event]]></MsgType>
<Event><![CDATA[VIEW]]></Event>
<EventKey><![CDATA[http://www.firstories.com/ReportQuery]]></EventKey>
<MenuId>416714662</MenuId>
</xml>

2017-08-04 17:14:50 params :
------------
String:
array (
  'message' => 
  array (
    'tousername' => 'gh_9312a3c1979a',
    'fromusername' => 'o6A_bwAFw9wkD-1OzzElUM4jvVpU',
    'createtime' => '1501838076',
    'msgtype' => 'event',
    'event' => 'VIEW',
    'eventkey' => 'http://www.firstories.com/ReportQuery',
    'menuid' => '416714662',
    'from' => 'o6A_bwAFw9wkD-1OzzElUM4jvVpU',
    'to' => 'gh_9312a3c1979a',
    'time' => '1501838076',
    'type' => 'text',
    'content' => '关注回复',
    'redirection' => true,
    'source' => 'default',
    'original' => 'http://www.firstories.com/ReportQuery',
  ),
  'module' => 'basic',
  'rule' => '11',
  'priority' => '0',
  'keyword' => 
  array (
    'id' => '16',
    'rid' => '11',
    'uniacid' => '1',
    'module' => 'basic',
    'content' => '关注回复',
    'type' => '1',
    'displayorder' => '0',
    'status' => '1',
  ),
)

2017-08-04 17:14:50 response :
------------
Array:
FromUserName : gh_9312a3c1979a ;
ToUserName : o6A_bwAFw9wkD-1OzzElUM4jvVpU ;
MsgType : text ;
Content : 欢迎关注：Babyfirst科学育儿！
在这里，你可以从基因角度了解宝宝育儿知识，让育儿更省心省力！
免费提供遗传咨询服务，为您解答一般育儿公众号无法解答的难题！ ;

2017-08-04 21:16:18 trace :
------------
String:
<xml><ToUserName><![CDATA[gh_9312a3c1979a]]></ToUserName>
<FromUserName><![CDATA[o6A_bwMJ-jiBdZWYGsy_yyVAacVE]]></FromUserName>
<CreateTime>1501852565</CreateTime>
<MsgType><![CDATA[event]]></MsgType>
<Event><![CDATA[LOCATION]]></Event>
<Latitude>22.580683</Latitude>
<Longitude>114.117241</Longitude>
<Precision>65.000000</Precision>
</xml>

2017-08-04 21:16:18 params :
------------
String:
array (
  'message' => 
  array (
    'tousername' => 'gh_9312a3c1979a',
    'fromusername' => 'o6A_bwMJ-jiBdZWYGsy_yyVAacVE',
    'createtime' => '1501852565',
    'msgtype' => 'event',
    'event' => 'LOCATION',
    'latitude' => '22.580683',
    'longitude' => '114.117241',
    'precision' => '65.000000',
    'from' => 'o6A_bwMJ-jiBdZWYGsy_yyVAacVE',
    'to' => 'gh_9312a3c1979a',
    'time' => '1501852565',
    'type' => 'trace',
    'location_x' => '22.580683',
    'location_y' => '114.117241',
  ),
  'module' => 'default',
  'rule' => '-1',
)

2017-08-04 21:16:18 response :
------------
Array:
errno : -1 ;
message : Invaild value ;

2017-08-04 22:52:46 trace :
------------
String:
<xml><ToUserName><![CDATA[gh_9312a3c1979a]]></ToUserName>
<FromUserName><![CDATA[o6A_bwAaYSYGQMSFpvy4CR3Ef330]]></FromUserName>
<CreateTime>1501858353</CreateTime>
<MsgType><![CDATA[event]]></MsgType>
<Event><![CDATA[LOCATION]]></Event>
<Latitude>46.319218</Latitude>
<Longitude>129.552185</Longitude>
<Precision>75.660294</Precision>
</xml>

2017-08-04 22:52:46 params :
------------
String:
array (
  'message' => 
  array (
    'tousername' => 'gh_9312a3c1979a',
    'fromusername' => 'o6A_bwAaYSYGQMSFpvy4CR3Ef330',
    'createtime' => '1501858353',
    'msgtype' => 'event',
    'event' => 'LOCATION',
    'latitude' => '46.319218',
    'longitude' => '129.552185',
    'precision' => '75.660294',
    'from' => 'o6A_bwAaYSYGQMSFpvy4CR3Ef330',
    'to' => 'gh_9312a3c1979a',
    'time' => '1501858353',
    'type' => 'trace',
    'location_x' => '46.319218',
    'location_y' => '129.552185',
  ),
  'module' => 'default',
  'rule' => '-1',
)

2017-08-04 22:52:46 response :
------------
Array:
errno : -1 ;
message : Invaild value ;

