2017-07-25 09:33:42 trace :
------------
String:
<xml><ToUserName><![CDATA[gh_9312a3c1979a]]></ToUserName>
<FromUserName><![CDATA[o6A_bwHdnB5yZDJVVO0y77RHG9yc]]></FromUserName>
<CreateTime>1500946411</CreateTime>
<MsgType><![CDATA[event]]></MsgType>
<Event><![CDATA[VIEW]]></Event>
<EventKey><![CDATA[http://www.firstories.com/ReportQuery]]></EventKey>
<MenuId>416663992</MenuId>
</xml>

2017-07-25 09:33:42 params :
------------
String:
array (
  'message' => 
  array (
    'tousername' => 'gh_9312a3c1979a',
    'fromusername' => 'o6A_bwHdnB5yZDJVVO0y77RHG9yc',
    'createtime' => '1500946411',
    'msgtype' => 'event',
    'event' => 'VIEW',
    'eventkey' => 'http://www.firstories.com/ReportQuery',
    'menuid' => '416663992',
    'from' => 'o6A_bwHdnB5yZDJVVO0y77RHG9yc',
    'to' => 'gh_9312a3c1979a',
    'time' => '1500946411',
    'type' => 'text',
    'content' => '关注回复',
    'redirection' => true,
    'source' => 'default',
    'original' => 'http://www.firstories.com/ReportQuery',
  ),
  'module' => 'basic',
  'rule' => '11',
  'priority' => '0',
  'keyword' => 
  array (
    'id' => '16',
    'rid' => '11',
    'uniacid' => '1',
    'module' => 'basic',
    'content' => '关注回复',
    'type' => '1',
    'displayorder' => '0',
    'status' => '1',
  ),
)

2017-07-25 09:33:42 response :
------------
Array:
FromUserName : gh_9312a3c1979a ;
ToUserName : o6A_bwHdnB5yZDJVVO0y77RHG9yc ;
MsgType : text ;
Content : 欢迎关注：Babyfirst科学育儿！
在这里，你可以从基因角度了解宝宝育儿知识，让育儿更省心省力！
免费提供遗传咨询服务，为您解答一般育儿公众号无法解答的难题！ ;

2017-07-25 09:33:55 trace :
------------
String:
<xml><ToUserName><![CDATA[gh_9312a3c1979a]]></ToUserName>
<FromUserName><![CDATA[o6A_bwHdnB5yZDJVVO0y77RHG9yc]]></FromUserName>
<CreateTime>1500946425</CreateTime>
<MsgType><![CDATA[event]]></MsgType>
<Event><![CDATA[VIEW]]></Event>
<EventKey><![CDATA[http://mp.weixin.qq.com/s?__biz=MzIzNTU4MTkyOA==&mid=100000616&idx=1&sn=090a00e6f879a124c1514133a0b241e0&chksm=68e5bbef5f9232f97476305959777f15648b726e71b41cc06ae33b7e13660d437f1ad58fc1d8&scene=18#wechat_redirect]]></EventKey>
<MenuId>416663992</MenuId>
</xml>

2017-07-25 09:33:55 params :
------------
String:
array (
  'message' => 
  array (
    'tousername' => 'gh_9312a3c1979a',
    'fromusername' => 'o6A_bwHdnB5yZDJVVO0y77RHG9yc',
    'createtime' => '1500946425',
    'msgtype' => 'event',
    'event' => 'VIEW',
    'eventkey' => 'http://mp.weixin.qq.com/s?__biz=MzIzNTU4MTkyOA==&mid=100000616&idx=1&sn=090a00e6f879a124c1514133a0b241e0&chksm=68e5bbef5f9232f97476305959777f15648b726e71b41cc06ae33b7e13660d437f1ad58fc1d8&scene=18#wechat_redirect',
    'menuid' => '416663992',
    'from' => 'o6A_bwHdnB5yZDJVVO0y77RHG9yc',
    'to' => 'gh_9312a3c1979a',
    'time' => '1500946425',
    'type' => 'text',
    'content' => '关注回复',
    'redirection' => true,
    'source' => 'default',
    'original' => 'http://mp.weixin.qq.com/s?__biz=MzIzNTU4MTkyOA==&mid=100000616&idx=1&sn=090a00e6f879a124c1514133a0b241e0&chksm=68e5bbef5f9232f97476305959777f15648b726e71b41cc06ae33b7e13660d437f1ad58fc1d8&scene=18#wechat_redirect',
  ),
  'module' => 'basic',
  'rule' => '11',
  'priority' => '0',
  'keyword' => 
  array (
    'id' => '16',
    'rid' => '11',
    'uniacid' => '1',
    'module' => 'basic',
    'content' => '关注回复',
    'type' => '1',
    'displayorder' => '0',
    'status' => '1',
  ),
)

2017-07-25 09:33:55 response :
------------
Array:
FromUserName : gh_9312a3c1979a ;
ToUserName : o6A_bwHdnB5yZDJVVO0y77RHG9yc ;
MsgType : text ;
Content : 欢迎关注：Babyfirst科学育儿！
在这里，你可以从基因角度了解宝宝育儿知识，让育儿更省心省力！
免费提供遗传咨询服务，为您解答一般育儿公众号无法解答的难题！ ;

2017-07-25 11:51:43 trace :
------------
String:
<xml><ToUserName><![CDATA[gh_9312a3c1979a]]></ToUserName>
<FromUserName><![CDATA[o6A_bwGrzaeFrlVWvk03IHIECY4U]]></FromUserName>
<CreateTime>1500954692</CreateTime>
<MsgType><![CDATA[event]]></MsgType>
<Event><![CDATA[LOCATION]]></Event>
<Latitude>22.526108</Latitude>
<Longitude>113.933868</Longitude>
<Precision>65.000000</Precision>
</xml>

2017-07-25 11:51:43 params :
------------
String:
array (
  'message' => 
  array (
    'tousername' => 'gh_9312a3c1979a',
    'fromusername' => 'o6A_bwGrzaeFrlVWvk03IHIECY4U',
    'createtime' => '1500954692',
    'msgtype' => 'event',
    'event' => 'LOCATION',
    'latitude' => '22.526108',
    'longitude' => '113.933868',
    'precision' => '65.000000',
    'from' => 'o6A_bwGrzaeFrlVWvk03IHIECY4U',
    'to' => 'gh_9312a3c1979a',
    'time' => '1500954692',
    'type' => 'trace',
    'location_x' => '22.526108',
    'location_y' => '113.933868',
  ),
  'module' => 'default',
  'rule' => '-1',
)

2017-07-25 11:51:43 response :
------------
Array:
errno : -1 ;
message : Invaild value ;

2017-07-25 12:16:06 trace :
------------
String:
<xml><ToUserName><![CDATA[gh_9312a3c1979a]]></ToUserName>
<FromUserName><![CDATA[o6A_bwC7lIyPnGUAsLkbAo7tiHNQ]]></FromUserName>
<CreateTime>1500956155</CreateTime>
<MsgType><![CDATA[event]]></MsgType>
<Event><![CDATA[LOCATION]]></Event>
<Latitude>27.914642</Latitude>
<Longitude>120.818748</Longitude>
<Precision>25.000000</Precision>
</xml>

2017-07-25 12:16:06 params :
------------
String:
array (
  'message' => 
  array (
    'tousername' => 'gh_9312a3c1979a',
    'fromusername' => 'o6A_bwC7lIyPnGUAsLkbAo7tiHNQ',
    'createtime' => '1500956155',
    'msgtype' => 'event',
    'event' => 'LOCATION',
    'latitude' => '27.914642',
    'longitude' => '120.818748',
    'precision' => '25.000000',
    'from' => 'o6A_bwC7lIyPnGUAsLkbAo7tiHNQ',
    'to' => 'gh_9312a3c1979a',
    'time' => '1500956155',
    'type' => 'trace',
    'location_x' => '27.914642',
    'location_y' => '120.818748',
  ),
  'module' => 'default',
  'rule' => '-1',
)

2017-07-25 12:16:06 response :
------------
Array:
errno : -1 ;
message : Invaild value ;

2017-07-25 12:28:03 trace :
------------
String:
<xml><ToUserName><![CDATA[gh_9312a3c1979a]]></ToUserName>
<FromUserName><![CDATA[o6A_bwC7lIyPnGUAsLkbAo7tiHNQ]]></FromUserName>
<CreateTime>1500956872</CreateTime>
<MsgType><![CDATA[event]]></MsgType>
<Event><![CDATA[LOCATION]]></Event>
<Latitude>27.914642</Latitude>
<Longitude>120.818748</Longitude>
<Precision>25.000000</Precision>
</xml>

2017-07-25 12:28:03 params :
------------
String:
array (
  'message' => 
  array (
    'tousername' => 'gh_9312a3c1979a',
    'fromusername' => 'o6A_bwC7lIyPnGUAsLkbAo7tiHNQ',
    'createtime' => '1500956872',
    'msgtype' => 'event',
    'event' => 'LOCATION',
    'latitude' => '27.914642',
    'longitude' => '120.818748',
    'precision' => '25.000000',
    'from' => 'o6A_bwC7lIyPnGUAsLkbAo7tiHNQ',
    'to' => 'gh_9312a3c1979a',
    'time' => '1500956872',
    'type' => 'trace',
    'location_x' => '27.914642',
    'location_y' => '120.818748',
  ),
  'module' => 'default',
  'rule' => '-1',
)

2017-07-25 12:28:03 response :
------------
Array:
errno : -1 ;
message : Invaild value ;

2017-07-25 13:02:02 trace :
------------
String:
<xml><ToUserName><![CDATA[gh_9312a3c1979a]]></ToUserName>
<FromUserName><![CDATA[o6A_bwC7lIyPnGUAsLkbAo7tiHNQ]]></FromUserName>
<CreateTime>1500958911</CreateTime>
<MsgType><![CDATA[event]]></MsgType>
<Event><![CDATA[LOCATION]]></Event>
<Latitude>27.914642</Latitude>
<Longitude>120.818748</Longitude>
<Precision>25.000000</Precision>
</xml>

2017-07-25 13:02:02 params :
------------
String:
array (
  'message' => 
  array (
    'tousername' => 'gh_9312a3c1979a',
    'fromusername' => 'o6A_bwC7lIyPnGUAsLkbAo7tiHNQ',
    'createtime' => '1500958911',
    'msgtype' => 'event',
    'event' => 'LOCATION',
    'latitude' => '27.914642',
    'longitude' => '120.818748',
    'precision' => '25.000000',
    'from' => 'o6A_bwC7lIyPnGUAsLkbAo7tiHNQ',
    'to' => 'gh_9312a3c1979a',
    'time' => '1500958911',
    'type' => 'trace',
    'location_x' => '27.914642',
    'location_y' => '120.818748',
  ),
  'module' => 'default',
  'rule' => '-1',
)

2017-07-25 13:02:02 response :
------------
Array:
errno : -1 ;
message : Invaild value ;

2017-07-25 14:41:43 trace :
------------
String:
<xml><ToUserName><![CDATA[gh_9312a3c1979a]]></ToUserName>
<FromUserName><![CDATA[o6A_bwKkT8AzjI4_JixUQb3r-zD0]]></FromUserName>
<CreateTime>1500964892</CreateTime>
<MsgType><![CDATA[event]]></MsgType>
<Event><![CDATA[subscribe]]></Event>
<EventKey><![CDATA[]]></EventKey>
</xml>

2017-07-25 14:41:43 params :
------------
String:
array (
  'message' => 
  array (
    'tousername' => 'gh_9312a3c1979a',
    'fromusername' => 'o6A_bwKkT8AzjI4_JixUQb3r-zD0',
    'createtime' => '1500964892',
    'msgtype' => 'event',
    'event' => 'subscribe',
    'eventkey' => '',
    'from' => 'o6A_bwKkT8AzjI4_JixUQb3r-zD0',
    'to' => 'gh_9312a3c1979a',
    'time' => '1500964892',
    'type' => 'text',
    'redirection' => true,
    'source' => 'subscribe',
    'content' => '关注回复',
  ),
  'module' => 'basic',
  'rule' => '11',
  'priority' => '0',
  'keyword' => 
  array (
    'id' => '16',
    'rid' => '11',
    'uniacid' => '1',
    'module' => 'basic',
    'content' => '关注回复',
    'type' => '1',
    'displayorder' => '0',
    'status' => '1',
  ),
)

2017-07-25 14:41:43 response :
------------
Array:
FromUserName : gh_9312a3c1979a ;
ToUserName : o6A_bwKkT8AzjI4_JixUQb3r-zD0 ;
MsgType : text ;
Content : 欢迎关注：Babyfirst科学育儿！
在这里，你可以从基因角度了解宝宝育儿知识，让育儿更省心省力！
免费提供遗传咨询服务，为您解答一般育儿公众号无法解答的难题！ ;

2017-07-25 14:41:49 trace :
------------
String:
<xml><ToUserName><![CDATA[gh_9312a3c1979a]]></ToUserName>
<FromUserName><![CDATA[o6A_bwKkT8AzjI4_JixUQb3r-zD0]]></FromUserName>
<CreateTime>1500964898</CreateTime>
<MsgType><![CDATA[event]]></MsgType>
<Event><![CDATA[LOCATION]]></Event>
<Latitude>22.526079</Latitude>
<Longitude>113.933975</Longitude>
<Precision>65.000000</Precision>
</xml>

2017-07-25 14:41:49 params :
------------
String:
array (
  'message' => 
  array (
    'tousername' => 'gh_9312a3c1979a',
    'fromusername' => 'o6A_bwKkT8AzjI4_JixUQb3r-zD0',
    'createtime' => '1500964898',
    'msgtype' => 'event',
    'event' => 'LOCATION',
    'latitude' => '22.526079',
    'longitude' => '113.933975',
    'precision' => '65.000000',
    'from' => 'o6A_bwKkT8AzjI4_JixUQb3r-zD0',
    'to' => 'gh_9312a3c1979a',
    'time' => '1500964898',
    'type' => 'trace',
    'location_x' => '22.526079',
    'location_y' => '113.933975',
  ),
  'module' => 'default',
  'rule' => '-1',
)

2017-07-25 14:41:49 response :
------------
Array:
errno : -1 ;
message : Invaild value ;

2017-07-25 14:45:38 trace :
------------
String:
<xml><ToUserName><![CDATA[gh_9312a3c1979a]]></ToUserName>
<FromUserName><![CDATA[o6A_bwEK_NLBCXAOrstrS93ISdAs]]></FromUserName>
<CreateTime>1500965128</CreateTime>
<MsgType><![CDATA[event]]></MsgType>
<Event><![CDATA[subscribe]]></Event>
<EventKey><![CDATA[]]></EventKey>
</xml>

2017-07-25 14:45:38 params :
------------
String:
array (
  'message' => 
  array (
    'tousername' => 'gh_9312a3c1979a',
    'fromusername' => 'o6A_bwEK_NLBCXAOrstrS93ISdAs',
    'createtime' => '1500965128',
    'msgtype' => 'event',
    'event' => 'subscribe',
    'eventkey' => '',
    'from' => 'o6A_bwEK_NLBCXAOrstrS93ISdAs',
    'to' => 'gh_9312a3c1979a',
    'time' => '1500965128',
    'type' => 'text',
    'redirection' => true,
    'source' => 'subscribe',
    'content' => '关注回复',
  ),
  'module' => 'basic',
  'rule' => '11',
  'priority' => '0',
  'keyword' => 
  array (
    'id' => '16',
    'rid' => '11',
    'uniacid' => '1',
    'module' => 'basic',
    'content' => '关注回复',
    'type' => '1',
    'displayorder' => '0',
    'status' => '1',
  ),
)

2017-07-25 14:45:38 response :
------------
Array:
FromUserName : gh_9312a3c1979a ;
ToUserName : o6A_bwEK_NLBCXAOrstrS93ISdAs ;
MsgType : text ;
Content : 欢迎关注：Babyfirst科学育儿！
在这里，你可以从基因角度了解宝宝育儿知识，让育儿更省心省力！
免费提供遗传咨询服务，为您解答一般育儿公众号无法解答的难题！ ;

2017-07-25 14:45:43 trace :
------------
String:
<xml><ToUserName><![CDATA[gh_9312a3c1979a]]></ToUserName>
<FromUserName><![CDATA[o6A_bwEK_NLBCXAOrstrS93ISdAs]]></FromUserName>
<CreateTime>1500965133</CreateTime>
<MsgType><![CDATA[event]]></MsgType>
<Event><![CDATA[LOCATION]]></Event>
<Latitude>38.865269</Latitude>
<Longitude>121.511002</Longitude>
<Precision>82.017113</Precision>
</xml>

2017-07-25 14:45:43 params :
------------
String:
array (
  'message' => 
  array (
    'tousername' => 'gh_9312a3c1979a',
    'fromusername' => 'o6A_bwEK_NLBCXAOrstrS93ISdAs',
    'createtime' => '1500965133',
    'msgtype' => 'event',
    'event' => 'LOCATION',
    'latitude' => '38.865269',
    'longitude' => '121.511002',
    'precision' => '82.017113',
    'from' => 'o6A_bwEK_NLBCXAOrstrS93ISdAs',
    'to' => 'gh_9312a3c1979a',
    'time' => '1500965133',
    'type' => 'trace',
    'location_x' => '38.865269',
    'location_y' => '121.511002',
  ),
  'module' => 'default',
  'rule' => '-1',
)

2017-07-25 14:45:43 response :
------------
Array:
errno : -1 ;
message : Invaild value ;

2017-07-25 14:57:12 trace :
------------
String:
<xml><ToUserName><![CDATA[gh_9312a3c1979a]]></ToUserName>
<FromUserName><![CDATA[o6A_bwBZcrBQ0OD8YrZ69pvkEFcs]]></FromUserName>
<CreateTime>1500965821</CreateTime>
<MsgType><![CDATA[event]]></MsgType>
<Event><![CDATA[subscribe]]></Event>
<EventKey><![CDATA[]]></EventKey>
</xml>

2017-07-25 14:57:12 params :
------------
String:
array (
  'message' => 
  array (
    'tousername' => 'gh_9312a3c1979a',
    'fromusername' => 'o6A_bwBZcrBQ0OD8YrZ69pvkEFcs',
    'createtime' => '1500965821',
    'msgtype' => 'event',
    'event' => 'subscribe',
    'eventkey' => '',
    'from' => 'o6A_bwBZcrBQ0OD8YrZ69pvkEFcs',
    'to' => 'gh_9312a3c1979a',
    'time' => '1500965821',
    'type' => 'text',
    'redirection' => true,
    'source' => 'subscribe',
    'content' => '关注回复',
  ),
  'module' => 'basic',
  'rule' => '11',
  'priority' => '0',
  'keyword' => 
  array (
    'id' => '16',
    'rid' => '11',
    'uniacid' => '1',
    'module' => 'basic',
    'content' => '关注回复',
    'type' => '1',
    'displayorder' => '0',
    'status' => '1',
  ),
)

2017-07-25 14:57:12 response :
------------
Array:
FromUserName : gh_9312a3c1979a ;
ToUserName : o6A_bwBZcrBQ0OD8YrZ69pvkEFcs ;
MsgType : text ;
Content : 欢迎关注：Babyfirst科学育儿！
在这里，你可以从基因角度了解宝宝育儿知识，让育儿更省心省力！
免费提供遗传咨询服务，为您解答一般育儿公众号无法解答的难题！ ;

2017-07-25 14:57:22 trace :
------------
String:
<xml><ToUserName><![CDATA[gh_9312a3c1979a]]></ToUserName>
<FromUserName><![CDATA[o6A_bwBZcrBQ0OD8YrZ69pvkEFcs]]></FromUserName>
<CreateTime>1500965831</CreateTime>
<MsgType><![CDATA[event]]></MsgType>
<Event><![CDATA[VIEW]]></Event>
<EventKey><![CDATA[http://www.firstories.com/ReportQuery]]></EventKey>
<MenuId>416663992</MenuId>
</xml>

2017-07-25 14:57:22 params :
------------
String:
array (
  'message' => 
  array (
    'tousername' => 'gh_9312a3c1979a',
    'fromusername' => 'o6A_bwBZcrBQ0OD8YrZ69pvkEFcs',
    'createtime' => '1500965831',
    'msgtype' => 'event',
    'event' => 'VIEW',
    'eventkey' => 'http://www.firstories.com/ReportQuery',
    'menuid' => '416663992',
    'from' => 'o6A_bwBZcrBQ0OD8YrZ69pvkEFcs',
    'to' => 'gh_9312a3c1979a',
    'time' => '1500965831',
    'type' => 'text',
    'content' => '关注回复',
    'redirection' => true,
    'source' => 'default',
    'original' => 'http://www.firstories.com/ReportQuery',
  ),
  'module' => 'basic',
  'rule' => '11',
  'priority' => '0',
  'keyword' => 
  array (
    'id' => '16',
    'rid' => '11',
    'uniacid' => '1',
    'module' => 'basic',
    'content' => '关注回复',
    'type' => '1',
    'displayorder' => '0',
    'status' => '1',
  ),
)

2017-07-25 14:57:22 response :
------------
Array:
FromUserName : gh_9312a3c1979a ;
ToUserName : o6A_bwBZcrBQ0OD8YrZ69pvkEFcs ;
MsgType : text ;
Content : 欢迎关注：Babyfirst科学育儿！
在这里，你可以从基因角度了解宝宝育儿知识，让育儿更省心省力！
免费提供遗传咨询服务，为您解答一般育儿公众号无法解答的难题！ ;

2017-07-25 16:29:40 trace :
------------
String:
<xml><ToUserName><![CDATA[gh_9312a3c1979a]]></ToUserName>
<FromUserName><![CDATA[o6A_bwGrzaeFrlVWvk03IHIECY4U]]></FromUserName>
<CreateTime>1500971370</CreateTime>
<MsgType><![CDATA[event]]></MsgType>
<Event><![CDATA[VIEW]]></Event>
<EventKey><![CDATA[http://www.firstories.com/ReportQuery]]></EventKey>
<MenuId>416663992</MenuId>
</xml>

2017-07-25 16:29:40 params :
------------
String:
array (
  'message' => 
  array (
    'tousername' => 'gh_9312a3c1979a',
    'fromusername' => 'o6A_bwGrzaeFrlVWvk03IHIECY4U',
    'createtime' => '1500971370',
    'msgtype' => 'event',
    'event' => 'VIEW',
    'eventkey' => 'http://www.firstories.com/ReportQuery',
    'menuid' => '416663992',
    'from' => 'o6A_bwGrzaeFrlVWvk03IHIECY4U',
    'to' => 'gh_9312a3c1979a',
    'time' => '1500971370',
    'type' => 'text',
    'content' => '关注回复',
    'redirection' => true,
    'source' => 'default',
    'original' => 'http://www.firstories.com/ReportQuery',
  ),
  'module' => 'basic',
  'rule' => '11',
  'priority' => '0',
  'keyword' => 
  array (
    'id' => '16',
    'rid' => '11',
    'uniacid' => '1',
    'module' => 'basic',
    'content' => '关注回复',
    'type' => '1',
    'displayorder' => '0',
    'status' => '1',
  ),
)

2017-07-25 16:29:40 response :
------------
Array:
FromUserName : gh_9312a3c1979a ;
ToUserName : o6A_bwGrzaeFrlVWvk03IHIECY4U ;
MsgType : text ;
Content : 欢迎关注：Babyfirst科学育儿！
在这里，你可以从基因角度了解宝宝育儿知识，让育儿更省心省力！
免费提供遗传咨询服务，为您解答一般育儿公众号无法解答的难题！ ;

2017-07-25 16:29:44 trace :
------------
String:
<xml><ToUserName><![CDATA[gh_9312a3c1979a]]></ToUserName>
<FromUserName><![CDATA[o6A_bwGrzaeFrlVWvk03IHIECY4U]]></FromUserName>
<CreateTime>1500971373</CreateTime>
<MsgType><![CDATA[event]]></MsgType>
<Event><![CDATA[VIEW]]></Event>
<EventKey><![CDATA[http://www.firstories.com/ReportQuery]]></EventKey>
<MenuId>416663992</MenuId>
</xml>

2017-07-25 16:29:44 params :
------------
String:
array (
  'message' => 
  array (
    'tousername' => 'gh_9312a3c1979a',
    'fromusername' => 'o6A_bwGrzaeFrlVWvk03IHIECY4U',
    'createtime' => '1500971373',
    'msgtype' => 'event',
    'event' => 'VIEW',
    'eventkey' => 'http://www.firstories.com/ReportQuery',
    'menuid' => '416663992',
    'from' => 'o6A_bwGrzaeFrlVWvk03IHIECY4U',
    'to' => 'gh_9312a3c1979a',
    'time' => '1500971373',
    'type' => 'text',
    'content' => '关注回复',
    'redirection' => true,
    'source' => 'default',
    'original' => 'http://www.firstories.com/ReportQuery',
  ),
  'module' => 'basic',
  'rule' => '11',
  'priority' => '0',
  'keyword' => 
  array (
    'id' => '16',
    'rid' => '11',
    'uniacid' => '1',
    'module' => 'basic',
    'content' => '关注回复',
    'type' => '1',
    'displayorder' => '0',
    'status' => '1',
  ),
)

2017-07-25 16:29:44 response :
------------
Array:
FromUserName : gh_9312a3c1979a ;
ToUserName : o6A_bwGrzaeFrlVWvk03IHIECY4U ;
MsgType : text ;
Content : 欢迎关注：Babyfirst科学育儿！
在这里，你可以从基因角度了解宝宝育儿知识，让育儿更省心省力！
免费提供遗传咨询服务，为您解答一般育儿公众号无法解答的难题！ ;

2017-07-25 16:29:51 trace :
------------
String:
<xml><ToUserName><![CDATA[gh_9312a3c1979a]]></ToUserName>
<FromUserName><![CDATA[o6A_bwGrzaeFrlVWvk03IHIECY4U]]></FromUserName>
<CreateTime>1500971380</CreateTime>
<MsgType><![CDATA[event]]></MsgType>
<Event><![CDATA[VIEW]]></Event>
<EventKey><![CDATA[http://www.firstories.com/ReportQuery]]></EventKey>
<MenuId>416663992</MenuId>
</xml>

2017-07-25 16:29:51 params :
------------
String:
array (
  'message' => 
  array (
    'tousername' => 'gh_9312a3c1979a',
    'fromusername' => 'o6A_bwGrzaeFrlVWvk03IHIECY4U',
    'createtime' => '1500971380',
    'msgtype' => 'event',
    'event' => 'VIEW',
    'eventkey' => 'http://www.firstories.com/ReportQuery',
    'menuid' => '416663992',
    'from' => 'o6A_bwGrzaeFrlVWvk03IHIECY4U',
    'to' => 'gh_9312a3c1979a',
    'time' => '1500971380',
    'type' => 'text',
    'content' => '关注回复',
    'redirection' => true,
    'source' => 'default',
    'original' => 'http://www.firstories.com/ReportQuery',
  ),
  'module' => 'basic',
  'rule' => '11',
  'priority' => '0',
  'keyword' => 
  array (
    'id' => '16',
    'rid' => '11',
    'uniacid' => '1',
    'module' => 'basic',
    'content' => '关注回复',
    'type' => '1',
    'displayorder' => '0',
    'status' => '1',
  ),
)

2017-07-25 16:29:51 response :
------------
Array:
FromUserName : gh_9312a3c1979a ;
ToUserName : o6A_bwGrzaeFrlVWvk03IHIECY4U ;
MsgType : text ;
Content : 欢迎关注：Babyfirst科学育儿！
在这里，你可以从基因角度了解宝宝育儿知识，让育儿更省心省力！
免费提供遗传咨询服务，为您解答一般育儿公众号无法解答的难题！ ;

2017-07-25 16:29:55 trace :
------------
String:
<xml><ToUserName><![CDATA[gh_9312a3c1979a]]></ToUserName>
<FromUserName><![CDATA[o6A_bwGrzaeFrlVWvk03IHIECY4U]]></FromUserName>
<CreateTime>1500971384</CreateTime>
<MsgType><![CDATA[event]]></MsgType>
<Event><![CDATA[VIEW]]></Event>
<EventKey><![CDATA[http://www.firstories.com/ReportQuery]]></EventKey>
<MenuId>416663992</MenuId>
</xml>

2017-07-25 16:29:55 params :
------------
String:
array (
  'message' => 
  array (
    'tousername' => 'gh_9312a3c1979a',
    'fromusername' => 'o6A_bwGrzaeFrlVWvk03IHIECY4U',
    'createtime' => '1500971384',
    'msgtype' => 'event',
    'event' => 'VIEW',
    'eventkey' => 'http://www.firstories.com/ReportQuery',
    'menuid' => '416663992',
    'from' => 'o6A_bwGrzaeFrlVWvk03IHIECY4U',
    'to' => 'gh_9312a3c1979a',
    'time' => '1500971384',
    'type' => 'text',
    'content' => '关注回复',
    'redirection' => true,
    'source' => 'default',
    'original' => 'http://www.firstories.com/ReportQuery',
  ),
  'module' => 'basic',
  'rule' => '11',
  'priority' => '0',
  'keyword' => 
  array (
    'id' => '16',
    'rid' => '11',
    'uniacid' => '1',
    'module' => 'basic',
    'content' => '关注回复',
    'type' => '1',
    'displayorder' => '0',
    'status' => '1',
  ),
)

2017-07-25 16:29:55 response :
------------
Array:
FromUserName : gh_9312a3c1979a ;
ToUserName : o6A_bwGrzaeFrlVWvk03IHIECY4U ;
MsgType : text ;
Content : 欢迎关注：Babyfirst科学育儿！
在这里，你可以从基因角度了解宝宝育儿知识，让育儿更省心省力！
免费提供遗传咨询服务，为您解答一般育儿公众号无法解答的难题！ ;

2017-07-25 16:30:00 trace :
------------
String:
<xml><ToUserName><![CDATA[gh_9312a3c1979a]]></ToUserName>
<FromUserName><![CDATA[o6A_bwGrzaeFrlVWvk03IHIECY4U]]></FromUserName>
<CreateTime>1500971389</CreateTime>
<MsgType><![CDATA[event]]></MsgType>
<Event><![CDATA[VIEW]]></Event>
<EventKey><![CDATA[http://mp.weixin.qq.com/s?__biz=MzIzNTU4MTkyOA==&mid=100000616&idx=1&sn=090a00e6f879a124c1514133a0b241e0&chksm=68e5bbef5f9232f97476305959777f15648b726e71b41cc06ae33b7e13660d437f1ad58fc1d8&scene=18#wechat_redirect]]></EventKey>
<MenuId>416663992</MenuId>
</xml>

2017-07-25 16:30:00 params :
------------
String:
array (
  'message' => 
  array (
    'tousername' => 'gh_9312a3c1979a',
    'fromusername' => 'o6A_bwGrzaeFrlVWvk03IHIECY4U',
    'createtime' => '1500971389',
    'msgtype' => 'event',
    'event' => 'VIEW',
    'eventkey' => 'http://mp.weixin.qq.com/s?__biz=MzIzNTU4MTkyOA==&mid=100000616&idx=1&sn=090a00e6f879a124c1514133a0b241e0&chksm=68e5bbef5f9232f97476305959777f15648b726e71b41cc06ae33b7e13660d437f1ad58fc1d8&scene=18#wechat_redirect',
    'menuid' => '416663992',
    'from' => 'o6A_bwGrzaeFrlVWvk03IHIECY4U',
    'to' => 'gh_9312a3c1979a',
    'time' => '1500971389',
    'type' => 'text',
    'content' => '关注回复',
    'redirection' => true,
    'source' => 'default',
    'original' => 'http://mp.weixin.qq.com/s?__biz=MzIzNTU4MTkyOA==&mid=100000616&idx=1&sn=090a00e6f879a124c1514133a0b241e0&chksm=68e5bbef5f9232f97476305959777f15648b726e71b41cc06ae33b7e13660d437f1ad58fc1d8&scene=18#wechat_redirect',
  ),
  'module' => 'basic',
  'rule' => '11',
  'priority' => '0',
  'keyword' => 
  array (
    'id' => '16',
    'rid' => '11',
    'uniacid' => '1',
    'module' => 'basic',
    'content' => '关注回复',
    'type' => '1',
    'displayorder' => '0',
    'status' => '1',
  ),
)

2017-07-25 16:30:00 response :
------------
Array:
FromUserName : gh_9312a3c1979a ;
ToUserName : o6A_bwGrzaeFrlVWvk03IHIECY4U ;
MsgType : text ;
Content : 欢迎关注：Babyfirst科学育儿！
在这里，你可以从基因角度了解宝宝育儿知识，让育儿更省心省力！
免费提供遗传咨询服务，为您解答一般育儿公众号无法解答的难题！ ;

2017-07-25 16:30:04 trace :
------------
String:
<xml><ToUserName><![CDATA[gh_9312a3c1979a]]></ToUserName>
<FromUserName><![CDATA[o6A_bwGrzaeFrlVWvk03IHIECY4U]]></FromUserName>
<CreateTime>1500971393</CreateTime>
<MsgType><![CDATA[event]]></MsgType>
<Event><![CDATA[VIEW]]></Event>
<EventKey><![CDATA[http://www.firstories.com/ReportQuery]]></EventKey>
<MenuId>416663992</MenuId>
</xml>

2017-07-25 16:30:04 params :
------------
String:
array (
  'message' => 
  array (
    'tousername' => 'gh_9312a3c1979a',
    'fromusername' => 'o6A_bwGrzaeFrlVWvk03IHIECY4U',
    'createtime' => '1500971393',
    'msgtype' => 'event',
    'event' => 'VIEW',
    'eventkey' => 'http://www.firstories.com/ReportQuery',
    'menuid' => '416663992',
    'from' => 'o6A_bwGrzaeFrlVWvk03IHIECY4U',
    'to' => 'gh_9312a3c1979a',
    'time' => '1500971393',
    'type' => 'text',
    'content' => '关注回复',
    'redirection' => true,
    'source' => 'default',
    'original' => 'http://www.firstories.com/ReportQuery',
  ),
  'module' => 'basic',
  'rule' => '11',
  'priority' => '0',
  'keyword' => 
  array (
    'id' => '16',
    'rid' => '11',
    'uniacid' => '1',
    'module' => 'basic',
    'content' => '关注回复',
    'type' => '1',
    'displayorder' => '0',
    'status' => '1',
  ),
)

2017-07-25 16:30:04 response :
------------
Array:
FromUserName : gh_9312a3c1979a ;
ToUserName : o6A_bwGrzaeFrlVWvk03IHIECY4U ;
MsgType : text ;
Content : 欢迎关注：Babyfirst科学育儿！
在这里，你可以从基因角度了解宝宝育儿知识，让育儿更省心省力！
免费提供遗传咨询服务，为您解答一般育儿公众号无法解答的难题！ ;

2017-07-25 16:31:04 trace :
------------
String:
<xml><ToUserName><![CDATA[gh_9312a3c1979a]]></ToUserName>
<FromUserName><![CDATA[o6A_bwGrzaeFrlVWvk03IHIECY4U]]></FromUserName>
<CreateTime>1500971454</CreateTime>
<MsgType><![CDATA[event]]></MsgType>
<Event><![CDATA[LOCATION]]></Event>
<Latitude>22.526068</Latitude>
<Longitude>113.933891</Longitude>
<Precision>65.000000</Precision>
</xml>

2017-07-25 16:31:04 params :
------------
String:
array (
  'message' => 
  array (
    'tousername' => 'gh_9312a3c1979a',
    'fromusername' => 'o6A_bwGrzaeFrlVWvk03IHIECY4U',
    'createtime' => '1500971454',
    'msgtype' => 'event',
    'event' => 'LOCATION',
    'latitude' => '22.526068',
    'longitude' => '113.933891',
    'precision' => '65.000000',
    'from' => 'o6A_bwGrzaeFrlVWvk03IHIECY4U',
    'to' => 'gh_9312a3c1979a',
    'time' => '1500971454',
    'type' => 'trace',
    'location_x' => '22.526068',
    'location_y' => '113.933891',
  ),
  'module' => 'default',
  'rule' => '-1',
)

2017-07-25 16:31:04 response :
------------
Array:
errno : -1 ;
message : Invaild value ;

2017-07-25 16:31:06 trace :
------------
String:
<xml><ToUserName><![CDATA[gh_9312a3c1979a]]></ToUserName>
<FromUserName><![CDATA[o6A_bwGrzaeFrlVWvk03IHIECY4U]]></FromUserName>
<CreateTime>1500971455</CreateTime>
<MsgType><![CDATA[event]]></MsgType>
<Event><![CDATA[VIEW]]></Event>
<EventKey><![CDATA[http://www.firstories.com/ReportQuery]]></EventKey>
<MenuId>416663992</MenuId>
</xml>

2017-07-25 16:31:06 params :
------------
String:
array (
  'message' => 
  array (
    'tousername' => 'gh_9312a3c1979a',
    'fromusername' => 'o6A_bwGrzaeFrlVWvk03IHIECY4U',
    'createtime' => '1500971455',
    'msgtype' => 'event',
    'event' => 'VIEW',
    'eventkey' => 'http://www.firstories.com/ReportQuery',
    'menuid' => '416663992',
    'from' => 'o6A_bwGrzaeFrlVWvk03IHIECY4U',
    'to' => 'gh_9312a3c1979a',
    'time' => '1500971455',
    'type' => 'text',
    'content' => '关注回复',
    'redirection' => true,
    'source' => 'default',
    'original' => 'http://www.firstories.com/ReportQuery',
  ),
  'module' => 'basic',
  'rule' => '11',
  'priority' => '0',
  'keyword' => 
  array (
    'id' => '16',
    'rid' => '11',
    'uniacid' => '1',
    'module' => 'basic',
    'content' => '关注回复',
    'type' => '1',
    'displayorder' => '0',
    'status' => '1',
  ),
)

2017-07-25 16:31:06 response :
------------
Array:
FromUserName : gh_9312a3c1979a ;
ToUserName : o6A_bwGrzaeFrlVWvk03IHIECY4U ;
MsgType : text ;
Content : 欢迎关注：Babyfirst科学育儿！
在这里，你可以从基因角度了解宝宝育儿知识，让育儿更省心省力！
免费提供遗传咨询服务，为您解答一般育儿公众号无法解答的难题！ ;

2017-07-25 17:14:44 trace :
------------
String:
<xml><ToUserName><![CDATA[gh_9312a3c1979a]]></ToUserName>
<FromUserName><![CDATA[o6A_bwGrzaeFrlVWvk03IHIECY4U]]></FromUserName>
<CreateTime>1500974073</CreateTime>
<MsgType><![CDATA[event]]></MsgType>
<Event><![CDATA[VIEW]]></Event>
<EventKey><![CDATA[http://www.firstories.com/ReportQuery]]></EventKey>
<MenuId>416663992</MenuId>
</xml>

2017-07-25 17:14:44 params :
------------
String:
array (
  'message' => 
  array (
    'tousername' => 'gh_9312a3c1979a',
    'fromusername' => 'o6A_bwGrzaeFrlVWvk03IHIECY4U',
    'createtime' => '1500974073',
    'msgtype' => 'event',
    'event' => 'VIEW',
    'eventkey' => 'http://www.firstories.com/ReportQuery',
    'menuid' => '416663992',
    'from' => 'o6A_bwGrzaeFrlVWvk03IHIECY4U',
    'to' => 'gh_9312a3c1979a',
    'time' => '1500974073',
    'type' => 'text',
    'content' => '关注回复',
    'redirection' => true,
    'source' => 'default',
    'original' => 'http://www.firstories.com/ReportQuery',
  ),
  'module' => 'basic',
  'rule' => '11',
  'priority' => '0',
  'keyword' => 
  array (
    'id' => '16',
    'rid' => '11',
    'uniacid' => '1',
    'module' => 'basic',
    'content' => '关注回复',
    'type' => '1',
    'displayorder' => '0',
    'status' => '1',
  ),
)

2017-07-25 17:14:44 response :
------------
Array:
FromUserName : gh_9312a3c1979a ;
ToUserName : o6A_bwGrzaeFrlVWvk03IHIECY4U ;
MsgType : text ;
Content : 欢迎关注：Babyfirst科学育儿！
在这里，你可以从基因角度了解宝宝育儿知识，让育儿更省心省力！
免费提供遗传咨询服务，为您解答一般育儿公众号无法解答的难题！ ;

2017-07-25 17:48:34 trace :
------------
String:
<xml><ToUserName><![CDATA[gh_9312a3c1979a]]></ToUserName>
<FromUserName><![CDATA[o6A_bwAFw9wkD-1OzzElUM4jvVpU]]></FromUserName>
<CreateTime>1500976103</CreateTime>
<MsgType><![CDATA[event]]></MsgType>
<Event><![CDATA[LOCATION]]></Event>
<Latitude>22.526051</Latitude>
<Longitude>113.933769</Longitude>
<Precision>65.000000</Precision>
</xml>

2017-07-25 17:48:34 params :
------------
String:
array (
  'message' => 
  array (
    'tousername' => 'gh_9312a3c1979a',
    'fromusername' => 'o6A_bwAFw9wkD-1OzzElUM4jvVpU',
    'createtime' => '1500976103',
    'msgtype' => 'event',
    'event' => 'LOCATION',
    'latitude' => '22.526051',
    'longitude' => '113.933769',
    'precision' => '65.000000',
    'from' => 'o6A_bwAFw9wkD-1OzzElUM4jvVpU',
    'to' => 'gh_9312a3c1979a',
    'time' => '1500976103',
    'type' => 'trace',
    'location_x' => '22.526051',
    'location_y' => '113.933769',
  ),
  'module' => 'default',
  'rule' => '-1',
)

2017-07-25 17:48:34 response :
------------
Array:
errno : -1 ;
message : Invaild value ;

2017-07-25 17:48:35 trace :
------------
String:
<xml><ToUserName><![CDATA[gh_9312a3c1979a]]></ToUserName>
<FromUserName><![CDATA[o6A_bwAFw9wkD-1OzzElUM4jvVpU]]></FromUserName>
<CreateTime>1500976104</CreateTime>
<MsgType><![CDATA[event]]></MsgType>
<Event><![CDATA[VIEW]]></Event>
<EventKey><![CDATA[http://www.firstories.com/ReportQuery]]></EventKey>
<MenuId>416663992</MenuId>
</xml>

2017-07-25 17:48:35 params :
------------
String:
array (
  'message' => 
  array (
    'tousername' => 'gh_9312a3c1979a',
    'fromusername' => 'o6A_bwAFw9wkD-1OzzElUM4jvVpU',
    'createtime' => '1500976104',
    'msgtype' => 'event',
    'event' => 'VIEW',
    'eventkey' => 'http://www.firstories.com/ReportQuery',
    'menuid' => '416663992',
    'from' => 'o6A_bwAFw9wkD-1OzzElUM4jvVpU',
    'to' => 'gh_9312a3c1979a',
    'time' => '1500976104',
    'type' => 'text',
    'content' => '关注回复',
    'redirection' => true,
    'source' => 'default',
    'original' => 'http://www.firstories.com/ReportQuery',
  ),
  'module' => 'basic',
  'rule' => '11',
  'priority' => '0',
  'keyword' => 
  array (
    'id' => '16',
    'rid' => '11',
    'uniacid' => '1',
    'module' => 'basic',
    'content' => '关注回复',
    'type' => '1',
    'displayorder' => '0',
    'status' => '1',
  ),
)

2017-07-25 17:48:35 response :
------------
Array:
FromUserName : gh_9312a3c1979a ;
ToUserName : o6A_bwAFw9wkD-1OzzElUM4jvVpU ;
MsgType : text ;
Content : 欢迎关注：Babyfirst科学育儿！
在这里，你可以从基因角度了解宝宝育儿知识，让育儿更省心省力！
免费提供遗传咨询服务，为您解答一般育儿公众号无法解答的难题！ ;

2017-07-25 17:48:47 trace :
------------
String:
<xml><ToUserName><![CDATA[gh_9312a3c1979a]]></ToUserName>
<FromUserName><![CDATA[o6A_bwAFw9wkD-1OzzElUM4jvVpU]]></FromUserName>
<CreateTime>1500976116</CreateTime>
<MsgType><![CDATA[event]]></MsgType>
<Event><![CDATA[VIEW]]></Event>
<EventKey><![CDATA[http://www.firstories.com/ReportQuery]]></EventKey>
<MenuId>416663992</MenuId>
</xml>

2017-07-25 17:48:47 params :
------------
String:
array (
  'message' => 
  array (
    'tousername' => 'gh_9312a3c1979a',
    'fromusername' => 'o6A_bwAFw9wkD-1OzzElUM4jvVpU',
    'createtime' => '1500976116',
    'msgtype' => 'event',
    'event' => 'VIEW',
    'eventkey' => 'http://www.firstories.com/ReportQuery',
    'menuid' => '416663992',
    'from' => 'o6A_bwAFw9wkD-1OzzElUM4jvVpU',
    'to' => 'gh_9312a3c1979a',
    'time' => '1500976116',
    'type' => 'text',
    'content' => '关注回复',
    'redirection' => true,
    'source' => 'default',
    'original' => 'http://www.firstories.com/ReportQuery',
  ),
  'module' => 'basic',
  'rule' => '11',
  'priority' => '0',
  'keyword' => 
  array (
    'id' => '16',
    'rid' => '11',
    'uniacid' => '1',
    'module' => 'basic',
    'content' => '关注回复',
    'type' => '1',
    'displayorder' => '0',
    'status' => '1',
  ),
)

2017-07-25 17:48:47 response :
------------
Array:
FromUserName : gh_9312a3c1979a ;
ToUserName : o6A_bwAFw9wkD-1OzzElUM4jvVpU ;
MsgType : text ;
Content : 欢迎关注：Babyfirst科学育儿！
在这里，你可以从基因角度了解宝宝育儿知识，让育儿更省心省力！
免费提供遗传咨询服务，为您解答一般育儿公众号无法解答的难题！ ;

2017-07-25 17:50:01 trace :
------------
String:
<xml><ToUserName><![CDATA[gh_9312a3c1979a]]></ToUserName>
<FromUserName><![CDATA[o6A_bwAFw9wkD-1OzzElUM4jvVpU]]></FromUserName>
<CreateTime>1500976191</CreateTime>
<MsgType><![CDATA[event]]></MsgType>
<Event><![CDATA[LOCATION]]></Event>
<Latitude>22.526058</Latitude>
<Longitude>113.933777</Longitude>
<Precision>65.000000</Precision>
</xml>

2017-07-25 17:50:01 params :
------------
String:
array (
  'message' => 
  array (
    'tousername' => 'gh_9312a3c1979a',
    'fromusername' => 'o6A_bwAFw9wkD-1OzzElUM4jvVpU',
    'createtime' => '1500976191',
    'msgtype' => 'event',
    'event' => 'LOCATION',
    'latitude' => '22.526058',
    'longitude' => '113.933777',
    'precision' => '65.000000',
    'from' => 'o6A_bwAFw9wkD-1OzzElUM4jvVpU',
    'to' => 'gh_9312a3c1979a',
    'time' => '1500976191',
    'type' => 'trace',
    'location_x' => '22.526058',
    'location_y' => '113.933777',
  ),
  'module' => 'default',
  'rule' => '-1',
)

2017-07-25 17:50:01 response :
------------
Array:
errno : -1 ;
message : Invaild value ;

2017-07-25 18:03:02 trace :
------------
String:
<xml><ToUserName><![CDATA[gh_9312a3c1979a]]></ToUserName>
<FromUserName><![CDATA[o6A_bwNvFwl-3enEP7t-40PTV3LI]]></FromUserName>
<CreateTime>1500976971</CreateTime>
<MsgType><![CDATA[event]]></MsgType>
<Event><![CDATA[LOCATION]]></Event>
<Latitude>22.591213</Latitude>
<Longitude>113.952057</Longitude>
<Precision>30.000000</Precision>
</xml>

2017-07-25 18:03:02 params :
------------
String:
array (
  'message' => 
  array (
    'tousername' => 'gh_9312a3c1979a',
    'fromusername' => 'o6A_bwNvFwl-3enEP7t-40PTV3LI',
    'createtime' => '1500976971',
    'msgtype' => 'event',
    'event' => 'LOCATION',
    'latitude' => '22.591213',
    'longitude' => '113.952057',
    'precision' => '30.000000',
    'from' => 'o6A_bwNvFwl-3enEP7t-40PTV3LI',
    'to' => 'gh_9312a3c1979a',
    'time' => '1500976971',
    'type' => 'trace',
    'location_x' => '22.591213',
    'location_y' => '113.952057',
  ),
  'module' => 'default',
  'rule' => '-1',
)

2017-07-25 18:03:02 response :
------------
Array:
errno : -1 ;
message : Invaild value ;

2017-07-25 18:03:03 trace :
------------
String:
<xml><ToUserName><![CDATA[gh_9312a3c1979a]]></ToUserName>
<FromUserName><![CDATA[o6A_bwNvFwl-3enEP7t-40PTV3LI]]></FromUserName>
<CreateTime>1500976972</CreateTime>
<MsgType><![CDATA[event]]></MsgType>
<Event><![CDATA[CLICK]]></Event>
<EventKey><![CDATA[图文回复规则1]]></EventKey>
</xml>

2017-07-25 18:03:03 params :
------------
String:
array (
  'message' => 
  array (
    'tousername' => 'gh_9312a3c1979a',
    'fromusername' => 'o6A_bwNvFwl-3enEP7t-40PTV3LI',
    'createtime' => '1500976972',
    'msgtype' => 'event',
    'event' => 'CLICK',
    'eventkey' => '图文回复规则1',
    'from' => 'o6A_bwNvFwl-3enEP7t-40PTV3LI',
    'to' => 'gh_9312a3c1979a',
    'time' => '1500976972',
    'type' => 'text',
    'content' => '图文回复规则1',
    'redirection' => true,
    'source' => 'click',
  ),
  'module' => 'news',
  'rule' => '12',
  'priority' => '0',
  'keyword' => 
  array (
    'id' => '17',
    'rid' => '12',
    'uniacid' => '1',
    'module' => 'news',
    'content' => '图文回复规则1',
    'type' => '1',
    'displayorder' => '0',
    'status' => '1',
  ),
)

2017-07-25 18:03:03 response :
------------
Array:
FromUserName : gh_9312a3c1979a ;
ToUserName : o6A_bwNvFwl-3enEP7t-40PTV3LI ;
MsgType : news ;
ArticleCount : 1 ;
Articles : Array ;

2017-07-25 18:03:06 trace :
------------
String:
<xml><ToUserName><![CDATA[gh_9312a3c1979a]]></ToUserName>
<FromUserName><![CDATA[o6A_bwNvFwl-3enEP7t-40PTV3LI]]></FromUserName>
<CreateTime>1500976975</CreateTime>
<MsgType><![CDATA[event]]></MsgType>
<Event><![CDATA[CLICK]]></Event>
<EventKey><![CDATA[图文回复规则1]]></EventKey>
</xml>

2017-07-25 18:03:06 params :
------------
String:
array (
  'message' => 
  array (
    'tousername' => 'gh_9312a3c1979a',
    'fromusername' => 'o6A_bwNvFwl-3enEP7t-40PTV3LI',
    'createtime' => '1500976975',
    'msgtype' => 'event',
    'event' => 'CLICK',
    'eventkey' => '图文回复规则1',
    'from' => 'o6A_bwNvFwl-3enEP7t-40PTV3LI',
    'to' => 'gh_9312a3c1979a',
    'time' => '1500976975',
    'type' => 'text',
    'content' => '图文回复规则1',
    'redirection' => true,
    'source' => 'click',
  ),
  'module' => 'news',
  'rule' => '12',
  'priority' => '0',
  'keyword' => 
  array (
    'id' => '17',
    'rid' => '12',
    'uniacid' => '1',
    'module' => 'news',
    'content' => '图文回复规则1',
    'type' => '1',
    'displayorder' => '0',
    'status' => '1',
  ),
)

2017-07-25 18:03:06 response :
------------
Array:
FromUserName : gh_9312a3c1979a ;
ToUserName : o6A_bwNvFwl-3enEP7t-40PTV3LI ;
MsgType : news ;
ArticleCount : 1 ;
Articles : Array ;

2017-07-25 18:03:55 trace :
------------
String:
<xml><ToUserName><![CDATA[gh_9312a3c1979a]]></ToUserName>
<FromUserName><![CDATA[o6A_bwNvFwl-3enEP7t-40PTV3LI]]></FromUserName>
<CreateTime>1500977024</CreateTime>
<MsgType><![CDATA[event]]></MsgType>
<Event><![CDATA[LOCATION]]></Event>
<Latitude>22.591213</Latitude>
<Longitude>113.952057</Longitude>
<Precision>30.000000</Precision>
</xml>

2017-07-25 18:03:55 params :
------------
String:
array (
  'message' => 
  array (
    'tousername' => 'gh_9312a3c1979a',
    'fromusername' => 'o6A_bwNvFwl-3enEP7t-40PTV3LI',
    'createtime' => '1500977024',
    'msgtype' => 'event',
    'event' => 'LOCATION',
    'latitude' => '22.591213',
    'longitude' => '113.952057',
    'precision' => '30.000000',
    'from' => 'o6A_bwNvFwl-3enEP7t-40PTV3LI',
    'to' => 'gh_9312a3c1979a',
    'time' => '1500977024',
    'type' => 'trace',
    'location_x' => '22.591213',
    'location_y' => '113.952057',
  ),
  'module' => 'default',
  'rule' => '-1',
)

2017-07-25 18:03:55 response :
------------
Array:
errno : -1 ;
message : Invaild value ;

2017-07-25 18:03:57 trace :
------------
String:
<xml><ToUserName><![CDATA[gh_9312a3c1979a]]></ToUserName>
<FromUserName><![CDATA[o6A_bwNvFwl-3enEP7t-40PTV3LI]]></FromUserName>
<CreateTime>1500977026</CreateTime>
<MsgType><![CDATA[event]]></MsgType>
<Event><![CDATA[CLICK]]></Event>
<EventKey><![CDATA[图文回复规则1]]></EventKey>
</xml>

2017-07-25 18:03:57 params :
------------
String:
array (
  'message' => 
  array (
    'tousername' => 'gh_9312a3c1979a',
    'fromusername' => 'o6A_bwNvFwl-3enEP7t-40PTV3LI',
    'createtime' => '1500977026',
    'msgtype' => 'event',
    'event' => 'CLICK',
    'eventkey' => '图文回复规则1',
    'from' => 'o6A_bwNvFwl-3enEP7t-40PTV3LI',
    'to' => 'gh_9312a3c1979a',
    'time' => '1500977026',
    'type' => 'text',
    'content' => '图文回复规则1',
    'redirection' => true,
    'source' => 'click',
  ),
  'module' => 'news',
  'rule' => '12',
  'priority' => '0',
  'keyword' => 
  array (
    'id' => '17',
    'rid' => '12',
    'uniacid' => '1',
    'module' => 'news',
    'content' => '图文回复规则1',
    'type' => '1',
    'displayorder' => '0',
    'status' => '1',
  ),
)

2017-07-25 18:03:57 response :
------------
Array:
FromUserName : gh_9312a3c1979a ;
ToUserName : o6A_bwNvFwl-3enEP7t-40PTV3LI ;
MsgType : news ;
ArticleCount : 1 ;
Articles : Array ;

2017-07-25 18:06:16 trace :
------------
String:
<xml><ToUserName><![CDATA[gh_9312a3c1979a]]></ToUserName>
<FromUserName><![CDATA[o6A_bwGrzaeFrlVWvk03IHIECY4U]]></FromUserName>
<CreateTime>1500977165</CreateTime>
<MsgType><![CDATA[event]]></MsgType>
<Event><![CDATA[CLICK]]></Event>
<EventKey><![CDATA[图文回复规则1]]></EventKey>
</xml>

2017-07-25 18:06:16 params :
------------
String:
array (
  'message' => 
  array (
    'tousername' => 'gh_9312a3c1979a',
    'fromusername' => 'o6A_bwGrzaeFrlVWvk03IHIECY4U',
    'createtime' => '1500977165',
    'msgtype' => 'event',
    'event' => 'CLICK',
    'eventkey' => '图文回复规则1',
    'from' => 'o6A_bwGrzaeFrlVWvk03IHIECY4U',
    'to' => 'gh_9312a3c1979a',
    'time' => '1500977165',
    'type' => 'text',
    'content' => '图文回复规则1',
    'redirection' => true,
    'source' => 'click',
  ),
  'module' => 'news',
  'rule' => '12',
  'priority' => '0',
  'keyword' => 
  array (
    'id' => '17',
    'rid' => '12',
    'uniacid' => '1',
    'module' => 'news',
    'content' => '图文回复规则1',
    'type' => '1',
    'displayorder' => '0',
    'status' => '1',
  ),
)

2017-07-25 18:06:16 response :
------------
Array:
FromUserName : gh_9312a3c1979a ;
ToUserName : o6A_bwGrzaeFrlVWvk03IHIECY4U ;
MsgType : news ;
ArticleCount : 1 ;
Articles : Array ;

2017-07-25 18:06:26 trace :
------------
String:
<xml><ToUserName><![CDATA[gh_9312a3c1979a]]></ToUserName>
<FromUserName><![CDATA[o6A_bwGrzaeFrlVWvk03IHIECY4U]]></FromUserName>
<CreateTime>1500977175</CreateTime>
<MsgType><![CDATA[event]]></MsgType>
<Event><![CDATA[CLICK]]></Event>
<EventKey><![CDATA[图文回复规则1]]></EventKey>
</xml>

2017-07-25 18:06:26 params :
------------
String:
array (
  'message' => 
  array (
    'tousername' => 'gh_9312a3c1979a',
    'fromusername' => 'o6A_bwGrzaeFrlVWvk03IHIECY4U',
    'createtime' => '1500977175',
    'msgtype' => 'event',
    'event' => 'CLICK',
    'eventkey' => '图文回复规则1',
    'from' => 'o6A_bwGrzaeFrlVWvk03IHIECY4U',
    'to' => 'gh_9312a3c1979a',
    'time' => '1500977175',
    'type' => 'text',
    'content' => '图文回复规则1',
    'redirection' => true,
    'source' => 'click',
  ),
  'module' => 'news',
  'rule' => '12',
  'priority' => '0',
  'keyword' => 
  array (
    'id' => '17',
    'rid' => '12',
    'uniacid' => '1',
    'module' => 'news',
    'content' => '图文回复规则1',
    'type' => '1',
    'displayorder' => '0',
    'status' => '1',
  ),
)

2017-07-25 18:06:26 response :
------------
Array:
FromUserName : gh_9312a3c1979a ;
ToUserName : o6A_bwGrzaeFrlVWvk03IHIECY4U ;
MsgType : news ;
ArticleCount : 1 ;
Articles : Array ;

2017-07-25 18:07:07 trace :
------------
String:
<xml><ToUserName><![CDATA[gh_9312a3c1979a]]></ToUserName>
<FromUserName><![CDATA[o6A_bwGrzaeFrlVWvk03IHIECY4U]]></FromUserName>
<CreateTime>1500977216</CreateTime>
<MsgType><![CDATA[event]]></MsgType>
<Event><![CDATA[LOCATION]]></Event>
<Latitude>22.526077</Latitude>
<Longitude>113.933838</Longitude>
<Precision>65.000000</Precision>
</xml>

2017-07-25 18:07:07 params :
------------
String:
array (
  'message' => 
  array (
    'tousername' => 'gh_9312a3c1979a',
    'fromusername' => 'o6A_bwGrzaeFrlVWvk03IHIECY4U',
    'createtime' => '1500977216',
    'msgtype' => 'event',
    'event' => 'LOCATION',
    'latitude' => '22.526077',
    'longitude' => '113.933838',
    'precision' => '65.000000',
    'from' => 'o6A_bwGrzaeFrlVWvk03IHIECY4U',
    'to' => 'gh_9312a3c1979a',
    'time' => '1500977216',
    'type' => 'trace',
    'location_x' => '22.526077',
    'location_y' => '113.933838',
  ),
  'module' => 'default',
  'rule' => '-1',
)

2017-07-25 18:07:07 response :
------------
Array:
errno : -1 ;
message : Invaild value ;

2017-07-25 18:07:09 trace :
------------
String:
<xml><ToUserName><![CDATA[gh_9312a3c1979a]]></ToUserName>
<FromUserName><![CDATA[o6A_bwGrzaeFrlVWvk03IHIECY4U]]></FromUserName>
<CreateTime>1500977218</CreateTime>
<MsgType><![CDATA[event]]></MsgType>
<Event><![CDATA[CLICK]]></Event>
<EventKey><![CDATA[图文回复规则1]]></EventKey>
</xml>

2017-07-25 18:07:09 params :
------------
String:
array (
  'message' => 
  array (
    'tousername' => 'gh_9312a3c1979a',
    'fromusername' => 'o6A_bwGrzaeFrlVWvk03IHIECY4U',
    'createtime' => '1500977218',
    'msgtype' => 'event',
    'event' => 'CLICK',
    'eventkey' => '图文回复规则1',
    'from' => 'o6A_bwGrzaeFrlVWvk03IHIECY4U',
    'to' => 'gh_9312a3c1979a',
    'time' => '1500977218',
    'type' => 'text',
    'content' => '图文回复规则1',
    'redirection' => true,
    'source' => 'click',
  ),
  'module' => 'news',
  'rule' => '12',
  'priority' => '0',
  'keyword' => 
  array (
    'id' => '17',
    'rid' => '12',
    'uniacid' => '1',
    'module' => 'news',
    'content' => '图文回复规则1',
    'type' => '1',
    'displayorder' => '0',
    'status' => '1',
  ),
)

2017-07-25 18:07:09 response :
------------
Array:
FromUserName : gh_9312a3c1979a ;
ToUserName : o6A_bwGrzaeFrlVWvk03IHIECY4U ;
MsgType : news ;
ArticleCount : 1 ;
Articles : Array ;

2017-07-25 19:39:38 trace :
------------
String:
<xml><ToUserName><![CDATA[gh_9312a3c1979a]]></ToUserName>
<FromUserName><![CDATA[o6A_bwNvFwl-3enEP7t-40PTV3LI]]></FromUserName>
<CreateTime>1500982767</CreateTime>
<MsgType><![CDATA[event]]></MsgType>
<Event><![CDATA[CLICK]]></Event>
<EventKey><![CDATA[图文回复规则1]]></EventKey>
</xml>

2017-07-25 19:39:38 params :
------------
String:
array (
  'message' => 
  array (
    'tousername' => 'gh_9312a3c1979a',
    'fromusername' => 'o6A_bwNvFwl-3enEP7t-40PTV3LI',
    'createtime' => '1500982767',
    'msgtype' => 'event',
    'event' => 'CLICK',
    'eventkey' => '图文回复规则1',
    'from' => 'o6A_bwNvFwl-3enEP7t-40PTV3LI',
    'to' => 'gh_9312a3c1979a',
    'time' => '1500982767',
    'type' => 'text',
    'content' => '图文回复规则1',
    'redirection' => true,
    'source' => 'click',
  ),
  'module' => 'news',
  'rule' => '12',
  'priority' => '0',
  'keyword' => 
  array (
    'id' => '17',
    'rid' => '12',
    'uniacid' => '1',
    'module' => 'news',
    'content' => '图文回复规则1',
    'type' => '1',
    'displayorder' => '0',
    'status' => '1',
  ),
)

2017-07-25 19:39:38 response :
------------
Array:
FromUserName : gh_9312a3c1979a ;
ToUserName : o6A_bwNvFwl-3enEP7t-40PTV3LI ;
MsgType : news ;
ArticleCount : 1 ;
Articles : Array ;

2017-07-25 19:39:39 trace :
------------
String:
<xml><ToUserName><![CDATA[gh_9312a3c1979a]]></ToUserName>
<FromUserName><![CDATA[o6A_bwNvFwl-3enEP7t-40PTV3LI]]></FromUserName>
<CreateTime>1500982768</CreateTime>
<MsgType><![CDATA[event]]></MsgType>
<Event><![CDATA[LOCATION]]></Event>
<Latitude>22.591215</Latitude>
<Longitude>113.952072</Longitude>
<Precision>30.000000</Precision>
</xml>

2017-07-25 19:39:39 params :
------------
String:
array (
  'message' => 
  array (
    'tousername' => 'gh_9312a3c1979a',
    'fromusername' => 'o6A_bwNvFwl-3enEP7t-40PTV3LI',
    'createtime' => '1500982768',
    'msgtype' => 'event',
    'event' => 'LOCATION',
    'latitude' => '22.591215',
    'longitude' => '113.952072',
    'precision' => '30.000000',
    'from' => 'o6A_bwNvFwl-3enEP7t-40PTV3LI',
    'to' => 'gh_9312a3c1979a',
    'time' => '1500982768',
    'type' => 'trace',
    'location_x' => '22.591215',
    'location_y' => '113.952072',
  ),
  'module' => 'default',
  'rule' => '-1',
)

2017-07-25 19:39:39 response :
------------
Array:
errno : -1 ;
message : Invaild value ;

2017-07-25 19:39:40 trace :
------------
String:
<xml><ToUserName><![CDATA[gh_9312a3c1979a]]></ToUserName>
<FromUserName><![CDATA[o6A_bwNvFwl-3enEP7t-40PTV3LI]]></FromUserName>
<CreateTime>1500982770</CreateTime>
<MsgType><![CDATA[event]]></MsgType>
<Event><![CDATA[CLICK]]></Event>
<EventKey><![CDATA[图文回复规则1]]></EventKey>
</xml>

2017-07-25 19:39:40 params :
------------
String:
array (
  'message' => 
  array (
    'tousername' => 'gh_9312a3c1979a',
    'fromusername' => 'o6A_bwNvFwl-3enEP7t-40PTV3LI',
    'createtime' => '1500982770',
    'msgtype' => 'event',
    'event' => 'CLICK',
    'eventkey' => '图文回复规则1',
    'from' => 'o6A_bwNvFwl-3enEP7t-40PTV3LI',
    'to' => 'gh_9312a3c1979a',
    'time' => '1500982770',
    'type' => 'text',
    'content' => '图文回复规则1',
    'redirection' => true,
    'source' => 'click',
  ),
  'module' => 'news',
  'rule' => '12',
  'priority' => '0',
  'keyword' => 
  array (
    'id' => '17',
    'rid' => '12',
    'uniacid' => '1',
    'module' => 'news',
    'content' => '图文回复规则1',
    'type' => '1',
    'displayorder' => '0',
    'status' => '1',
  ),
)

2017-07-25 19:39:40 response :
------------
Array:
FromUserName : gh_9312a3c1979a ;
ToUserName : o6A_bwNvFwl-3enEP7t-40PTV3LI ;
MsgType : news ;
ArticleCount : 1 ;
Articles : Array ;

2017-07-25 19:39:43 trace :
------------
String:
<xml><ToUserName><![CDATA[gh_9312a3c1979a]]></ToUserName>
<FromUserName><![CDATA[o6A_bwNvFwl-3enEP7t-40PTV3LI]]></FromUserName>
<CreateTime>1500982773</CreateTime>
<MsgType><![CDATA[event]]></MsgType>
<Event><![CDATA[VIEW]]></Event>
<EventKey><![CDATA[http://www.firstories.com/ReportQuery]]></EventKey>
<MenuId>416680835</MenuId>
</xml>

2017-07-25 19:39:43 params :
------------
String:
array (
  'message' => 
  array (
    'tousername' => 'gh_9312a3c1979a',
    'fromusername' => 'o6A_bwNvFwl-3enEP7t-40PTV3LI',
    'createtime' => '1500982773',
    'msgtype' => 'event',
    'event' => 'VIEW',
    'eventkey' => 'http://www.firstories.com/ReportQuery',
    'menuid' => '416680835',
    'from' => 'o6A_bwNvFwl-3enEP7t-40PTV3LI',
    'to' => 'gh_9312a3c1979a',
    'time' => '1500982773',
    'type' => 'text',
    'content' => '关注回复',
    'redirection' => true,
    'source' => 'default',
    'original' => 'http://www.firstories.com/ReportQuery',
  ),
  'module' => 'basic',
  'rule' => '11',
  'priority' => '0',
  'keyword' => 
  array (
    'id' => '16',
    'rid' => '11',
    'uniacid' => '1',
    'module' => 'basic',
    'content' => '关注回复',
    'type' => '1',
    'displayorder' => '0',
    'status' => '1',
  ),
)

2017-07-25 19:39:43 response :
------------
Array:
FromUserName : gh_9312a3c1979a ;
ToUserName : o6A_bwNvFwl-3enEP7t-40PTV3LI ;
MsgType : text ;
Content : 欢迎关注：Babyfirst科学育儿！
在这里，你可以从基因角度了解宝宝育儿知识，让育儿更省心省力！
免费提供遗传咨询服务，为您解答一般育儿公众号无法解答的难题！ ;

2017-07-25 19:39:51 trace :
------------
String:
<xml><ToUserName><![CDATA[gh_9312a3c1979a]]></ToUserName>
<FromUserName><![CDATA[o6A_bwNvFwl-3enEP7t-40PTV3LI]]></FromUserName>
<CreateTime>1500982780</CreateTime>
<MsgType><![CDATA[event]]></MsgType>
<Event><![CDATA[LOCATION]]></Event>
<Latitude>22.591215</Latitude>
<Longitude>113.952072</Longitude>
<Precision>30.000000</Precision>
</xml>

2017-07-25 19:39:51 params :
------------
String:
array (
  'message' => 
  array (
    'tousername' => 'gh_9312a3c1979a',
    'fromusername' => 'o6A_bwNvFwl-3enEP7t-40PTV3LI',
    'createtime' => '1500982780',
    'msgtype' => 'event',
    'event' => 'LOCATION',
    'latitude' => '22.591215',
    'longitude' => '113.952072',
    'precision' => '30.000000',
    'from' => 'o6A_bwNvFwl-3enEP7t-40PTV3LI',
    'to' => 'gh_9312a3c1979a',
    'time' => '1500982780',
    'type' => 'trace',
    'location_x' => '22.591215',
    'location_y' => '113.952072',
  ),
  'module' => 'default',
  'rule' => '-1',
)

2017-07-25 19:39:51 response :
------------
Array:
errno : -1 ;
message : Invaild value ;

2017-07-25 19:39:53 trace :
------------
String:
<xml><ToUserName><![CDATA[gh_9312a3c1979a]]></ToUserName>
<FromUserName><![CDATA[o6A_bwNvFwl-3enEP7t-40PTV3LI]]></FromUserName>
<CreateTime>1500982782</CreateTime>
<MsgType><![CDATA[event]]></MsgType>
<Event><![CDATA[VIEW]]></Event>
<EventKey><![CDATA[http://www.firstories.com/ReportQuery]]></EventKey>
<MenuId>416680835</MenuId>
</xml>

2017-07-25 19:39:53 params :
------------
String:
array (
  'message' => 
  array (
    'tousername' => 'gh_9312a3c1979a',
    'fromusername' => 'o6A_bwNvFwl-3enEP7t-40PTV3LI',
    'createtime' => '1500982782',
    'msgtype' => 'event',
    'event' => 'VIEW',
    'eventkey' => 'http://www.firstories.com/ReportQuery',
    'menuid' => '416680835',
    'from' => 'o6A_bwNvFwl-3enEP7t-40PTV3LI',
    'to' => 'gh_9312a3c1979a',
    'time' => '1500982782',
    'type' => 'text',
    'content' => '关注回复',
    'redirection' => true,
    'source' => 'default',
    'original' => 'http://www.firstories.com/ReportQuery',
  ),
  'module' => 'basic',
  'rule' => '11',
  'priority' => '0',
  'keyword' => 
  array (
    'id' => '16',
    'rid' => '11',
    'uniacid' => '1',
    'module' => 'basic',
    'content' => '关注回复',
    'type' => '1',
    'displayorder' => '0',
    'status' => '1',
  ),
)

2017-07-25 19:39:53 response :
------------
Array:
FromUserName : gh_9312a3c1979a ;
ToUserName : o6A_bwNvFwl-3enEP7t-40PTV3LI ;
MsgType : text ;
Content : 欢迎关注：Babyfirst科学育儿！
在这里，你可以从基因角度了解宝宝育儿知识，让育儿更省心省力！
免费提供遗传咨询服务，为您解答一般育儿公众号无法解答的难题！ ;

2017-07-25 19:40:01 trace :
------------
String:
<xml><ToUserName><![CDATA[gh_9312a3c1979a]]></ToUserName>
<FromUserName><![CDATA[o6A_bwNvFwl-3enEP7t-40PTV3LI]]></FromUserName>
<CreateTime>1500982790</CreateTime>
<MsgType><![CDATA[event]]></MsgType>
<Event><![CDATA[LOCATION]]></Event>
<Latitude>22.591171</Latitude>
<Longitude>113.952049</Longitude>
<Precision>30.000000</Precision>
</xml>

2017-07-25 19:40:01 params :
------------
String:
array (
  'message' => 
  array (
    'tousername' => 'gh_9312a3c1979a',
    'fromusername' => 'o6A_bwNvFwl-3enEP7t-40PTV3LI',
    'createtime' => '1500982790',
    'msgtype' => 'event',
    'event' => 'LOCATION',
    'latitude' => '22.591171',
    'longitude' => '113.952049',
    'precision' => '30.000000',
    'from' => 'o6A_bwNvFwl-3enEP7t-40PTV3LI',
    'to' => 'gh_9312a3c1979a',
    'time' => '1500982790',
    'type' => 'trace',
    'location_x' => '22.591171',
    'location_y' => '113.952049',
  ),
  'module' => 'default',
  'rule' => '-1',
)

2017-07-25 19:40:01 response :
------------
Array:
errno : -1 ;
message : Invaild value ;

2017-07-25 22:33:06 trace :
------------
String:
<xml><ToUserName><![CDATA[gh_9312a3c1979a]]></ToUserName>
<FromUserName><![CDATA[o6A_bwKhmVhd9k7MsCGixpEAQ5hI]]></FromUserName>
<CreateTime>1500993175</CreateTime>
<MsgType><![CDATA[event]]></MsgType>
<Event><![CDATA[LOCATION]]></Event>
<Latitude>31.219812</Latitude>
<Longitude>120.616074</Longitude>
<Precision>65.000000</Precision>
</xml>

2017-07-25 22:33:06 params :
------------
String:
array (
  'message' => 
  array (
    'tousername' => 'gh_9312a3c1979a',
    'fromusername' => 'o6A_bwKhmVhd9k7MsCGixpEAQ5hI',
    'createtime' => '1500993175',
    'msgtype' => 'event',
    'event' => 'LOCATION',
    'latitude' => '31.219812',
    'longitude' => '120.616074',
    'precision' => '65.000000',
    'from' => 'o6A_bwKhmVhd9k7MsCGixpEAQ5hI',
    'to' => 'gh_9312a3c1979a',
    'time' => '1500993175',
    'type' => 'trace',
    'location_x' => '31.219812',
    'location_y' => '120.616074',
  ),
  'module' => 'default',
  'rule' => '-1',
)

2017-07-25 22:33:06 response :
------------
Array:
errno : -1 ;
message : Invaild value ;

