2017-08-26 00:16:07 trace :
------------
String:
<xml><ToUserName><![CDATA[gh_9312a3c1979a]]></ToUserName>
<FromUserName><![CDATA[o6A_bwNo_1QehObM9bZUaRwoUX4M]]></FromUserName>
<CreateTime>1503677748</CreateTime>
<MsgType><![CDATA[event]]></MsgType>
<Event><![CDATA[subscribe]]></Event>
<EventKey><![CDATA[]]></EventKey>
</xml>

2017-08-26 00:16:07 params :
------------
String:
array (
  'message' => 
  array (
    'tousername' => 'gh_9312a3c1979a',
    'fromusername' => 'o6A_bwNo_1QehObM9bZUaRwoUX4M',
    'createtime' => '1503677748',
    'msgtype' => 'event',
    'event' => 'subscribe',
    'eventkey' => '',
    'from' => 'o6A_bwNo_1QehObM9bZUaRwoUX4M',
    'to' => 'gh_9312a3c1979a',
    'time' => '1503677748',
    'type' => 'text',
    'redirection' => true,
    'source' => 'subscribe',
    'content' => '关注回复',
  ),
  'module' => 'basic',
  'rule' => '11',
  'priority' => '0',
  'keyword' => 
  array (
    'id' => '54',
    'rid' => '11',
    'uniacid' => '1',
    'module' => 'basic',
    'content' => '关注回复',
    'type' => '1',
    'displayorder' => '0',
    'status' => '1',
  ),
)

2017-08-26 00:16:07 response :
------------
Array:
FromUserName : gh_9312a3c1979a ;
ToUserName : o6A_bwNo_1QehObM9bZUaRwoUX4M ;
MsgType : text ;
Content : 欢迎关注：Babyfirst科学育儿！
在这里，你可以从基因角度了解宝宝育儿知识，获取不一样的育儿方法！
免费提供遗传咨询服务，为您解答一般育儿公众号无法解答的难题！
微商城已经开业，足不出户，即可让宝宝体验基因检测服务。 ;

2017-08-26 00:16:17 trace :
------------
String:
<xml><ToUserName><![CDATA[gh_9312a3c1979a]]></ToUserName>
<FromUserName><![CDATA[o6A_bwNo_1QehObM9bZUaRwoUX4M]]></FromUserName>
<CreateTime>1503677758</CreateTime>
<MsgType><![CDATA[event]]></MsgType>
<Event><![CDATA[VIEW]]></Event>
<EventKey><![CDATA[http://jiyin.baimuv.com/app/index.php?i=1&c=entry&m=ewei_shopv2&do=mobile&r=article.list&cateid=17]]></EventKey>
<MenuId>417452671</MenuId>
</xml>

2017-08-26 00:16:17 params :
------------
String:
array (
  'message' => 
  array (
    'tousername' => 'gh_9312a3c1979a',
    'fromusername' => 'o6A_bwNo_1QehObM9bZUaRwoUX4M',
    'createtime' => '1503677758',
    'msgtype' => 'event',
    'event' => 'VIEW',
    'eventkey' => 'http://jiyin.baimuv.com/app/index.php?i=1&c=entry&m=ewei_shopv2&do=mobile&r=article.list&cateid=17',
    'menuid' => '417452671',
    'from' => 'o6A_bwNo_1QehObM9bZUaRwoUX4M',
    'to' => 'gh_9312a3c1979a',
    'time' => '1503677758',
    'type' => 'text',
    'content' => '关注回复',
    'redirection' => true,
    'source' => 'default',
    'original' => 'http://jiyin.baimuv.com/app/index.php?i=1&c=entry&m=ewei_shopv2&do=mobile&r=article.list&cateid=17',
  ),
  'module' => 'basic',
  'rule' => '11',
  'priority' => '0',
  'keyword' => 
  array (
    'id' => '54',
    'rid' => '11',
    'uniacid' => '1',
    'module' => 'basic',
    'content' => '关注回复',
    'type' => '1',
    'displayorder' => '0',
    'status' => '1',
  ),
)

2017-08-26 00:16:17 response :
------------
Array:
FromUserName : gh_9312a3c1979a ;
ToUserName : o6A_bwNo_1QehObM9bZUaRwoUX4M ;
MsgType : text ;
Content : 欢迎关注：Babyfirst科学育儿！
在这里，你可以从基因角度了解宝宝育儿知识，获取不一样的育儿方法！
免费提供遗传咨询服务，为您解答一般育儿公众号无法解答的难题！
微商城已经开业，足不出户，即可让宝宝体验基因检测服务。 ;

2017-08-26 00:18:00 trace :
------------
String:
<xml><ToUserName><![CDATA[gh_9312a3c1979a]]></ToUserName>
<FromUserName><![CDATA[o6A_bwNo_1QehObM9bZUaRwoUX4M]]></FromUserName>
<CreateTime>1503677860</CreateTime>
<MsgType><![CDATA[event]]></MsgType>
<Event><![CDATA[VIEW]]></Event>
<EventKey><![CDATA[https://www.firstories.com/signin]]></EventKey>
<MenuId>417452671</MenuId>
</xml>

2017-08-26 00:18:00 params :
------------
String:
array (
  'message' => 
  array (
    'tousername' => 'gh_9312a3c1979a',
    'fromusername' => 'o6A_bwNo_1QehObM9bZUaRwoUX4M',
    'createtime' => '1503677860',
    'msgtype' => 'event',
    'event' => 'VIEW',
    'eventkey' => 'https://www.firstories.com/signin',
    'menuid' => '417452671',
    'from' => 'o6A_bwNo_1QehObM9bZUaRwoUX4M',
    'to' => 'gh_9312a3c1979a',
    'time' => '1503677860',
    'type' => 'text',
    'content' => '关注回复',
    'redirection' => true,
    'source' => 'default',
    'original' => 'https://www.firstories.com/signin',
  ),
  'module' => 'basic',
  'rule' => '11',
  'priority' => '0',
  'keyword' => 
  array (
    'id' => '54',
    'rid' => '11',
    'uniacid' => '1',
    'module' => 'basic',
    'content' => '关注回复',
    'type' => '1',
    'displayorder' => '0',
    'status' => '1',
  ),
)

2017-08-26 00:18:00 response :
------------
Array:
FromUserName : gh_9312a3c1979a ;
ToUserName : o6A_bwNo_1QehObM9bZUaRwoUX4M ;
MsgType : text ;
Content : 欢迎关注：Babyfirst科学育儿！
在这里，你可以从基因角度了解宝宝育儿知识，获取不一样的育儿方法！
免费提供遗传咨询服务，为您解答一般育儿公众号无法解答的难题！
微商城已经开业，足不出户，即可让宝宝体验基因检测服务。 ;

2017-08-26 02:53:39 trace :
------------
String:
<xml><ToUserName><![CDATA[gh_9312a3c1979a]]></ToUserName>
<FromUserName><![CDATA[o6A_bwCPuI3PI29KQp1ruU5Xb8Mw]]></FromUserName>
<CreateTime>1503687199</CreateTime>
<MsgType><![CDATA[event]]></MsgType>
<Event><![CDATA[LOCATION]]></Event>
<Latitude>22.564528</Latitude>
<Longitude>113.877686</Longitude>
<Precision>65.000000</Precision>
</xml>

2017-08-26 02:53:39 params :
------------
String:
array (
  'message' => 
  array (
    'tousername' => 'gh_9312a3c1979a',
    'fromusername' => 'o6A_bwCPuI3PI29KQp1ruU5Xb8Mw',
    'createtime' => '1503687199',
    'msgtype' => 'event',
    'event' => 'LOCATION',
    'latitude' => '22.564528',
    'longitude' => '113.877686',
    'precision' => '65.000000',
    'from' => 'o6A_bwCPuI3PI29KQp1ruU5Xb8Mw',
    'to' => 'gh_9312a3c1979a',
    'time' => '1503687199',
    'type' => 'trace',
    'location_x' => '22.564528',
    'location_y' => '113.877686',
  ),
  'module' => 'default',
  'rule' => '-1',
)

2017-08-26 02:53:39 response :
------------
Array:
errno : -1 ;
message : Invaild value ;

2017-08-26 05:40:51 trace :
------------
String:
<xml><ToUserName><![CDATA[gh_9312a3c1979a]]></ToUserName>
<FromUserName><![CDATA[o6A_bwGpMrMj_GbGjwIRHv1wCuE4]]></FromUserName>
<CreateTime>1503697232</CreateTime>
<MsgType><![CDATA[event]]></MsgType>
<Event><![CDATA[LOCATION]]></Event>
<Latitude>33.709587</Latitude>
<Longitude>118.411682</Longitude>
<Precision>40.000000</Precision>
</xml>

2017-08-26 05:40:51 params :
------------
String:
array (
  'message' => 
  array (
    'tousername' => 'gh_9312a3c1979a',
    'fromusername' => 'o6A_bwGpMrMj_GbGjwIRHv1wCuE4',
    'createtime' => '1503697232',
    'msgtype' => 'event',
    'event' => 'LOCATION',
    'latitude' => '33.709587',
    'longitude' => '118.411682',
    'precision' => '40.000000',
    'from' => 'o6A_bwGpMrMj_GbGjwIRHv1wCuE4',
    'to' => 'gh_9312a3c1979a',
    'time' => '1503697232',
    'type' => 'trace',
    'location_x' => '33.709587',
    'location_y' => '118.411682',
  ),
  'module' => 'default',
  'rule' => '-1',
)

2017-08-26 05:40:51 response :
------------
Array:
errno : -1 ;
message : Invaild value ;

2017-08-26 06:14:16 trace :
------------
String:
<xml><ToUserName><![CDATA[gh_9312a3c1979a]]></ToUserName>
<FromUserName><![CDATA[o6A_bwBYe0Le6dfRD1kLQ20zhnAs]]></FromUserName>
<CreateTime>1503699237</CreateTime>
<MsgType><![CDATA[event]]></MsgType>
<Event><![CDATA[unsubscribe]]></Event>
<EventKey><![CDATA[]]></EventKey>
</xml>

2017-08-26 06:48:40 trace :
------------
String:
<xml><ToUserName><![CDATA[gh_9312a3c1979a]]></ToUserName>
<FromUserName><![CDATA[o6A_bwNkYUJaWiaab5QADZZeyt_o]]></FromUserName>
<CreateTime>1503701301</CreateTime>
<MsgType><![CDATA[event]]></MsgType>
<Event><![CDATA[LOCATION]]></Event>
<Latitude>45.976036</Latitude>
<Longitude>126.592598</Longitude>
<Precision>65.000000</Precision>
</xml>

2017-08-26 06:48:40 params :
------------
String:
array (
  'message' => 
  array (
    'tousername' => 'gh_9312a3c1979a',
    'fromusername' => 'o6A_bwNkYUJaWiaab5QADZZeyt_o',
    'createtime' => '1503701301',
    'msgtype' => 'event',
    'event' => 'LOCATION',
    'latitude' => '45.976036',
    'longitude' => '126.592598',
    'precision' => '65.000000',
    'from' => 'o6A_bwNkYUJaWiaab5QADZZeyt_o',
    'to' => 'gh_9312a3c1979a',
    'time' => '1503701301',
    'type' => 'trace',
    'location_x' => '45.976036',
    'location_y' => '126.592598',
  ),
  'module' => 'default',
  'rule' => '-1',
)

2017-08-26 06:48:40 response :
------------
Array:
errno : -1 ;
message : Invaild value ;

2017-08-26 08:21:56 trace :
------------
String:
<xml><ToUserName><![CDATA[gh_9312a3c1979a]]></ToUserName>
<FromUserName><![CDATA[o6A_bwNu-rlhD4pHlnwXRKmugNCo]]></FromUserName>
<CreateTime>1503706897</CreateTime>
<MsgType><![CDATA[event]]></MsgType>
<Event><![CDATA[subscribe]]></Event>
<EventKey><![CDATA[]]></EventKey>
</xml>

2017-08-26 08:21:56 params :
------------
String:
array (
  'message' => 
  array (
    'tousername' => 'gh_9312a3c1979a',
    'fromusername' => 'o6A_bwNu-rlhD4pHlnwXRKmugNCo',
    'createtime' => '1503706897',
    'msgtype' => 'event',
    'event' => 'subscribe',
    'eventkey' => '',
    'from' => 'o6A_bwNu-rlhD4pHlnwXRKmugNCo',
    'to' => 'gh_9312a3c1979a',
    'time' => '1503706897',
    'type' => 'text',
    'redirection' => true,
    'source' => 'subscribe',
    'content' => '关注回复',
  ),
  'module' => 'basic',
  'rule' => '11',
  'priority' => '0',
  'keyword' => 
  array (
    'id' => '54',
    'rid' => '11',
    'uniacid' => '1',
    'module' => 'basic',
    'content' => '关注回复',
    'type' => '1',
    'displayorder' => '0',
    'status' => '1',
  ),
)

2017-08-26 08:21:56 response :
------------
Array:
FromUserName : gh_9312a3c1979a ;
ToUserName : o6A_bwNu-rlhD4pHlnwXRKmugNCo ;
MsgType : text ;
Content : 欢迎关注：Babyfirst科学育儿！
在这里，你可以从基因角度了解宝宝育儿知识，获取不一样的育儿方法！
免费提供遗传咨询服务，为您解答一般育儿公众号无法解答的难题！
微商城已经开业，足不出户，即可让宝宝体验基因检测服务。 ;

2017-08-26 08:22:18 trace :
------------
String:
<xml><ToUserName><![CDATA[gh_9312a3c1979a]]></ToUserName>
<FromUserName><![CDATA[o6A_bwNu-rlhD4pHlnwXRKmugNCo]]></FromUserName>
<CreateTime>1503706918</CreateTime>
<MsgType><![CDATA[event]]></MsgType>
<Event><![CDATA[VIEW]]></Event>
<EventKey><![CDATA[http://mp.weixin.qq.com/s?__biz=MzIzNTU4MTkyOA==&mid=100000616&idx=1&sn=090a00e6f879a124c1514133a0b241e0&chksm=68e5bbef5f9232f97476305959777f15648b726e71b41cc06ae33b7e13660d437f1ad58fc1d8&scene=18#wechat_redirect]]></EventKey>
<MenuId>417452671</MenuId>
</xml>

2017-08-26 08:22:18 params :
------------
String:
array (
  'message' => 
  array (
    'tousername' => 'gh_9312a3c1979a',
    'fromusername' => 'o6A_bwNu-rlhD4pHlnwXRKmugNCo',
    'createtime' => '1503706918',
    'msgtype' => 'event',
    'event' => 'VIEW',
    'eventkey' => 'http://mp.weixin.qq.com/s?__biz=MzIzNTU4MTkyOA==&mid=100000616&idx=1&sn=090a00e6f879a124c1514133a0b241e0&chksm=68e5bbef5f9232f97476305959777f15648b726e71b41cc06ae33b7e13660d437f1ad58fc1d8&scene=18#wechat_redirect',
    'menuid' => '417452671',
    'from' => 'o6A_bwNu-rlhD4pHlnwXRKmugNCo',
    'to' => 'gh_9312a3c1979a',
    'time' => '1503706918',
    'type' => 'text',
    'content' => '关注回复',
    'redirection' => true,
    'source' => 'default',
    'original' => 'http://mp.weixin.qq.com/s?__biz=MzIzNTU4MTkyOA==&mid=100000616&idx=1&sn=090a00e6f879a124c1514133a0b241e0&chksm=68e5bbef5f9232f97476305959777f15648b726e71b41cc06ae33b7e13660d437f1ad58fc1d8&scene=18#wechat_redirect',
  ),
  'module' => 'basic',
  'rule' => '11',
  'priority' => '0',
  'keyword' => 
  array (
    'id' => '54',
    'rid' => '11',
    'uniacid' => '1',
    'module' => 'basic',
    'content' => '关注回复',
    'type' => '1',
    'displayorder' => '0',
    'status' => '1',
  ),
)

2017-08-26 08:22:18 response :
------------
Array:
FromUserName : gh_9312a3c1979a ;
ToUserName : o6A_bwNu-rlhD4pHlnwXRKmugNCo ;
MsgType : text ;
Content : 欢迎关注：Babyfirst科学育儿！
在这里，你可以从基因角度了解宝宝育儿知识，获取不一样的育儿方法！
免费提供遗传咨询服务，为您解答一般育儿公众号无法解答的难题！
微商城已经开业，足不出户，即可让宝宝体验基因检测服务。 ;

2017-08-26 08:22:39 trace :
------------
String:
<xml><ToUserName><![CDATA[gh_9312a3c1979a]]></ToUserName>
<FromUserName><![CDATA[o6A_bwNu-rlhD4pHlnwXRKmugNCo]]></FromUserName>
<CreateTime>1503706939</CreateTime>
<MsgType><![CDATA[event]]></MsgType>
<Event><![CDATA[VIEW]]></Event>
<EventKey><![CDATA[http://mp.weixin.qq.com/mp/homepage?__biz=MzIzNTU4MTkyOA==&hid=5&sn=3ed15a74bd6996b732951cb420128bce&scene=18#wechat_redirect]]></EventKey>
<MenuId>417452671</MenuId>
</xml>

2017-08-26 08:22:39 params :
------------
String:
array (
  'message' => 
  array (
    'tousername' => 'gh_9312a3c1979a',
    'fromusername' => 'o6A_bwNu-rlhD4pHlnwXRKmugNCo',
    'createtime' => '1503706939',
    'msgtype' => 'event',
    'event' => 'VIEW',
    'eventkey' => 'http://mp.weixin.qq.com/mp/homepage?__biz=MzIzNTU4MTkyOA==&hid=5&sn=3ed15a74bd6996b732951cb420128bce&scene=18#wechat_redirect',
    'menuid' => '417452671',
    'from' => 'o6A_bwNu-rlhD4pHlnwXRKmugNCo',
    'to' => 'gh_9312a3c1979a',
    'time' => '1503706939',
    'type' => 'text',
    'content' => '关注回复',
    'redirection' => true,
    'source' => 'default',
    'original' => 'http://mp.weixin.qq.com/mp/homepage?__biz=MzIzNTU4MTkyOA==&hid=5&sn=3ed15a74bd6996b732951cb420128bce&scene=18#wechat_redirect',
  ),
  'module' => 'basic',
  'rule' => '11',
  'priority' => '0',
  'keyword' => 
  array (
    'id' => '54',
    'rid' => '11',
    'uniacid' => '1',
    'module' => 'basic',
    'content' => '关注回复',
    'type' => '1',
    'displayorder' => '0',
    'status' => '1',
  ),
)

2017-08-26 08:22:39 response :
------------
Array:
FromUserName : gh_9312a3c1979a ;
ToUserName : o6A_bwNu-rlhD4pHlnwXRKmugNCo ;
MsgType : text ;
Content : 欢迎关注：Babyfirst科学育儿！
在这里，你可以从基因角度了解宝宝育儿知识，获取不一样的育儿方法！
免费提供遗传咨询服务，为您解答一般育儿公众号无法解答的难题！
微商城已经开业，足不出户，即可让宝宝体验基因检测服务。 ;

2017-08-26 08:22:44 trace :
------------
String:
<xml><ToUserName><![CDATA[gh_9312a3c1979a]]></ToUserName>
<FromUserName><![CDATA[o6A_bwNu-rlhD4pHlnwXRKmugNCo]]></FromUserName>
<CreateTime>1503706945</CreateTime>
<MsgType><![CDATA[event]]></MsgType>
<Event><![CDATA[VIEW]]></Event>
<EventKey><![CDATA[http://jiyin.baimuv.com/app/index.php?i=1&c=entry&m=ewei_shopv2&do=mobile&r=article.list&cateid=17]]></EventKey>
<MenuId>417452671</MenuId>
</xml>

2017-08-26 08:22:44 params :
------------
String:
array (
  'message' => 
  array (
    'tousername' => 'gh_9312a3c1979a',
    'fromusername' => 'o6A_bwNu-rlhD4pHlnwXRKmugNCo',
    'createtime' => '1503706945',
    'msgtype' => 'event',
    'event' => 'VIEW',
    'eventkey' => 'http://jiyin.baimuv.com/app/index.php?i=1&c=entry&m=ewei_shopv2&do=mobile&r=article.list&cateid=17',
    'menuid' => '417452671',
    'from' => 'o6A_bwNu-rlhD4pHlnwXRKmugNCo',
    'to' => 'gh_9312a3c1979a',
    'time' => '1503706945',
    'type' => 'text',
    'content' => '关注回复',
    'redirection' => true,
    'source' => 'default',
    'original' => 'http://jiyin.baimuv.com/app/index.php?i=1&c=entry&m=ewei_shopv2&do=mobile&r=article.list&cateid=17',
  ),
  'module' => 'basic',
  'rule' => '11',
  'priority' => '0',
  'keyword' => 
  array (
    'id' => '54',
    'rid' => '11',
    'uniacid' => '1',
    'module' => 'basic',
    'content' => '关注回复',
    'type' => '1',
    'displayorder' => '0',
    'status' => '1',
  ),
)

2017-08-26 08:22:44 response :
------------
Array:
FromUserName : gh_9312a3c1979a ;
ToUserName : o6A_bwNu-rlhD4pHlnwXRKmugNCo ;
MsgType : text ;
Content : 欢迎关注：Babyfirst科学育儿！
在这里，你可以从基因角度了解宝宝育儿知识，获取不一样的育儿方法！
免费提供遗传咨询服务，为您解答一般育儿公众号无法解答的难题！
微商城已经开业，足不出户，即可让宝宝体验基因检测服务。 ;

2017-08-26 08:23:35 trace :
------------
String:
<xml><ToUserName><![CDATA[gh_9312a3c1979a]]></ToUserName>
<FromUserName><![CDATA[o6A_bwNu-rlhD4pHlnwXRKmugNCo]]></FromUserName>
<CreateTime>1503706996</CreateTime>
<MsgType><![CDATA[event]]></MsgType>
<Event><![CDATA[CLICK]]></Event>
<EventKey><![CDATA[检测  流程]]></EventKey>
</xml>

2017-08-26 08:23:35 params :
------------
String:
array (
  'message' => 
  array (
    'tousername' => 'gh_9312a3c1979a',
    'fromusername' => 'o6A_bwNu-rlhD4pHlnwXRKmugNCo',
    'createtime' => '1503706996',
    'msgtype' => 'event',
    'event' => 'CLICK',
    'eventkey' => '检测  流程',
    'from' => 'o6A_bwNu-rlhD4pHlnwXRKmugNCo',
    'to' => 'gh_9312a3c1979a',
    'time' => '1503706996',
    'type' => 'text',
    'content' => '检测  流程',
    'redirection' => true,
    'source' => 'click',
  ),
  'module' => 'news',
  'rule' => '25',
  'priority' => '0',
  'keyword' => 
  array (
    'id' => '42',
    'rid' => '25',
    'uniacid' => '1',
    'module' => 'news',
    'content' => '检测  流程',
    'type' => '1',
    'displayorder' => '0',
    'status' => '1',
  ),
)

2017-08-26 08:23:35 response :
------------
Array:
FromUserName : gh_9312a3c1979a ;
ToUserName : o6A_bwNu-rlhD4pHlnwXRKmugNCo ;
MsgType : news ;
ArticleCount : 1 ;
Articles : Array ;

2017-08-26 08:24:22 trace :
------------
String:
<xml><ToUserName><![CDATA[gh_9312a3c1979a]]></ToUserName>
<FromUserName><![CDATA[o6A_bwNu-rlhD4pHlnwXRKmugNCo]]></FromUserName>
<CreateTime>1503707042</CreateTime>
<MsgType><![CDATA[event]]></MsgType>
<Event><![CDATA[unsubscribe]]></Event>
<EventKey><![CDATA[]]></EventKey>
</xml>

2017-08-26 08:43:25 trace :
------------
String:
<xml><ToUserName><![CDATA[gh_9312a3c1979a]]></ToUserName>
<FromUserName><![CDATA[o6A_bwNc3LMEJONKfWZUQsmhl8mU]]></FromUserName>
<CreateTime>1503708186</CreateTime>
<MsgType><![CDATA[event]]></MsgType>
<Event><![CDATA[LOCATION]]></Event>
<Latitude>39.890125</Latitude>
<Longitude>116.354225</Longitude>
<Precision>30.000000</Precision>
</xml>

2017-08-26 08:43:25 params :
------------
String:
array (
  'message' => 
  array (
    'tousername' => 'gh_9312a3c1979a',
    'fromusername' => 'o6A_bwNc3LMEJONKfWZUQsmhl8mU',
    'createtime' => '1503708186',
    'msgtype' => 'event',
    'event' => 'LOCATION',
    'latitude' => '39.890125',
    'longitude' => '116.354225',
    'precision' => '30.000000',
    'from' => 'o6A_bwNc3LMEJONKfWZUQsmhl8mU',
    'to' => 'gh_9312a3c1979a',
    'time' => '1503708186',
    'type' => 'trace',
    'location_x' => '39.890125',
    'location_y' => '116.354225',
  ),
  'module' => 'default',
  'rule' => '-1',
)

2017-08-26 08:43:25 response :
------------
Array:
errno : -1 ;
message : Invaild value ;

2017-08-26 08:56:28 trace :
------------
String:
<xml><ToUserName><![CDATA[gh_9312a3c1979a]]></ToUserName>
<FromUserName><![CDATA[o6A_bwIJIwKqfLDc5xWup9raC8rk]]></FromUserName>
<CreateTime>1503708969</CreateTime>
<MsgType><![CDATA[event]]></MsgType>
<Event><![CDATA[LOCATION]]></Event>
<Latitude>22.595039</Latitude>
<Longitude>113.872490</Longitude>
<Precision>65.000000</Precision>
</xml>

2017-08-26 08:56:28 params :
------------
String:
array (
  'message' => 
  array (
    'tousername' => 'gh_9312a3c1979a',
    'fromusername' => 'o6A_bwIJIwKqfLDc5xWup9raC8rk',
    'createtime' => '1503708969',
    'msgtype' => 'event',
    'event' => 'LOCATION',
    'latitude' => '22.595039',
    'longitude' => '113.872490',
    'precision' => '65.000000',
    'from' => 'o6A_bwIJIwKqfLDc5xWup9raC8rk',
    'to' => 'gh_9312a3c1979a',
    'time' => '1503708969',
    'type' => 'trace',
    'location_x' => '22.595039',
    'location_y' => '113.872490',
  ),
  'module' => 'default',
  'rule' => '-1',
)

2017-08-26 08:56:28 response :
------------
Array:
errno : -1 ;
message : Invaild value ;

2017-08-26 08:56:32 trace :
------------
String:
<xml><ToUserName><![CDATA[gh_9312a3c1979a]]></ToUserName>
<FromUserName><![CDATA[o6A_bwIJIwKqfLDc5xWup9raC8rk]]></FromUserName>
<CreateTime>1503708972</CreateTime>
<MsgType><![CDATA[event]]></MsgType>
<Event><![CDATA[VIEW]]></Event>
<EventKey><![CDATA[http://jiyin.baimuv.com/app/index.php?i=1&c=entry&m=ewei_shopv2&do=mobile&wxref=mp.weixin.qq.com#wechat_redirect]]></EventKey>
<MenuId>417452671</MenuId>
</xml>

2017-08-26 08:56:32 params :
------------
String:
array (
  'message' => 
  array (
    'tousername' => 'gh_9312a3c1979a',
    'fromusername' => 'o6A_bwIJIwKqfLDc5xWup9raC8rk',
    'createtime' => '1503708972',
    'msgtype' => 'event',
    'event' => 'VIEW',
    'eventkey' => 'http://jiyin.baimuv.com/app/index.php?i=1&c=entry&m=ewei_shopv2&do=mobile&wxref=mp.weixin.qq.com#wechat_redirect',
    'menuid' => '417452671',
    'from' => 'o6A_bwIJIwKqfLDc5xWup9raC8rk',
    'to' => 'gh_9312a3c1979a',
    'time' => '1503708972',
    'type' => 'text',
    'content' => '关注回复',
    'redirection' => true,
    'source' => 'default',
    'original' => 'http://jiyin.baimuv.com/app/index.php?i=1&c=entry&m=ewei_shopv2&do=mobile&wxref=mp.weixin.qq.com#wechat_redirect',
  ),
  'module' => 'basic',
  'rule' => '11',
  'priority' => '0',
  'keyword' => 
  array (
    'id' => '54',
    'rid' => '11',
    'uniacid' => '1',
    'module' => 'basic',
    'content' => '关注回复',
    'type' => '1',
    'displayorder' => '0',
    'status' => '1',
  ),
)

2017-08-26 08:56:32 response :
------------
Array:
FromUserName : gh_9312a3c1979a ;
ToUserName : o6A_bwIJIwKqfLDc5xWup9raC8rk ;
MsgType : text ;
Content : 欢迎关注：Babyfirst科学育儿！
在这里，你可以从基因角度了解宝宝育儿知识，获取不一样的育儿方法！
免费提供遗传咨询服务，为您解答一般育儿公众号无法解答的难题！
微商城已经开业，足不出户，即可让宝宝体验基因检测服务。 ;

2017-08-26 08:59:18 trace :
------------
String:
<xml><ToUserName><![CDATA[gh_9312a3c1979a]]></ToUserName>
<FromUserName><![CDATA[o6A_bwIJIwKqfLDc5xWup9raC8rk]]></FromUserName>
<CreateTime>1503709138</CreateTime>
<MsgType><![CDATA[event]]></MsgType>
<Event><![CDATA[VIEW]]></Event>
<EventKey><![CDATA[http://mp.weixin.qq.com/mp/homepage?__biz=MzIzNTU4MTkyOA==&hid=4&sn=7fb79640deee369f01b26c05465b3d8d&scene=18#wechat_redirect]]></EventKey>
<MenuId>417452671</MenuId>
</xml>

2017-08-26 08:59:18 params :
------------
String:
array (
  'message' => 
  array (
    'tousername' => 'gh_9312a3c1979a',
    'fromusername' => 'o6A_bwIJIwKqfLDc5xWup9raC8rk',
    'createtime' => '1503709138',
    'msgtype' => 'event',
    'event' => 'VIEW',
    'eventkey' => 'http://mp.weixin.qq.com/mp/homepage?__biz=MzIzNTU4MTkyOA==&hid=4&sn=7fb79640deee369f01b26c05465b3d8d&scene=18#wechat_redirect',
    'menuid' => '417452671',
    'from' => 'o6A_bwIJIwKqfLDc5xWup9raC8rk',
    'to' => 'gh_9312a3c1979a',
    'time' => '1503709138',
    'type' => 'text',
    'content' => '关注回复',
    'redirection' => true,
    'source' => 'default',
    'original' => 'http://mp.weixin.qq.com/mp/homepage?__biz=MzIzNTU4MTkyOA==&hid=4&sn=7fb79640deee369f01b26c05465b3d8d&scene=18#wechat_redirect',
  ),
  'module' => 'basic',
  'rule' => '11',
  'priority' => '0',
  'keyword' => 
  array (
    'id' => '54',
    'rid' => '11',
    'uniacid' => '1',
    'module' => 'basic',
    'content' => '关注回复',
    'type' => '1',
    'displayorder' => '0',
    'status' => '1',
  ),
)

2017-08-26 08:59:18 response :
------------
Array:
FromUserName : gh_9312a3c1979a ;
ToUserName : o6A_bwIJIwKqfLDc5xWup9raC8rk ;
MsgType : text ;
Content : 欢迎关注：Babyfirst科学育儿！
在这里，你可以从基因角度了解宝宝育儿知识，获取不一样的育儿方法！
免费提供遗传咨询服务，为您解答一般育儿公众号无法解答的难题！
微商城已经开业，足不出户，即可让宝宝体验基因检测服务。 ;

2017-08-26 09:09:00 trace :
------------
String:
<xml><ToUserName><![CDATA[gh_9312a3c1979a]]></ToUserName>
<FromUserName><![CDATA[o6A_bwFcj0HQh2hilu55gH0-9q_Q]]></FromUserName>
<CreateTime>1503709721</CreateTime>
<MsgType><![CDATA[event]]></MsgType>
<Event><![CDATA[LOCATION]]></Event>
<Latitude>30.629101</Latitude>
<Longitude>103.993233</Longitude>
<Precision>50.000000</Precision>
</xml>

2017-08-26 09:09:00 params :
------------
String:
array (
  'message' => 
  array (
    'tousername' => 'gh_9312a3c1979a',
    'fromusername' => 'o6A_bwFcj0HQh2hilu55gH0-9q_Q',
    'createtime' => '1503709721',
    'msgtype' => 'event',
    'event' => 'LOCATION',
    'latitude' => '30.629101',
    'longitude' => '103.993233',
    'precision' => '50.000000',
    'from' => 'o6A_bwFcj0HQh2hilu55gH0-9q_Q',
    'to' => 'gh_9312a3c1979a',
    'time' => '1503709721',
    'type' => 'trace',
    'location_x' => '30.629101',
    'location_y' => '103.993233',
  ),
  'module' => 'default',
  'rule' => '-1',
)

2017-08-26 09:09:00 response :
------------
Array:
errno : -1 ;
message : Invaild value ;

2017-08-26 09:36:51 trace :
------------
String:
<xml><ToUserName><![CDATA[gh_9312a3c1979a]]></ToUserName>
<FromUserName><![CDATA[o6A_bwJUyJGpurbSN8LNatdqo9Z0]]></FromUserName>
<CreateTime>1503711392</CreateTime>
<MsgType><![CDATA[event]]></MsgType>
<Event><![CDATA[LOCATION]]></Event>
<Latitude>22.567709</Latitude>
<Longitude>114.137093</Longitude>
<Precision>900.000000</Precision>
</xml>

2017-08-26 09:36:51 params :
------------
String:
array (
  'message' => 
  array (
    'tousername' => 'gh_9312a3c1979a',
    'fromusername' => 'o6A_bwJUyJGpurbSN8LNatdqo9Z0',
    'createtime' => '1503711392',
    'msgtype' => 'event',
    'event' => 'LOCATION',
    'latitude' => '22.567709',
    'longitude' => '114.137093',
    'precision' => '900.000000',
    'from' => 'o6A_bwJUyJGpurbSN8LNatdqo9Z0',
    'to' => 'gh_9312a3c1979a',
    'time' => '1503711392',
    'type' => 'trace',
    'location_x' => '22.567709',
    'location_y' => '114.137093',
  ),
  'module' => 'default',
  'rule' => '-1',
)

2017-08-26 09:36:51 response :
------------
Array:
errno : -1 ;
message : Invaild value ;

2017-08-26 09:37:08 trace :
------------
String:
<xml><ToUserName><![CDATA[gh_9312a3c1979a]]></ToUserName>
<FromUserName><![CDATA[o6A_bwJUyJGpurbSN8LNatdqo9Z0]]></FromUserName>
<CreateTime>1503711409</CreateTime>
<MsgType><![CDATA[event]]></MsgType>
<Event><![CDATA[VIEW]]></Event>
<EventKey><![CDATA[http://mp.weixin.qq.com/mp/homepage?__biz=MzIzNTU4MTkyOA==&hid=7&sn=f97a3170710d9d4e8ab0d2919a0a2ec7&scene=18#wechat_redirect]]></EventKey>
<MenuId>417452671</MenuId>
</xml>

2017-08-26 09:37:09 params :
------------
String:
array (
  'message' => 
  array (
    'tousername' => 'gh_9312a3c1979a',
    'fromusername' => 'o6A_bwJUyJGpurbSN8LNatdqo9Z0',
    'createtime' => '1503711409',
    'msgtype' => 'event',
    'event' => 'VIEW',
    'eventkey' => 'http://mp.weixin.qq.com/mp/homepage?__biz=MzIzNTU4MTkyOA==&hid=7&sn=f97a3170710d9d4e8ab0d2919a0a2ec7&scene=18#wechat_redirect',
    'menuid' => '417452671',
    'from' => 'o6A_bwJUyJGpurbSN8LNatdqo9Z0',
    'to' => 'gh_9312a3c1979a',
    'time' => '1503711409',
    'type' => 'text',
    'content' => '关注回复',
    'redirection' => true,
    'source' => 'default',
    'original' => 'http://mp.weixin.qq.com/mp/homepage?__biz=MzIzNTU4MTkyOA==&hid=7&sn=f97a3170710d9d4e8ab0d2919a0a2ec7&scene=18#wechat_redirect',
  ),
  'module' => 'basic',
  'rule' => '11',
  'priority' => '0',
  'keyword' => 
  array (
    'id' => '54',
    'rid' => '11',
    'uniacid' => '1',
    'module' => 'basic',
    'content' => '关注回复',
    'type' => '1',
    'displayorder' => '0',
    'status' => '1',
  ),
)

2017-08-26 09:37:09 response :
------------
Array:
FromUserName : gh_9312a3c1979a ;
ToUserName : o6A_bwJUyJGpurbSN8LNatdqo9Z0 ;
MsgType : text ;
Content : 欢迎关注：Babyfirst科学育儿！
在这里，你可以从基因角度了解宝宝育儿知识，获取不一样的育儿方法！
免费提供遗传咨询服务，为您解答一般育儿公众号无法解答的难题！
微商城已经开业，足不出户，即可让宝宝体验基因检测服务。 ;

2017-08-26 09:54:32 trace :
------------
String:
<xml><ToUserName><![CDATA[gh_9312a3c1979a]]></ToUserName>
<FromUserName><![CDATA[o6A_bwCj7w0vJ0HLFBB-a5RNkBPU]]></FromUserName>
<CreateTime>1503712453</CreateTime>
<MsgType><![CDATA[event]]></MsgType>
<Event><![CDATA[LOCATION]]></Event>
<Latitude>22.557657</Latitude>
<Longitude>114.232681</Longitude>
<Precision>30.000000</Precision>
</xml>

2017-08-26 09:54:32 params :
------------
String:
array (
  'message' => 
  array (
    'tousername' => 'gh_9312a3c1979a',
    'fromusername' => 'o6A_bwCj7w0vJ0HLFBB-a5RNkBPU',
    'createtime' => '1503712453',
    'msgtype' => 'event',
    'event' => 'LOCATION',
    'latitude' => '22.557657',
    'longitude' => '114.232681',
    'precision' => '30.000000',
    'from' => 'o6A_bwCj7w0vJ0HLFBB-a5RNkBPU',
    'to' => 'gh_9312a3c1979a',
    'time' => '1503712453',
    'type' => 'trace',
    'location_x' => '22.557657',
    'location_y' => '114.232681',
  ),
  'module' => 'default',
  'rule' => '-1',
)

2017-08-26 09:54:32 response :
------------
Array:
errno : -1 ;
message : Invaild value ;

2017-08-26 10:03:12 trace :
------------
String:
<xml><ToUserName><![CDATA[gh_9312a3c1979a]]></ToUserName>
<FromUserName><![CDATA[o6A_bwJAwT0-0JpEGe2PK7oPOBHA]]></FromUserName>
<CreateTime>1503712973</CreateTime>
<MsgType><![CDATA[event]]></MsgType>
<Event><![CDATA[LOCATION]]></Event>
<Latitude>45.770870</Latitude>
<Longitude>126.664124</Longitude>
<Precision>65.000000</Precision>
</xml>

2017-08-26 10:03:12 params :
------------
String:
array (
  'message' => 
  array (
    'tousername' => 'gh_9312a3c1979a',
    'fromusername' => 'o6A_bwJAwT0-0JpEGe2PK7oPOBHA',
    'createtime' => '1503712973',
    'msgtype' => 'event',
    'event' => 'LOCATION',
    'latitude' => '45.770870',
    'longitude' => '126.664124',
    'precision' => '65.000000',
    'from' => 'o6A_bwJAwT0-0JpEGe2PK7oPOBHA',
    'to' => 'gh_9312a3c1979a',
    'time' => '1503712973',
    'type' => 'trace',
    'location_x' => '45.770870',
    'location_y' => '126.664124',
  ),
  'module' => 'default',
  'rule' => '-1',
)

2017-08-26 10:03:12 response :
------------
Array:
errno : -1 ;
message : Invaild value ;

2017-08-26 10:03:52 trace :
------------
String:
<xml><ToUserName><![CDATA[gh_9312a3c1979a]]></ToUserName>
<FromUserName><![CDATA[o6A_bwJUyJGpurbSN8LNatdqo9Z0]]></FromUserName>
<CreateTime>1503713013</CreateTime>
<MsgType><![CDATA[event]]></MsgType>
<Event><![CDATA[LOCATION]]></Event>
<Latitude>22.567709</Latitude>
<Longitude>114.137093</Longitude>
<Precision>900.000000</Precision>
</xml>

2017-08-26 10:03:52 params :
------------
String:
array (
  'message' => 
  array (
    'tousername' => 'gh_9312a3c1979a',
    'fromusername' => 'o6A_bwJUyJGpurbSN8LNatdqo9Z0',
    'createtime' => '1503713013',
    'msgtype' => 'event',
    'event' => 'LOCATION',
    'latitude' => '22.567709',
    'longitude' => '114.137093',
    'precision' => '900.000000',
    'from' => 'o6A_bwJUyJGpurbSN8LNatdqo9Z0',
    'to' => 'gh_9312a3c1979a',
    'time' => '1503713013',
    'type' => 'trace',
    'location_x' => '22.567709',
    'location_y' => '114.137093',
  ),
  'module' => 'default',
  'rule' => '-1',
)

2017-08-26 10:03:52 response :
------------
Array:
errno : -1 ;
message : Invaild value ;

2017-08-26 10:04:19 trace :
------------
String:
<xml><ToUserName><![CDATA[gh_9312a3c1979a]]></ToUserName>
<FromUserName><![CDATA[o6A_bwJUyJGpurbSN8LNatdqo9Z0]]></FromUserName>
<CreateTime>1503713040</CreateTime>
<MsgType><![CDATA[event]]></MsgType>
<Event><![CDATA[LOCATION]]></Event>
<Latitude>22.567709</Latitude>
<Longitude>114.137093</Longitude>
<Precision>900.000000</Precision>
</xml>

2017-08-26 10:04:19 params :
------------
String:
array (
  'message' => 
  array (
    'tousername' => 'gh_9312a3c1979a',
    'fromusername' => 'o6A_bwJUyJGpurbSN8LNatdqo9Z0',
    'createtime' => '1503713040',
    'msgtype' => 'event',
    'event' => 'LOCATION',
    'latitude' => '22.567709',
    'longitude' => '114.137093',
    'precision' => '900.000000',
    'from' => 'o6A_bwJUyJGpurbSN8LNatdqo9Z0',
    'to' => 'gh_9312a3c1979a',
    'time' => '1503713040',
    'type' => 'trace',
    'location_x' => '22.567709',
    'location_y' => '114.137093',
  ),
  'module' => 'default',
  'rule' => '-1',
)

2017-08-26 10:04:19 response :
------------
Array:
errno : -1 ;
message : Invaild value ;

2017-08-26 10:04:28 trace :
------------
String:
<xml><ToUserName><![CDATA[gh_9312a3c1979a]]></ToUserName>
<FromUserName><![CDATA[o6A_bwJUyJGpurbSN8LNatdqo9Z0]]></FromUserName>
<CreateTime>1503713048</CreateTime>
<MsgType><![CDATA[event]]></MsgType>
<Event><![CDATA[VIEW]]></Event>
<EventKey><![CDATA[http://jiyin.baimuv.com/app/index.php?i=1&c=entry&m=ewei_shopv2&do=mobile&wxref=mp.weixin.qq.com#wechat_redirect]]></EventKey>
<MenuId>417452671</MenuId>
</xml>

2017-08-26 10:04:28 params :
------------
String:
array (
  'message' => 
  array (
    'tousername' => 'gh_9312a3c1979a',
    'fromusername' => 'o6A_bwJUyJGpurbSN8LNatdqo9Z0',
    'createtime' => '1503713048',
    'msgtype' => 'event',
    'event' => 'VIEW',
    'eventkey' => 'http://jiyin.baimuv.com/app/index.php?i=1&c=entry&m=ewei_shopv2&do=mobile&wxref=mp.weixin.qq.com#wechat_redirect',
    'menuid' => '417452671',
    'from' => 'o6A_bwJUyJGpurbSN8LNatdqo9Z0',
    'to' => 'gh_9312a3c1979a',
    'time' => '1503713048',
    'type' => 'text',
    'content' => '关注回复',
    'redirection' => true,
    'source' => 'default',
    'original' => 'http://jiyin.baimuv.com/app/index.php?i=1&c=entry&m=ewei_shopv2&do=mobile&wxref=mp.weixin.qq.com#wechat_redirect',
  ),
  'module' => 'basic',
  'rule' => '11',
  'priority' => '0',
  'keyword' => 
  array (
    'id' => '54',
    'rid' => '11',
    'uniacid' => '1',
    'module' => 'basic',
    'content' => '关注回复',
    'type' => '1',
    'displayorder' => '0',
    'status' => '1',
  ),
)

2017-08-26 10:04:28 response :
------------
Array:
FromUserName : gh_9312a3c1979a ;
ToUserName : o6A_bwJUyJGpurbSN8LNatdqo9Z0 ;
MsgType : text ;
Content : 欢迎关注：Babyfirst科学育儿！
在这里，你可以从基因角度了解宝宝育儿知识，获取不一样的育儿方法！
免费提供遗传咨询服务，为您解答一般育儿公众号无法解答的难题！
微商城已经开业，足不出户，即可让宝宝体验基因检测服务。 ;

2017-08-26 10:07:22 trace :
------------
String:
<xml><ToUserName><![CDATA[gh_9312a3c1979a]]></ToUserName>
<FromUserName><![CDATA[o6A_bwAvkPYef1w43Zrj87vzNNHg]]></FromUserName>
<CreateTime>1503713223</CreateTime>
<MsgType><![CDATA[event]]></MsgType>
<Event><![CDATA[LOCATION]]></Event>
<Latitude>22.827433</Latitude>
<Longitude>108.365723</Longitude>
<Precision>65.000000</Precision>
</xml>

2017-08-26 10:07:22 params :
------------
String:
array (
  'message' => 
  array (
    'tousername' => 'gh_9312a3c1979a',
    'fromusername' => 'o6A_bwAvkPYef1w43Zrj87vzNNHg',
    'createtime' => '1503713223',
    'msgtype' => 'event',
    'event' => 'LOCATION',
    'latitude' => '22.827433',
    'longitude' => '108.365723',
    'precision' => '65.000000',
    'from' => 'o6A_bwAvkPYef1w43Zrj87vzNNHg',
    'to' => 'gh_9312a3c1979a',
    'time' => '1503713223',
    'type' => 'trace',
    'location_x' => '22.827433',
    'location_y' => '108.365723',
  ),
  'module' => 'default',
  'rule' => '-1',
)

2017-08-26 10:07:22 response :
------------
Array:
errno : -1 ;
message : Invaild value ;

2017-08-26 10:19:34 trace :
------------
String:
<xml><ToUserName><![CDATA[gh_9312a3c1979a]]></ToUserName>
<FromUserName><![CDATA[o6A_bwP4e5PYG46Iu-tzZ8Qt4HP4]]></FromUserName>
<CreateTime>1503713954</CreateTime>
<MsgType><![CDATA[event]]></MsgType>
<Event><![CDATA[LOCATION]]></Event>
<Latitude>45.801914</Latitude>
<Longitude>126.513687</Longitude>
<Precision>30.000000</Precision>
</xml>

2017-08-26 10:19:34 params :
------------
String:
array (
  'message' => 
  array (
    'tousername' => 'gh_9312a3c1979a',
    'fromusername' => 'o6A_bwP4e5PYG46Iu-tzZ8Qt4HP4',
    'createtime' => '1503713954',
    'msgtype' => 'event',
    'event' => 'LOCATION',
    'latitude' => '45.801914',
    'longitude' => '126.513687',
    'precision' => '30.000000',
    'from' => 'o6A_bwP4e5PYG46Iu-tzZ8Qt4HP4',
    'to' => 'gh_9312a3c1979a',
    'time' => '1503713954',
    'type' => 'trace',
    'location_x' => '45.801914',
    'location_y' => '126.513687',
  ),
  'module' => 'default',
  'rule' => '-1',
)

2017-08-26 10:19:34 response :
------------
Array:
errno : -1 ;
message : Invaild value ;

2017-08-26 10:37:27 trace :
------------
String:
<xml><ToUserName><![CDATA[gh_9312a3c1979a]]></ToUserName>
<FromUserName><![CDATA[o6A_bwC0GVJ64Jq91mX3i5wIRR6o]]></FromUserName>
<CreateTime>1503715028</CreateTime>
<MsgType><![CDATA[event]]></MsgType>
<Event><![CDATA[VIEW]]></Event>
<EventKey><![CDATA[http://jiyin.baimuv.com/app/index.php?i=1&c=entry&m=ewei_shopv2&do=mobile&wxref=mp.weixin.qq.com#wechat_redirect]]></EventKey>
<MenuId>417452671</MenuId>
</xml>

2017-08-26 10:37:27 params :
------------
String:
array (
  'message' => 
  array (
    'tousername' => 'gh_9312a3c1979a',
    'fromusername' => 'o6A_bwC0GVJ64Jq91mX3i5wIRR6o',
    'createtime' => '1503715028',
    'msgtype' => 'event',
    'event' => 'VIEW',
    'eventkey' => 'http://jiyin.baimuv.com/app/index.php?i=1&c=entry&m=ewei_shopv2&do=mobile&wxref=mp.weixin.qq.com#wechat_redirect',
    'menuid' => '417452671',
    'from' => 'o6A_bwC0GVJ64Jq91mX3i5wIRR6o',
    'to' => 'gh_9312a3c1979a',
    'time' => '1503715028',
    'type' => 'text',
    'content' => '关注回复',
    'redirection' => true,
    'source' => 'default',
    'original' => 'http://jiyin.baimuv.com/app/index.php?i=1&c=entry&m=ewei_shopv2&do=mobile&wxref=mp.weixin.qq.com#wechat_redirect',
  ),
  'module' => 'basic',
  'rule' => '11',
  'priority' => '0',
  'keyword' => 
  array (
    'id' => '54',
    'rid' => '11',
    'uniacid' => '1',
    'module' => 'basic',
    'content' => '关注回复',
    'type' => '1',
    'displayorder' => '0',
    'status' => '1',
  ),
)

2017-08-26 10:37:27 response :
------------
Array:
FromUserName : gh_9312a3c1979a ;
ToUserName : o6A_bwC0GVJ64Jq91mX3i5wIRR6o ;
MsgType : text ;
Content : 欢迎关注：Babyfirst科学育儿！
在这里，你可以从基因角度了解宝宝育儿知识，获取不一样的育儿方法！
免费提供遗传咨询服务，为您解答一般育儿公众号无法解答的难题！
微商城已经开业，足不出户，即可让宝宝体验基因检测服务。 ;

2017-08-26 11:19:16 trace :
------------
String:
<xml><ToUserName><![CDATA[gh_9312a3c1979a]]></ToUserName>
<FromUserName><![CDATA[o6A_bwESks2KNsiWAnzyn3Rwt_0Y]]></FromUserName>
<CreateTime>1503717536</CreateTime>
<MsgType><![CDATA[event]]></MsgType>
<Event><![CDATA[subscribe]]></Event>
<EventKey><![CDATA[]]></EventKey>
</xml>

2017-08-26 11:19:16 params :
------------
String:
array (
  'message' => 
  array (
    'tousername' => 'gh_9312a3c1979a',
    'fromusername' => 'o6A_bwESks2KNsiWAnzyn3Rwt_0Y',
    'createtime' => '1503717536',
    'msgtype' => 'event',
    'event' => 'subscribe',
    'eventkey' => '',
    'from' => 'o6A_bwESks2KNsiWAnzyn3Rwt_0Y',
    'to' => 'gh_9312a3c1979a',
    'time' => '1503717536',
    'type' => 'text',
    'redirection' => true,
    'source' => 'subscribe',
    'content' => '关注回复',
  ),
  'module' => 'basic',
  'rule' => '11',
  'priority' => '0',
  'keyword' => 
  array (
    'id' => '54',
    'rid' => '11',
    'uniacid' => '1',
    'module' => 'basic',
    'content' => '关注回复',
    'type' => '1',
    'displayorder' => '0',
    'status' => '1',
  ),
)

2017-08-26 11:19:16 response :
------------
Array:
FromUserName : gh_9312a3c1979a ;
ToUserName : o6A_bwESks2KNsiWAnzyn3Rwt_0Y ;
MsgType : text ;
Content : 欢迎关注：Babyfirst科学育儿！
在这里，你可以从基因角度了解宝宝育儿知识，获取不一样的育儿方法！
免费提供遗传咨询服务，为您解答一般育儿公众号无法解答的难题！
微商城已经开业，足不出户，即可让宝宝体验基因检测服务。 ;

2017-08-26 11:19:27 trace :
------------
String:
<xml><ToUserName><![CDATA[gh_9312a3c1979a]]></ToUserName>
<FromUserName><![CDATA[o6A_bwESks2KNsiWAnzyn3Rwt_0Y]]></FromUserName>
<CreateTime>1503717547</CreateTime>
<MsgType><![CDATA[event]]></MsgType>
<Event><![CDATA[VIEW]]></Event>
<EventKey><![CDATA[https://www.firstories.com/signin]]></EventKey>
<MenuId>417452671</MenuId>
</xml>

2017-08-26 11:19:27 params :
------------
String:
array (
  'message' => 
  array (
    'tousername' => 'gh_9312a3c1979a',
    'fromusername' => 'o6A_bwESks2KNsiWAnzyn3Rwt_0Y',
    'createtime' => '1503717547',
    'msgtype' => 'event',
    'event' => 'VIEW',
    'eventkey' => 'https://www.firstories.com/signin',
    'menuid' => '417452671',
    'from' => 'o6A_bwESks2KNsiWAnzyn3Rwt_0Y',
    'to' => 'gh_9312a3c1979a',
    'time' => '1503717547',
    'type' => 'text',
    'content' => '关注回复',
    'redirection' => true,
    'source' => 'default',
    'original' => 'https://www.firstories.com/signin',
  ),
  'module' => 'basic',
  'rule' => '11',
  'priority' => '0',
  'keyword' => 
  array (
    'id' => '54',
    'rid' => '11',
    'uniacid' => '1',
    'module' => 'basic',
    'content' => '关注回复',
    'type' => '1',
    'displayorder' => '0',
    'status' => '1',
  ),
)

2017-08-26 11:19:27 response :
------------
Array:
FromUserName : gh_9312a3c1979a ;
ToUserName : o6A_bwESks2KNsiWAnzyn3Rwt_0Y ;
MsgType : text ;
Content : 欢迎关注：Babyfirst科学育儿！
在这里，你可以从基因角度了解宝宝育儿知识，获取不一样的育儿方法！
免费提供遗传咨询服务，为您解答一般育儿公众号无法解答的难题！
微商城已经开业，足不出户，即可让宝宝体验基因检测服务。 ;

2017-08-26 11:19:37 trace :
------------
String:
<xml><ToUserName><![CDATA[gh_9312a3c1979a]]></ToUserName>
<FromUserName><![CDATA[o6A_bwESks2KNsiWAnzyn3Rwt_0Y]]></FromUserName>
<CreateTime>1503717558</CreateTime>
<MsgType><![CDATA[event]]></MsgType>
<Event><![CDATA[CLICK]]></Event>
<EventKey><![CDATA[检测须知]]></EventKey>
</xml>

2017-08-26 11:19:37 params :
------------
String:
array (
  'message' => 
  array (
    'tousername' => 'gh_9312a3c1979a',
    'fromusername' => 'o6A_bwESks2KNsiWAnzyn3Rwt_0Y',
    'createtime' => '1503717558',
    'msgtype' => 'event',
    'event' => 'CLICK',
    'eventkey' => '检测须知',
    'from' => 'o6A_bwESks2KNsiWAnzyn3Rwt_0Y',
    'to' => 'gh_9312a3c1979a',
    'time' => '1503717558',
    'type' => 'text',
    'content' => '检测须知',
    'redirection' => true,
    'source' => 'click',
  ),
  'module' => 'news',
  'rule' => '20',
  'priority' => '0',
  'keyword' => 
  array (
    'id' => '36',
    'rid' => '20',
    'uniacid' => '1',
    'module' => 'news',
    'content' => '检测须知',
    'type' => '1',
    'displayorder' => '0',
    'status' => '1',
  ),
)

2017-08-26 11:19:37 response :
------------
Array:
FromUserName : gh_9312a3c1979a ;
ToUserName : o6A_bwESks2KNsiWAnzyn3Rwt_0Y ;
MsgType : news ;
ArticleCount : 2 ;
Articles : Array ;

2017-08-26 11:20:09 trace :
------------
String:
<xml><ToUserName><![CDATA[gh_9312a3c1979a]]></ToUserName>
<FromUserName><![CDATA[o6A_bwESks2KNsiWAnzyn3Rwt_0Y]]></FromUserName>
<CreateTime>1503717590</CreateTime>
<MsgType><![CDATA[event]]></MsgType>
<Event><![CDATA[VIEW]]></Event>
<EventKey><![CDATA[http://mp.weixin.qq.com/s?__biz=MzIzNTU4MTkyOA==&mid=100000616&idx=1&sn=090a00e6f879a124c1514133a0b241e0&chksm=68e5bbef5f9232f97476305959777f15648b726e71b41cc06ae33b7e13660d437f1ad58fc1d8&scene=18#wechat_redirect]]></EventKey>
<MenuId>417452671</MenuId>
</xml>

2017-08-26 11:20:09 params :
------------
String:
array (
  'message' => 
  array (
    'tousername' => 'gh_9312a3c1979a',
    'fromusername' => 'o6A_bwESks2KNsiWAnzyn3Rwt_0Y',
    'createtime' => '1503717590',
    'msgtype' => 'event',
    'event' => 'VIEW',
    'eventkey' => 'http://mp.weixin.qq.com/s?__biz=MzIzNTU4MTkyOA==&mid=100000616&idx=1&sn=090a00e6f879a124c1514133a0b241e0&chksm=68e5bbef5f9232f97476305959777f15648b726e71b41cc06ae33b7e13660d437f1ad58fc1d8&scene=18#wechat_redirect',
    'menuid' => '417452671',
    'from' => 'o6A_bwESks2KNsiWAnzyn3Rwt_0Y',
    'to' => 'gh_9312a3c1979a',
    'time' => '1503717590',
    'type' => 'text',
    'content' => '关注回复',
    'redirection' => true,
    'source' => 'default',
    'original' => 'http://mp.weixin.qq.com/s?__biz=MzIzNTU4MTkyOA==&mid=100000616&idx=1&sn=090a00e6f879a124c1514133a0b241e0&chksm=68e5bbef5f9232f97476305959777f15648b726e71b41cc06ae33b7e13660d437f1ad58fc1d8&scene=18#wechat_redirect',
  ),
  'module' => 'basic',
  'rule' => '11',
  'priority' => '0',
  'keyword' => 
  array (
    'id' => '54',
    'rid' => '11',
    'uniacid' => '1',
    'module' => 'basic',
    'content' => '关注回复',
    'type' => '1',
    'displayorder' => '0',
    'status' => '1',
  ),
)

2017-08-26 11:20:09 response :
------------
Array:
FromUserName : gh_9312a3c1979a ;
ToUserName : o6A_bwESks2KNsiWAnzyn3Rwt_0Y ;
MsgType : text ;
Content : 欢迎关注：Babyfirst科学育儿！
在这里，你可以从基因角度了解宝宝育儿知识，获取不一样的育儿方法！
免费提供遗传咨询服务，为您解答一般育儿公众号无法解答的难题！
微商城已经开业，足不出户，即可让宝宝体验基因检测服务。 ;

2017-08-26 11:20:23 trace :
------------
String:
<xml><ToUserName><![CDATA[gh_9312a3c1979a]]></ToUserName>
<FromUserName><![CDATA[o6A_bwESks2KNsiWAnzyn3Rwt_0Y]]></FromUserName>
<CreateTime>1503717603</CreateTime>
<MsgType><![CDATA[event]]></MsgType>
<Event><![CDATA[LOCATION]]></Event>
<Latitude>22.543364</Latitude>
<Longitude>113.929764</Longitude>
<Precision>65.000000</Precision>
</xml>

2017-08-26 11:20:23 params :
------------
String:
array (
  'message' => 
  array (
    'tousername' => 'gh_9312a3c1979a',
    'fromusername' => 'o6A_bwESks2KNsiWAnzyn3Rwt_0Y',
    'createtime' => '1503717603',
    'msgtype' => 'event',
    'event' => 'LOCATION',
    'latitude' => '22.543364',
    'longitude' => '113.929764',
    'precision' => '65.000000',
    'from' => 'o6A_bwESks2KNsiWAnzyn3Rwt_0Y',
    'to' => 'gh_9312a3c1979a',
    'time' => '1503717603',
    'type' => 'trace',
    'location_x' => '22.543364',
    'location_y' => '113.929764',
  ),
  'module' => 'default',
  'rule' => '-1',
)

2017-08-26 11:20:23 response :
------------
Array:
errno : -1 ;
message : Invaild value ;

2017-08-26 11:24:07 trace :
------------
String:
<xml><ToUserName><![CDATA[gh_9312a3c1979a]]></ToUserName>
<FromUserName><![CDATA[o6A_bwESks2KNsiWAnzyn3Rwt_0Y]]></FromUserName>
<CreateTime>1503717828</CreateTime>
<MsgType><![CDATA[event]]></MsgType>
<Event><![CDATA[LOCATION]]></Event>
<Latitude>22.543398</Latitude>
<Longitude>113.929764</Longitude>
<Precision>65.000000</Precision>
</xml>

2017-08-26 11:24:07 params :
------------
String:
array (
  'message' => 
  array (
    'tousername' => 'gh_9312a3c1979a',
    'fromusername' => 'o6A_bwESks2KNsiWAnzyn3Rwt_0Y',
    'createtime' => '1503717828',
    'msgtype' => 'event',
    'event' => 'LOCATION',
    'latitude' => '22.543398',
    'longitude' => '113.929764',
    'precision' => '65.000000',
    'from' => 'o6A_bwESks2KNsiWAnzyn3Rwt_0Y',
    'to' => 'gh_9312a3c1979a',
    'time' => '1503717828',
    'type' => 'trace',
    'location_x' => '22.543398',
    'location_y' => '113.929764',
  ),
  'module' => 'default',
  'rule' => '-1',
)

2017-08-26 11:24:07 response :
------------
Array:
errno : -1 ;
message : Invaild value ;

2017-08-26 11:24:11 trace :
------------
String:
<xml><ToUserName><![CDATA[gh_9312a3c1979a]]></ToUserName>
<FromUserName><![CDATA[o6A_bwESks2KNsiWAnzyn3Rwt_0Y]]></FromUserName>
<CreateTime>1503717832</CreateTime>
<MsgType><![CDATA[event]]></MsgType>
<Event><![CDATA[VIEW]]></Event>
<EventKey><![CDATA[http://jiyin.baimuv.com/app/index.php?i=1&c=entry&m=ewei_shopv2&do=mobile&r=article.list&cateid=17]]></EventKey>
<MenuId>417452671</MenuId>
</xml>

2017-08-26 11:24:11 params :
------------
String:
array (
  'message' => 
  array (
    'tousername' => 'gh_9312a3c1979a',
    'fromusername' => 'o6A_bwESks2KNsiWAnzyn3Rwt_0Y',
    'createtime' => '1503717832',
    'msgtype' => 'event',
    'event' => 'VIEW',
    'eventkey' => 'http://jiyin.baimuv.com/app/index.php?i=1&c=entry&m=ewei_shopv2&do=mobile&r=article.list&cateid=17',
    'menuid' => '417452671',
    'from' => 'o6A_bwESks2KNsiWAnzyn3Rwt_0Y',
    'to' => 'gh_9312a3c1979a',
    'time' => '1503717832',
    'type' => 'text',
    'content' => '关注回复',
    'redirection' => true,
    'source' => 'default',
    'original' => 'http://jiyin.baimuv.com/app/index.php?i=1&c=entry&m=ewei_shopv2&do=mobile&r=article.list&cateid=17',
  ),
  'module' => 'basic',
  'rule' => '11',
  'priority' => '0',
  'keyword' => 
  array (
    'id' => '54',
    'rid' => '11',
    'uniacid' => '1',
    'module' => 'basic',
    'content' => '关注回复',
    'type' => '1',
    'displayorder' => '0',
    'status' => '1',
  ),
)

2017-08-26 11:24:11 response :
------------
Array:
FromUserName : gh_9312a3c1979a ;
ToUserName : o6A_bwESks2KNsiWAnzyn3Rwt_0Y ;
MsgType : text ;
Content : 欢迎关注：Babyfirst科学育儿！
在这里，你可以从基因角度了解宝宝育儿知识，获取不一样的育儿方法！
免费提供遗传咨询服务，为您解答一般育儿公众号无法解答的难题！
微商城已经开业，足不出户，即可让宝宝体验基因检测服务。 ;

2017-08-26 11:26:57 trace :
------------
String:
<xml><ToUserName><![CDATA[gh_9312a3c1979a]]></ToUserName>
<FromUserName><![CDATA[o6A_bwJGrTX24pwJjX0BgxSx77j8]]></FromUserName>
<CreateTime>1503717998</CreateTime>
<MsgType><![CDATA[event]]></MsgType>
<Event><![CDATA[VIEW]]></Event>
<EventKey><![CDATA[http://jiyin.baimuv.com/app/index.php?i=1&c=entry&m=ewei_shopv2&do=mobile&wxref=mp.weixin.qq.com#wechat_redirect]]></EventKey>
<MenuId>417452671</MenuId>
</xml>

2017-08-26 11:26:57 params :
------------
String:
array (
  'message' => 
  array (
    'tousername' => 'gh_9312a3c1979a',
    'fromusername' => 'o6A_bwJGrTX24pwJjX0BgxSx77j8',
    'createtime' => '1503717998',
    'msgtype' => 'event',
    'event' => 'VIEW',
    'eventkey' => 'http://jiyin.baimuv.com/app/index.php?i=1&c=entry&m=ewei_shopv2&do=mobile&wxref=mp.weixin.qq.com#wechat_redirect',
    'menuid' => '417452671',
    'from' => 'o6A_bwJGrTX24pwJjX0BgxSx77j8',
    'to' => 'gh_9312a3c1979a',
    'time' => '1503717998',
    'type' => 'text',
    'content' => '关注回复',
    'redirection' => true,
    'source' => 'default',
    'original' => 'http://jiyin.baimuv.com/app/index.php?i=1&c=entry&m=ewei_shopv2&do=mobile&wxref=mp.weixin.qq.com#wechat_redirect',
  ),
  'module' => 'basic',
  'rule' => '11',
  'priority' => '0',
  'keyword' => 
  array (
    'id' => '54',
    'rid' => '11',
    'uniacid' => '1',
    'module' => 'basic',
    'content' => '关注回复',
    'type' => '1',
    'displayorder' => '0',
    'status' => '1',
  ),
)

2017-08-26 11:26:57 response :
------------
Array:
FromUserName : gh_9312a3c1979a ;
ToUserName : o6A_bwJGrTX24pwJjX0BgxSx77j8 ;
MsgType : text ;
Content : 欢迎关注：Babyfirst科学育儿！
在这里，你可以从基因角度了解宝宝育儿知识，获取不一样的育儿方法！
免费提供遗传咨询服务，为您解答一般育儿公众号无法解答的难题！
微商城已经开业，足不出户，即可让宝宝体验基因检测服务。 ;

2017-08-26 11:32:06 trace :
------------
String:
<xml><ToUserName><![CDATA[gh_9312a3c1979a]]></ToUserName>
<FromUserName><![CDATA[o6A_bwIfT0ZVnZM4ZpuO8aIuvkVM]]></FromUserName>
<CreateTime>1503718307</CreateTime>
<MsgType><![CDATA[event]]></MsgType>
<Event><![CDATA[LOCATION]]></Event>
<Latitude>25.089525</Latitude>
<Longitude>102.741814</Longitude>
<Precision>65.000000</Precision>
</xml>

2017-08-26 11:32:06 params :
------------
String:
array (
  'message' => 
  array (
    'tousername' => 'gh_9312a3c1979a',
    'fromusername' => 'o6A_bwIfT0ZVnZM4ZpuO8aIuvkVM',
    'createtime' => '1503718307',
    'msgtype' => 'event',
    'event' => 'LOCATION',
    'latitude' => '25.089525',
    'longitude' => '102.741814',
    'precision' => '65.000000',
    'from' => 'o6A_bwIfT0ZVnZM4ZpuO8aIuvkVM',
    'to' => 'gh_9312a3c1979a',
    'time' => '1503718307',
    'type' => 'trace',
    'location_x' => '25.089525',
    'location_y' => '102.741814',
  ),
  'module' => 'default',
  'rule' => '-1',
)

2017-08-26 11:32:06 response :
------------
Array:
errno : -1 ;
message : Invaild value ;

2017-08-26 11:33:27 trace :
------------
String:
<xml><ToUserName><![CDATA[gh_9312a3c1979a]]></ToUserName>
<FromUserName><![CDATA[o6A_bwJGrTX24pwJjX0BgxSx77j8]]></FromUserName>
<CreateTime>1503718387</CreateTime>
<MsgType><![CDATA[event]]></MsgType>
<Event><![CDATA[CLICK]]></Event>
<EventKey><![CDATA[检测须知]]></EventKey>
</xml>

2017-08-26 11:33:27 params :
------------
String:
array (
  'message' => 
  array (
    'tousername' => 'gh_9312a3c1979a',
    'fromusername' => 'o6A_bwJGrTX24pwJjX0BgxSx77j8',
    'createtime' => '1503718387',
    'msgtype' => 'event',
    'event' => 'CLICK',
    'eventkey' => '检测须知',
    'from' => 'o6A_bwJGrTX24pwJjX0BgxSx77j8',
    'to' => 'gh_9312a3c1979a',
    'time' => '1503718387',
    'type' => 'text',
    'content' => '检测须知',
    'redirection' => true,
    'source' => 'click',
  ),
  'module' => 'news',
  'rule' => '20',
  'priority' => '0',
  'keyword' => 
  array (
    'id' => '36',
    'rid' => '20',
    'uniacid' => '1',
    'module' => 'news',
    'content' => '检测须知',
    'type' => '1',
    'displayorder' => '0',
    'status' => '1',
  ),
)

2017-08-26 11:33:27 response :
------------
Array:
FromUserName : gh_9312a3c1979a ;
ToUserName : o6A_bwJGrTX24pwJjX0BgxSx77j8 ;
MsgType : news ;
ArticleCount : 2 ;
Articles : Array ;

2017-08-26 11:33:44 trace :
------------
String:
<xml><ToUserName><![CDATA[gh_9312a3c1979a]]></ToUserName>
<FromUserName><![CDATA[o6A_bwJGrTX24pwJjX0BgxSx77j8]]></FromUserName>
<CreateTime>1503718405</CreateTime>
<MsgType><![CDATA[event]]></MsgType>
<Event><![CDATA[VIEW]]></Event>
<EventKey><![CDATA[http://jiyin.baimuv.com/app/index.php?i=1&c=entry&m=ewei_shopv2&do=mobile&r=article.list&cateid=17]]></EventKey>
<MenuId>417452671</MenuId>
</xml>

2017-08-26 11:33:44 params :
------------
String:
array (
  'message' => 
  array (
    'tousername' => 'gh_9312a3c1979a',
    'fromusername' => 'o6A_bwJGrTX24pwJjX0BgxSx77j8',
    'createtime' => '1503718405',
    'msgtype' => 'event',
    'event' => 'VIEW',
    'eventkey' => 'http://jiyin.baimuv.com/app/index.php?i=1&c=entry&m=ewei_shopv2&do=mobile&r=article.list&cateid=17',
    'menuid' => '417452671',
    'from' => 'o6A_bwJGrTX24pwJjX0BgxSx77j8',
    'to' => 'gh_9312a3c1979a',
    'time' => '1503718405',
    'type' => 'text',
    'content' => '关注回复',
    'redirection' => true,
    'source' => 'default',
    'original' => 'http://jiyin.baimuv.com/app/index.php?i=1&c=entry&m=ewei_shopv2&do=mobile&r=article.list&cateid=17',
  ),
  'module' => 'basic',
  'rule' => '11',
  'priority' => '0',
  'keyword' => 
  array (
    'id' => '54',
    'rid' => '11',
    'uniacid' => '1',
    'module' => 'basic',
    'content' => '关注回复',
    'type' => '1',
    'displayorder' => '0',
    'status' => '1',
  ),
)

2017-08-26 11:33:44 response :
------------
Array:
FromUserName : gh_9312a3c1979a ;
ToUserName : o6A_bwJGrTX24pwJjX0BgxSx77j8 ;
MsgType : text ;
Content : 欢迎关注：Babyfirst科学育儿！
在这里，你可以从基因角度了解宝宝育儿知识，获取不一样的育儿方法！
免费提供遗传咨询服务，为您解答一般育儿公众号无法解答的难题！
微商城已经开业，足不出户，即可让宝宝体验基因检测服务。 ;

2017-08-26 11:34:13 trace :
------------
String:
<xml><ToUserName><![CDATA[gh_9312a3c1979a]]></ToUserName>
<FromUserName><![CDATA[o6A_bwJGrTX24pwJjX0BgxSx77j8]]></FromUserName>
<CreateTime>1503718434</CreateTime>
<MsgType><![CDATA[event]]></MsgType>
<Event><![CDATA[CLICK]]></Event>
<EventKey><![CDATA[用户解答]]></EventKey>
</xml>

2017-08-26 11:34:13 params :
------------
String:
array (
  'message' => 
  array (
    'tousername' => 'gh_9312a3c1979a',
    'fromusername' => 'o6A_bwJGrTX24pwJjX0BgxSx77j8',
    'createtime' => '1503718434',
    'msgtype' => 'event',
    'event' => 'CLICK',
    'eventkey' => '用户解答',
    'from' => 'o6A_bwJGrTX24pwJjX0BgxSx77j8',
    'to' => 'gh_9312a3c1979a',
    'time' => '1503718434',
    'type' => 'text',
    'content' => '用户解答',
    'redirection' => true,
    'source' => 'click',
  ),
  'module' => 'news',
  'rule' => '27',
  'priority' => '0',
  'keyword' => 
  array (
    'id' => '46',
    'rid' => '27',
    'uniacid' => '1',
    'module' => 'news',
    'content' => '用户解答',
    'type' => '1',
    'displayorder' => '0',
    'status' => '1',
  ),
)

2017-08-26 11:34:13 response :
------------
Array:
FromUserName : gh_9312a3c1979a ;
ToUserName : o6A_bwJGrTX24pwJjX0BgxSx77j8 ;
MsgType : news ;
ArticleCount : 1 ;
Articles : Array ;

2017-08-26 11:34:30 trace :
------------
String:
<xml><ToUserName><![CDATA[gh_9312a3c1979a]]></ToUserName>
<FromUserName><![CDATA[o6A_bwJGrTX24pwJjX0BgxSx77j8]]></FromUserName>
<CreateTime>1503718451</CreateTime>
<MsgType><![CDATA[event]]></MsgType>
<Event><![CDATA[VIEW]]></Event>
<EventKey><![CDATA[http://mp.weixin.qq.com/mp/homepage?__biz=MzIzNTU4MTkyOA==&hid=5&sn=3ed15a74bd6996b732951cb420128bce&scene=18#wechat_redirect]]></EventKey>
<MenuId>417452671</MenuId>
</xml>

2017-08-26 11:34:30 params :
------------
String:
array (
  'message' => 
  array (
    'tousername' => 'gh_9312a3c1979a',
    'fromusername' => 'o6A_bwJGrTX24pwJjX0BgxSx77j8',
    'createtime' => '1503718451',
    'msgtype' => 'event',
    'event' => 'VIEW',
    'eventkey' => 'http://mp.weixin.qq.com/mp/homepage?__biz=MzIzNTU4MTkyOA==&hid=5&sn=3ed15a74bd6996b732951cb420128bce&scene=18#wechat_redirect',
    'menuid' => '417452671',
    'from' => 'o6A_bwJGrTX24pwJjX0BgxSx77j8',
    'to' => 'gh_9312a3c1979a',
    'time' => '1503718451',
    'type' => 'text',
    'content' => '关注回复',
    'redirection' => true,
    'source' => 'default',
    'original' => 'http://mp.weixin.qq.com/mp/homepage?__biz=MzIzNTU4MTkyOA==&hid=5&sn=3ed15a74bd6996b732951cb420128bce&scene=18#wechat_redirect',
  ),
  'module' => 'basic',
  'rule' => '11',
  'priority' => '0',
  'keyword' => 
  array (
    'id' => '54',
    'rid' => '11',
    'uniacid' => '1',
    'module' => 'basic',
    'content' => '关注回复',
    'type' => '1',
    'displayorder' => '0',
    'status' => '1',
  ),
)

2017-08-26 11:34:30 response :
------------
Array:
FromUserName : gh_9312a3c1979a ;
ToUserName : o6A_bwJGrTX24pwJjX0BgxSx77j8 ;
MsgType : text ;
Content : 欢迎关注：Babyfirst科学育儿！
在这里，你可以从基因角度了解宝宝育儿知识，获取不一样的育儿方法！
免费提供遗传咨询服务，为您解答一般育儿公众号无法解答的难题！
微商城已经开业，足不出户，即可让宝宝体验基因检测服务。 ;

2017-08-26 11:41:38 trace :
------------
String:
<xml><ToUserName><![CDATA[gh_9312a3c1979a]]></ToUserName>
<FromUserName><![CDATA[o6A_bwNiHwTWV2sDgwMfT9WtCKyk]]></FromUserName>
<CreateTime>1503718879</CreateTime>
<MsgType><![CDATA[event]]></MsgType>
<Event><![CDATA[LOCATION]]></Event>
<Latitude>22.793383</Latitude>
<Longitude>113.528381</Longitude>
<Precision>30.000000</Precision>
</xml>

2017-08-26 11:41:38 params :
------------
String:
array (
  'message' => 
  array (
    'tousername' => 'gh_9312a3c1979a',
    'fromusername' => 'o6A_bwNiHwTWV2sDgwMfT9WtCKyk',
    'createtime' => '1503718879',
    'msgtype' => 'event',
    'event' => 'LOCATION',
    'latitude' => '22.793383',
    'longitude' => '113.528381',
    'precision' => '30.000000',
    'from' => 'o6A_bwNiHwTWV2sDgwMfT9WtCKyk',
    'to' => 'gh_9312a3c1979a',
    'time' => '1503718879',
    'type' => 'trace',
    'location_x' => '22.793383',
    'location_y' => '113.528381',
  ),
  'module' => 'default',
  'rule' => '-1',
)

2017-08-26 11:41:38 response :
------------
Array:
errno : -1 ;
message : Invaild value ;

2017-08-26 11:43:15 trace :
------------
String:
<xml><ToUserName><![CDATA[gh_9312a3c1979a]]></ToUserName>
<FromUserName><![CDATA[o6A_bwMfRDFY2vkxxB3dWyq1Bzjc]]></FromUserName>
<CreateTime>1503718976</CreateTime>
<MsgType><![CDATA[event]]></MsgType>
<Event><![CDATA[subscribe]]></Event>
<EventKey><![CDATA[]]></EventKey>
</xml>

2017-08-26 11:43:15 params :
------------
String:
array (
  'message' => 
  array (
    'tousername' => 'gh_9312a3c1979a',
    'fromusername' => 'o6A_bwMfRDFY2vkxxB3dWyq1Bzjc',
    'createtime' => '1503718976',
    'msgtype' => 'event',
    'event' => 'subscribe',
    'eventkey' => '',
    'from' => 'o6A_bwMfRDFY2vkxxB3dWyq1Bzjc',
    'to' => 'gh_9312a3c1979a',
    'time' => '1503718976',
    'type' => 'text',
    'redirection' => true,
    'source' => 'subscribe',
    'content' => '关注回复',
  ),
  'module' => 'basic',
  'rule' => '11',
  'priority' => '0',
  'keyword' => 
  array (
    'id' => '54',
    'rid' => '11',
    'uniacid' => '1',
    'module' => 'basic',
    'content' => '关注回复',
    'type' => '1',
    'displayorder' => '0',
    'status' => '1',
  ),
)

2017-08-26 11:43:15 response :
------------
Array:
FromUserName : gh_9312a3c1979a ;
ToUserName : o6A_bwMfRDFY2vkxxB3dWyq1Bzjc ;
MsgType : text ;
Content : 欢迎关注：Babyfirst科学育儿！
在这里，你可以从基因角度了解宝宝育儿知识，获取不一样的育儿方法！
免费提供遗传咨询服务，为您解答一般育儿公众号无法解答的难题！
微商城已经开业，足不出户，即可让宝宝体验基因检测服务。 ;

2017-08-26 11:43:21 trace :
------------
String:
<xml><ToUserName><![CDATA[gh_9312a3c1979a]]></ToUserName>
<FromUserName><![CDATA[o6A_bwMfRDFY2vkxxB3dWyq1Bzjc]]></FromUserName>
<CreateTime>1503718982</CreateTime>
<MsgType><![CDATA[event]]></MsgType>
<Event><![CDATA[LOCATION]]></Event>
<Latitude>45.625164</Latitude>
<Longitude>126.631439</Longitude>
<Precision>65.000000</Precision>
</xml>

2017-08-26 11:43:21 params :
------------
String:
array (
  'message' => 
  array (
    'tousername' => 'gh_9312a3c1979a',
    'fromusername' => 'o6A_bwMfRDFY2vkxxB3dWyq1Bzjc',
    'createtime' => '1503718982',
    'msgtype' => 'event',
    'event' => 'LOCATION',
    'latitude' => '45.625164',
    'longitude' => '126.631439',
    'precision' => '65.000000',
    'from' => 'o6A_bwMfRDFY2vkxxB3dWyq1Bzjc',
    'to' => 'gh_9312a3c1979a',
    'time' => '1503718982',
    'type' => 'trace',
    'location_x' => '45.625164',
    'location_y' => '126.631439',
  ),
  'module' => 'default',
  'rule' => '-1',
)

2017-08-26 11:43:21 response :
------------
Array:
errno : -1 ;
message : Invaild value ;

2017-08-26 11:43:31 trace :
------------
String:
<xml><ToUserName><![CDATA[gh_9312a3c1979a]]></ToUserName>
<FromUserName><![CDATA[o6A_bwMfRDFY2vkxxB3dWyq1Bzjc]]></FromUserName>
<CreateTime>1503718992</CreateTime>
<MsgType><![CDATA[event]]></MsgType>
<Event><![CDATA[LOCATION]]></Event>
<Latitude>45.625237</Latitude>
<Longitude>126.631439</Longitude>
<Precision>65.000000</Precision>
</xml>

2017-08-26 11:43:31 params :
------------
String:
array (
  'message' => 
  array (
    'tousername' => 'gh_9312a3c1979a',
    'fromusername' => 'o6A_bwMfRDFY2vkxxB3dWyq1Bzjc',
    'createtime' => '1503718992',
    'msgtype' => 'event',
    'event' => 'LOCATION',
    'latitude' => '45.625237',
    'longitude' => '126.631439',
    'precision' => '65.000000',
    'from' => 'o6A_bwMfRDFY2vkxxB3dWyq1Bzjc',
    'to' => 'gh_9312a3c1979a',
    'time' => '1503718992',
    'type' => 'trace',
    'location_x' => '45.625237',
    'location_y' => '126.631439',
  ),
  'module' => 'default',
  'rule' => '-1',
)

2017-08-26 11:43:31 response :
------------
Array:
errno : -1 ;
message : Invaild value ;

2017-08-26 11:50:56 trace :
------------
String:
<xml><ToUserName><![CDATA[gh_9312a3c1979a]]></ToUserName>
<FromUserName><![CDATA[o6A_bwGrzaeFrlVWvk03IHIECY4U]]></FromUserName>
<CreateTime>1503719437</CreateTime>
<MsgType><![CDATA[event]]></MsgType>
<Event><![CDATA[LOCATION]]></Event>
<Latitude>22.526398</Latitude>
<Longitude>113.936371</Longitude>
<Precision>65.000000</Precision>
</xml>

2017-08-26 11:50:56 params :
------------
String:
array (
  'message' => 
  array (
    'tousername' => 'gh_9312a3c1979a',
    'fromusername' => 'o6A_bwGrzaeFrlVWvk03IHIECY4U',
    'createtime' => '1503719437',
    'msgtype' => 'event',
    'event' => 'LOCATION',
    'latitude' => '22.526398',
    'longitude' => '113.936371',
    'precision' => '65.000000',
    'from' => 'o6A_bwGrzaeFrlVWvk03IHIECY4U',
    'to' => 'gh_9312a3c1979a',
    'time' => '1503719437',
    'type' => 'trace',
    'location_x' => '22.526398',
    'location_y' => '113.936371',
  ),
  'module' => 'default',
  'rule' => '-1',
)

2017-08-26 11:50:56 response :
------------
Array:
errno : -1 ;
message : Invaild value ;

2017-08-26 12:35:00 trace :
------------
String:
<xml><ToUserName><![CDATA[gh_9312a3c1979a]]></ToUserName>
<FromUserName><![CDATA[o6A_bwA1utuv2dV_l2s8VeC2y9q8]]></FromUserName>
<CreateTime>1503722080</CreateTime>
<MsgType><![CDATA[event]]></MsgType>
<Event><![CDATA[LOCATION]]></Event>
<Latitude>45.803722</Latitude>
<Longitude>126.548615</Longitude>
<Precision>65.000000</Precision>
</xml>

2017-08-26 12:35:00 params :
------------
String:
array (
  'message' => 
  array (
    'tousername' => 'gh_9312a3c1979a',
    'fromusername' => 'o6A_bwA1utuv2dV_l2s8VeC2y9q8',
    'createtime' => '1503722080',
    'msgtype' => 'event',
    'event' => 'LOCATION',
    'latitude' => '45.803722',
    'longitude' => '126.548615',
    'precision' => '65.000000',
    'from' => 'o6A_bwA1utuv2dV_l2s8VeC2y9q8',
    'to' => 'gh_9312a3c1979a',
    'time' => '1503722080',
    'type' => 'trace',
    'location_x' => '45.803722',
    'location_y' => '126.548615',
  ),
  'module' => 'default',
  'rule' => '-1',
)

2017-08-26 12:35:00 response :
------------
Array:
errno : -1 ;
message : Invaild value ;

2017-08-26 13:01:03 trace :
------------
String:
<xml><ToUserName><![CDATA[gh_9312a3c1979a]]></ToUserName>
<FromUserName><![CDATA[o6A_bwNktLI3ySNdsroYsa7t9RlY]]></FromUserName>
<CreateTime>1503723644</CreateTime>
<MsgType><![CDATA[event]]></MsgType>
<Event><![CDATA[VIEW]]></Event>
<EventKey><![CDATA[http://jiyin.baimuv.com/app/index.php?i=1&c=entry&m=ewei_shopv2&do=mobile&wxref=mp.weixin.qq.com#wechat_redirect]]></EventKey>
<MenuId>417452671</MenuId>
</xml>

2017-08-26 13:01:03 params :
------------
String:
array (
  'message' => 
  array (
    'tousername' => 'gh_9312a3c1979a',
    'fromusername' => 'o6A_bwNktLI3ySNdsroYsa7t9RlY',
    'createtime' => '1503723644',
    'msgtype' => 'event',
    'event' => 'VIEW',
    'eventkey' => 'http://jiyin.baimuv.com/app/index.php?i=1&c=entry&m=ewei_shopv2&do=mobile&wxref=mp.weixin.qq.com#wechat_redirect',
    'menuid' => '417452671',
    'from' => 'o6A_bwNktLI3ySNdsroYsa7t9RlY',
    'to' => 'gh_9312a3c1979a',
    'time' => '1503723644',
    'type' => 'text',
    'content' => '关注回复',
    'redirection' => true,
    'source' => 'default',
    'original' => 'http://jiyin.baimuv.com/app/index.php?i=1&c=entry&m=ewei_shopv2&do=mobile&wxref=mp.weixin.qq.com#wechat_redirect',
  ),
  'module' => 'basic',
  'rule' => '11',
  'priority' => '0',
  'keyword' => 
  array (
    'id' => '54',
    'rid' => '11',
    'uniacid' => '1',
    'module' => 'basic',
    'content' => '关注回复',
    'type' => '1',
    'displayorder' => '0',
    'status' => '1',
  ),
)

2017-08-26 13:01:03 response :
------------
Array:
FromUserName : gh_9312a3c1979a ;
ToUserName : o6A_bwNktLI3ySNdsroYsa7t9RlY ;
MsgType : text ;
Content : 欢迎关注：Babyfirst科学育儿！
在这里，你可以从基因角度了解宝宝育儿知识，获取不一样的育儿方法！
免费提供遗传咨询服务，为您解答一般育儿公众号无法解答的难题！
微商城已经开业，足不出户，即可让宝宝体验基因检测服务。 ;

2017-08-26 14:08:36 trace :
------------
String:
<xml><ToUserName><![CDATA[gh_9312a3c1979a]]></ToUserName>
<FromUserName><![CDATA[o6A_bwNvFwl-3enEP7t-40PTV3LI]]></FromUserName>
<CreateTime>1503727696</CreateTime>
<MsgType><![CDATA[event]]></MsgType>
<Event><![CDATA[LOCATION]]></Event>
<Latitude>22.546700</Latitude>
<Longitude>113.965897</Longitude>
<Precision>30.000000</Precision>
</xml>

2017-08-26 14:08:36 params :
------------
String:
array (
  'message' => 
  array (
    'tousername' => 'gh_9312a3c1979a',
    'fromusername' => 'o6A_bwNvFwl-3enEP7t-40PTV3LI',
    'createtime' => '1503727696',
    'msgtype' => 'event',
    'event' => 'LOCATION',
    'latitude' => '22.546700',
    'longitude' => '113.965897',
    'precision' => '30.000000',
    'from' => 'o6A_bwNvFwl-3enEP7t-40PTV3LI',
    'to' => 'gh_9312a3c1979a',
    'time' => '1503727696',
    'type' => 'trace',
    'location_x' => '22.546700',
    'location_y' => '113.965897',
  ),
  'module' => 'default',
  'rule' => '-1',
)

2017-08-26 14:08:36 response :
------------
Array:
errno : -1 ;
message : Invaild value ;

2017-08-26 14:10:26 trace :
------------
String:
<xml><ToUserName><![CDATA[gh_9312a3c1979a]]></ToUserName>
<FromUserName><![CDATA[o6A_bwNvFwl-3enEP7t-40PTV3LI]]></FromUserName>
<CreateTime>1503727807</CreateTime>
<MsgType><![CDATA[event]]></MsgType>
<Event><![CDATA[LOCATION]]></Event>
<Latitude>22.546700</Latitude>
<Longitude>113.965897</Longitude>
<Precision>30.000000</Precision>
</xml>

2017-08-26 14:10:26 params :
------------
String:
array (
  'message' => 
  array (
    'tousername' => 'gh_9312a3c1979a',
    'fromusername' => 'o6A_bwNvFwl-3enEP7t-40PTV3LI',
    'createtime' => '1503727807',
    'msgtype' => 'event',
    'event' => 'LOCATION',
    'latitude' => '22.546700',
    'longitude' => '113.965897',
    'precision' => '30.000000',
    'from' => 'o6A_bwNvFwl-3enEP7t-40PTV3LI',
    'to' => 'gh_9312a3c1979a',
    'time' => '1503727807',
    'type' => 'trace',
    'location_x' => '22.546700',
    'location_y' => '113.965897',
  ),
  'module' => 'default',
  'rule' => '-1',
)

2017-08-26 14:10:26 response :
------------
Array:
errno : -1 ;
message : Invaild value ;

2017-08-26 14:10:28 trace :
------------
String:
<xml><ToUserName><![CDATA[gh_9312a3c1979a]]></ToUserName>
<FromUserName><![CDATA[o6A_bwNvFwl-3enEP7t-40PTV3LI]]></FromUserName>
<CreateTime>1503727809</CreateTime>
<MsgType><![CDATA[event]]></MsgType>
<Event><![CDATA[VIEW]]></Event>
<EventKey><![CDATA[http://jiyin.baimuv.com/app/index.php?i=1&c=entry&m=ewei_shopv2&do=mobile&wxref=mp.weixin.qq.com#wechat_redirect]]></EventKey>
<MenuId>417452671</MenuId>
</xml>

2017-08-26 14:10:28 params :
------------
String:
array (
  'message' => 
  array (
    'tousername' => 'gh_9312a3c1979a',
    'fromusername' => 'o6A_bwNvFwl-3enEP7t-40PTV3LI',
    'createtime' => '1503727809',
    'msgtype' => 'event',
    'event' => 'VIEW',
    'eventkey' => 'http://jiyin.baimuv.com/app/index.php?i=1&c=entry&m=ewei_shopv2&do=mobile&wxref=mp.weixin.qq.com#wechat_redirect',
    'menuid' => '417452671',
    'from' => 'o6A_bwNvFwl-3enEP7t-40PTV3LI',
    'to' => 'gh_9312a3c1979a',
    'time' => '1503727809',
    'type' => 'text',
    'content' => '关注回复',
    'redirection' => true,
    'source' => 'default',
    'original' => 'http://jiyin.baimuv.com/app/index.php?i=1&c=entry&m=ewei_shopv2&do=mobile&wxref=mp.weixin.qq.com#wechat_redirect',
  ),
  'module' => 'basic',
  'rule' => '11',
  'priority' => '0',
  'keyword' => 
  array (
    'id' => '54',
    'rid' => '11',
    'uniacid' => '1',
    'module' => 'basic',
    'content' => '关注回复',
    'type' => '1',
    'displayorder' => '0',
    'status' => '1',
  ),
)

2017-08-26 14:10:28 response :
------------
Array:
FromUserName : gh_9312a3c1979a ;
ToUserName : o6A_bwNvFwl-3enEP7t-40PTV3LI ;
MsgType : text ;
Content : 欢迎关注：Babyfirst科学育儿！
在这里，你可以从基因角度了解宝宝育儿知识，获取不一样的育儿方法！
免费提供遗传咨询服务，为您解答一般育儿公众号无法解答的难题！
微商城已经开业，足不出户，即可让宝宝体验基因检测服务。 ;

2017-08-26 14:11:05 trace :
------------
String:
<xml><ToUserName><![CDATA[gh_9312a3c1979a]]></ToUserName>
<FromUserName><![CDATA[o6A_bwNvFwl-3enEP7t-40PTV3LI]]></FromUserName>
<CreateTime>1503727845</CreateTime>
<MsgType><![CDATA[event]]></MsgType>
<Event><![CDATA[LOCATION]]></Event>
<Latitude>22.546700</Latitude>
<Longitude>113.965897</Longitude>
<Precision>30.000000</Precision>
</xml>

2017-08-26 14:11:05 params :
------------
String:
array (
  'message' => 
  array (
    'tousername' => 'gh_9312a3c1979a',
    'fromusername' => 'o6A_bwNvFwl-3enEP7t-40PTV3LI',
    'createtime' => '1503727845',
    'msgtype' => 'event',
    'event' => 'LOCATION',
    'latitude' => '22.546700',
    'longitude' => '113.965897',
    'precision' => '30.000000',
    'from' => 'o6A_bwNvFwl-3enEP7t-40PTV3LI',
    'to' => 'gh_9312a3c1979a',
    'time' => '1503727845',
    'type' => 'trace',
    'location_x' => '22.546700',
    'location_y' => '113.965897',
  ),
  'module' => 'default',
  'rule' => '-1',
)

2017-08-26 14:11:05 response :
------------
Array:
errno : -1 ;
message : Invaild value ;

2017-08-26 15:51:17 trace :
------------
String:
<xml><ToUserName><![CDATA[gh_9312a3c1979a]]></ToUserName>
<FromUserName><![CDATA[o6A_bwNo_1QehObM9bZUaRwoUX4M]]></FromUserName>
<CreateTime>1503733857</CreateTime>
<MsgType><![CDATA[event]]></MsgType>
<Event><![CDATA[VIEW]]></Event>
<EventKey><![CDATA[http://jiyin.baimuv.com/app/index.php?i=1&c=entry&m=ewei_shopv2&do=mobile&r=article.list&cateid=17]]></EventKey>
<MenuId>417452671</MenuId>
</xml>

2017-08-26 15:51:17 params :
------------
String:
array (
  'message' => 
  array (
    'tousername' => 'gh_9312a3c1979a',
    'fromusername' => 'o6A_bwNo_1QehObM9bZUaRwoUX4M',
    'createtime' => '1503733857',
    'msgtype' => 'event',
    'event' => 'VIEW',
    'eventkey' => 'http://jiyin.baimuv.com/app/index.php?i=1&c=entry&m=ewei_shopv2&do=mobile&r=article.list&cateid=17',
    'menuid' => '417452671',
    'from' => 'o6A_bwNo_1QehObM9bZUaRwoUX4M',
    'to' => 'gh_9312a3c1979a',
    'time' => '1503733857',
    'type' => 'text',
    'content' => '关注回复',
    'redirection' => true,
    'source' => 'default',
    'original' => 'http://jiyin.baimuv.com/app/index.php?i=1&c=entry&m=ewei_shopv2&do=mobile&r=article.list&cateid=17',
  ),
  'module' => 'basic',
  'rule' => '11',
  'priority' => '0',
  'keyword' => 
  array (
    'id' => '54',
    'rid' => '11',
    'uniacid' => '1',
    'module' => 'basic',
    'content' => '关注回复',
    'type' => '1',
    'displayorder' => '0',
    'status' => '1',
  ),
)

2017-08-26 15:51:17 response :
------------
Array:
FromUserName : gh_9312a3c1979a ;
ToUserName : o6A_bwNo_1QehObM9bZUaRwoUX4M ;
MsgType : text ;
Content : 欢迎关注：Babyfirst科学育儿！
在这里，你可以从基因角度了解宝宝育儿知识，获取不一样的育儿方法！
免费提供遗传咨询服务，为您解答一般育儿公众号无法解答的难题！
微商城已经开业，足不出户，即可让宝宝体验基因检测服务。 ;

2017-08-26 15:52:09 trace :
------------
String:
<xml><ToUserName><![CDATA[gh_9312a3c1979a]]></ToUserName>
<FromUserName><![CDATA[o6A_bwNo_1QehObM9bZUaRwoUX4M]]></FromUserName>
<CreateTime>1503733909</CreateTime>
<MsgType><![CDATA[event]]></MsgType>
<Event><![CDATA[VIEW]]></Event>
<EventKey><![CDATA[http://mp.weixin.qq.com/s?__biz=MzIzNTU4MTkyOA==&mid=100000616&idx=1&sn=090a00e6f879a124c1514133a0b241e0&chksm=68e5bbef5f9232f97476305959777f15648b726e71b41cc06ae33b7e13660d437f1ad58fc1d8&scene=18#wechat_redirect]]></EventKey>
<MenuId>417452671</MenuId>
</xml>

2017-08-26 15:52:09 params :
------------
String:
array (
  'message' => 
  array (
    'tousername' => 'gh_9312a3c1979a',
    'fromusername' => 'o6A_bwNo_1QehObM9bZUaRwoUX4M',
    'createtime' => '1503733909',
    'msgtype' => 'event',
    'event' => 'VIEW',
    'eventkey' => 'http://mp.weixin.qq.com/s?__biz=MzIzNTU4MTkyOA==&mid=100000616&idx=1&sn=090a00e6f879a124c1514133a0b241e0&chksm=68e5bbef5f9232f97476305959777f15648b726e71b41cc06ae33b7e13660d437f1ad58fc1d8&scene=18#wechat_redirect',
    'menuid' => '417452671',
    'from' => 'o6A_bwNo_1QehObM9bZUaRwoUX4M',
    'to' => 'gh_9312a3c1979a',
    'time' => '1503733909',
    'type' => 'text',
    'content' => '关注回复',
    'redirection' => true,
    'source' => 'default',
    'original' => 'http://mp.weixin.qq.com/s?__biz=MzIzNTU4MTkyOA==&mid=100000616&idx=1&sn=090a00e6f879a124c1514133a0b241e0&chksm=68e5bbef5f9232f97476305959777f15648b726e71b41cc06ae33b7e13660d437f1ad58fc1d8&scene=18#wechat_redirect',
  ),
  'module' => 'basic',
  'rule' => '11',
  'priority' => '0',
  'keyword' => 
  array (
    'id' => '54',
    'rid' => '11',
    'uniacid' => '1',
    'module' => 'basic',
    'content' => '关注回复',
    'type' => '1',
    'displayorder' => '0',
    'status' => '1',
  ),
)

2017-08-26 15:52:09 response :
------------
Array:
FromUserName : gh_9312a3c1979a ;
ToUserName : o6A_bwNo_1QehObM9bZUaRwoUX4M ;
MsgType : text ;
Content : 欢迎关注：Babyfirst科学育儿！
在这里，你可以从基因角度了解宝宝育儿知识，获取不一样的育儿方法！
免费提供遗传咨询服务，为您解答一般育儿公众号无法解答的难题！
微商城已经开业，足不出户，即可让宝宝体验基因检测服务。 ;

2017-08-26 15:53:45 trace :
------------
String:
<xml><ToUserName><![CDATA[gh_9312a3c1979a]]></ToUserName>
<FromUserName><![CDATA[o6A_bwNo_1QehObM9bZUaRwoUX4M]]></FromUserName>
<CreateTime>1503734005</CreateTime>
<MsgType><![CDATA[event]]></MsgType>
<Event><![CDATA[VIEW]]></Event>
<EventKey><![CDATA[http://jiyin.baimuv.com/app/index.php?i=1&c=entry&m=ewei_shopv2&do=mobile&wxref=mp.weixin.qq.com#wechat_redirect]]></EventKey>
<MenuId>417452671</MenuId>
</xml>

2017-08-26 15:53:45 params :
------------
String:
array (
  'message' => 
  array (
    'tousername' => 'gh_9312a3c1979a',
    'fromusername' => 'o6A_bwNo_1QehObM9bZUaRwoUX4M',
    'createtime' => '1503734005',
    'msgtype' => 'event',
    'event' => 'VIEW',
    'eventkey' => 'http://jiyin.baimuv.com/app/index.php?i=1&c=entry&m=ewei_shopv2&do=mobile&wxref=mp.weixin.qq.com#wechat_redirect',
    'menuid' => '417452671',
    'from' => 'o6A_bwNo_1QehObM9bZUaRwoUX4M',
    'to' => 'gh_9312a3c1979a',
    'time' => '1503734005',
    'type' => 'text',
    'content' => '关注回复',
    'redirection' => true,
    'source' => 'default',
    'original' => 'http://jiyin.baimuv.com/app/index.php?i=1&c=entry&m=ewei_shopv2&do=mobile&wxref=mp.weixin.qq.com#wechat_redirect',
  ),
  'module' => 'basic',
  'rule' => '11',
  'priority' => '0',
  'keyword' => 
  array (
    'id' => '54',
    'rid' => '11',
    'uniacid' => '1',
    'module' => 'basic',
    'content' => '关注回复',
    'type' => '1',
    'displayorder' => '0',
    'status' => '1',
  ),
)

2017-08-26 15:53:45 response :
------------
Array:
FromUserName : gh_9312a3c1979a ;
ToUserName : o6A_bwNo_1QehObM9bZUaRwoUX4M ;
MsgType : text ;
Content : 欢迎关注：Babyfirst科学育儿！
在这里，你可以从基因角度了解宝宝育儿知识，获取不一样的育儿方法！
免费提供遗传咨询服务，为您解答一般育儿公众号无法解答的难题！
微商城已经开业，足不出户，即可让宝宝体验基因检测服务。 ;

2017-08-26 15:54:25 trace :
------------
String:
<xml><ToUserName><![CDATA[gh_9312a3c1979a]]></ToUserName>
<FromUserName><![CDATA[o6A_bwNo_1QehObM9bZUaRwoUX4M]]></FromUserName>
<CreateTime>1503734046</CreateTime>
<MsgType><![CDATA[event]]></MsgType>
<Event><![CDATA[VIEW]]></Event>
<EventKey><![CDATA[http://jiyin.baimuv.com/app/index.php?i=1&c=entry&m=ewei_shopv2&do=mobile&wxref=mp.weixin.qq.com#wechat_redirect]]></EventKey>
<MenuId>417452671</MenuId>
</xml>

2017-08-26 15:54:25 params :
------------
String:
array (
  'message' => 
  array (
    'tousername' => 'gh_9312a3c1979a',
    'fromusername' => 'o6A_bwNo_1QehObM9bZUaRwoUX4M',
    'createtime' => '1503734046',
    'msgtype' => 'event',
    'event' => 'VIEW',
    'eventkey' => 'http://jiyin.baimuv.com/app/index.php?i=1&c=entry&m=ewei_shopv2&do=mobile&wxref=mp.weixin.qq.com#wechat_redirect',
    'menuid' => '417452671',
    'from' => 'o6A_bwNo_1QehObM9bZUaRwoUX4M',
    'to' => 'gh_9312a3c1979a',
    'time' => '1503734046',
    'type' => 'text',
    'content' => '关注回复',
    'redirection' => true,
    'source' => 'default',
    'original' => 'http://jiyin.baimuv.com/app/index.php?i=1&c=entry&m=ewei_shopv2&do=mobile&wxref=mp.weixin.qq.com#wechat_redirect',
  ),
  'module' => 'basic',
  'rule' => '11',
  'priority' => '0',
  'keyword' => 
  array (
    'id' => '54',
    'rid' => '11',
    'uniacid' => '1',
    'module' => 'basic',
    'content' => '关注回复',
    'type' => '1',
    'displayorder' => '0',
    'status' => '1',
  ),
)

2017-08-26 15:54:25 response :
------------
Array:
FromUserName : gh_9312a3c1979a ;
ToUserName : o6A_bwNo_1QehObM9bZUaRwoUX4M ;
MsgType : text ;
Content : 欢迎关注：Babyfirst科学育儿！
在这里，你可以从基因角度了解宝宝育儿知识，获取不一样的育儿方法！
免费提供遗传咨询服务，为您解答一般育儿公众号无法解答的难题！
微商城已经开业，足不出户，即可让宝宝体验基因检测服务。 ;

2017-08-26 16:04:58 trace :
------------
String:
<xml><ToUserName><![CDATA[gh_9312a3c1979a]]></ToUserName>
<FromUserName><![CDATA[o6A_bwKhmVhd9k7MsCGixpEAQ5hI]]></FromUserName>
<CreateTime>1503734679</CreateTime>
<MsgType><![CDATA[event]]></MsgType>
<Event><![CDATA[LOCATION]]></Event>
<Latitude>31.332748</Latitude>
<Longitude>120.606575</Longitude>
<Precision>65.000000</Precision>
</xml>

2017-08-26 16:04:58 params :
------------
String:
array (
  'message' => 
  array (
    'tousername' => 'gh_9312a3c1979a',
    'fromusername' => 'o6A_bwKhmVhd9k7MsCGixpEAQ5hI',
    'createtime' => '1503734679',
    'msgtype' => 'event',
    'event' => 'LOCATION',
    'latitude' => '31.332748',
    'longitude' => '120.606575',
    'precision' => '65.000000',
    'from' => 'o6A_bwKhmVhd9k7MsCGixpEAQ5hI',
    'to' => 'gh_9312a3c1979a',
    'time' => '1503734679',
    'type' => 'trace',
    'location_x' => '31.332748',
    'location_y' => '120.606575',
  ),
  'module' => 'default',
  'rule' => '-1',
)

2017-08-26 16:04:58 response :
------------
Array:
errno : -1 ;
message : Invaild value ;

2017-08-26 16:21:19 trace :
------------
String:
<xml><ToUserName><![CDATA[gh_9312a3c1979a]]></ToUserName>
<FromUserName><![CDATA[o6A_bwE4sqWsOx5wGMj1qzIRynls]]></FromUserName>
<CreateTime>1503735660</CreateTime>
<MsgType><![CDATA[event]]></MsgType>
<Event><![CDATA[LOCATION]]></Event>
<Latitude>39.799679</Latitude>
<Longitude>116.486641</Longitude>
<Precision>65.000000</Precision>
</xml>

2017-08-26 16:21:19 params :
------------
String:
array (
  'message' => 
  array (
    'tousername' => 'gh_9312a3c1979a',
    'fromusername' => 'o6A_bwE4sqWsOx5wGMj1qzIRynls',
    'createtime' => '1503735660',
    'msgtype' => 'event',
    'event' => 'LOCATION',
    'latitude' => '39.799679',
    'longitude' => '116.486641',
    'precision' => '65.000000',
    'from' => 'o6A_bwE4sqWsOx5wGMj1qzIRynls',
    'to' => 'gh_9312a3c1979a',
    'time' => '1503735660',
    'type' => 'trace',
    'location_x' => '39.799679',
    'location_y' => '116.486641',
  ),
  'module' => 'default',
  'rule' => '-1',
)

2017-08-26 16:21:19 response :
------------
Array:
errno : -1 ;
message : Invaild value ;

2017-08-26 17:38:52 trace :
------------
String:
<xml><ToUserName><![CDATA[gh_9312a3c1979a]]></ToUserName>
<FromUserName><![CDATA[o6A_bwNvFwl-3enEP7t-40PTV3LI]]></FromUserName>
<CreateTime>1503740313</CreateTime>
<MsgType><![CDATA[event]]></MsgType>
<Event><![CDATA[LOCATION]]></Event>
<Latitude>22.546700</Latitude>
<Longitude>113.965897</Longitude>
<Precision>30.000000</Precision>
</xml>

2017-08-26 17:38:52 params :
------------
String:
array (
  'message' => 
  array (
    'tousername' => 'gh_9312a3c1979a',
    'fromusername' => 'o6A_bwNvFwl-3enEP7t-40PTV3LI',
    'createtime' => '1503740313',
    'msgtype' => 'event',
    'event' => 'LOCATION',
    'latitude' => '22.546700',
    'longitude' => '113.965897',
    'precision' => '30.000000',
    'from' => 'o6A_bwNvFwl-3enEP7t-40PTV3LI',
    'to' => 'gh_9312a3c1979a',
    'time' => '1503740313',
    'type' => 'trace',
    'location_x' => '22.546700',
    'location_y' => '113.965897',
  ),
  'module' => 'default',
  'rule' => '-1',
)

2017-08-26 17:38:52 response :
------------
Array:
errno : -1 ;
message : Invaild value ;

2017-08-26 19:40:16 trace :
------------
String:
<xml><ToUserName><![CDATA[gh_9312a3c1979a]]></ToUserName>
<FromUserName><![CDATA[o6A_bwG17rinhtWl7I6GOJxBwXrg]]></FromUserName>
<CreateTime>1503747597</CreateTime>
<MsgType><![CDATA[event]]></MsgType>
<Event><![CDATA[subscribe]]></Event>
<EventKey><![CDATA[]]></EventKey>
</xml>

2017-08-26 19:40:16 params :
------------
String:
array (
  'message' => 
  array (
    'tousername' => 'gh_9312a3c1979a',
    'fromusername' => 'o6A_bwG17rinhtWl7I6GOJxBwXrg',
    'createtime' => '1503747597',
    'msgtype' => 'event',
    'event' => 'subscribe',
    'eventkey' => '',
    'from' => 'o6A_bwG17rinhtWl7I6GOJxBwXrg',
    'to' => 'gh_9312a3c1979a',
    'time' => '1503747597',
    'type' => 'text',
    'redirection' => true,
    'source' => 'subscribe',
    'content' => '关注回复',
  ),
  'module' => 'basic',
  'rule' => '11',
  'priority' => '0',
  'keyword' => 
  array (
    'id' => '54',
    'rid' => '11',
    'uniacid' => '1',
    'module' => 'basic',
    'content' => '关注回复',
    'type' => '1',
    'displayorder' => '0',
    'status' => '1',
  ),
)

2017-08-26 19:40:16 response :
------------
Array:
FromUserName : gh_9312a3c1979a ;
ToUserName : o6A_bwG17rinhtWl7I6GOJxBwXrg ;
MsgType : text ;
Content : 欢迎关注：Babyfirst科学育儿！
在这里，你可以从基因角度了解宝宝育儿知识，获取不一样的育儿方法！
免费提供遗传咨询服务，为您解答一般育儿公众号无法解答的难题！
微商城已经开业，足不出户，即可让宝宝体验基因检测服务。 ;

2017-08-26 19:40:23 trace :
------------
String:
<xml><ToUserName><![CDATA[gh_9312a3c1979a]]></ToUserName>
<FromUserName><![CDATA[o6A_bwG17rinhtWl7I6GOJxBwXrg]]></FromUserName>
<CreateTime>1503747604</CreateTime>
<MsgType><![CDATA[event]]></MsgType>
<Event><![CDATA[VIEW]]></Event>
<EventKey><![CDATA[https://www.firstories.com/signin]]></EventKey>
<MenuId>417452671</MenuId>
</xml>

2017-08-26 19:40:23 params :
------------
String:
array (
  'message' => 
  array (
    'tousername' => 'gh_9312a3c1979a',
    'fromusername' => 'o6A_bwG17rinhtWl7I6GOJxBwXrg',
    'createtime' => '1503747604',
    'msgtype' => 'event',
    'event' => 'VIEW',
    'eventkey' => 'https://www.firstories.com/signin',
    'menuid' => '417452671',
    'from' => 'o6A_bwG17rinhtWl7I6GOJxBwXrg',
    'to' => 'gh_9312a3c1979a',
    'time' => '1503747604',
    'type' => 'text',
    'content' => '关注回复',
    'redirection' => true,
    'source' => 'default',
    'original' => 'https://www.firstories.com/signin',
  ),
  'module' => 'basic',
  'rule' => '11',
  'priority' => '0',
  'keyword' => 
  array (
    'id' => '54',
    'rid' => '11',
    'uniacid' => '1',
    'module' => 'basic',
    'content' => '关注回复',
    'type' => '1',
    'displayorder' => '0',
    'status' => '1',
  ),
)

2017-08-26 19:40:23 response :
------------
Array:
FromUserName : gh_9312a3c1979a ;
ToUserName : o6A_bwG17rinhtWl7I6GOJxBwXrg ;
MsgType : text ;
Content : 欢迎关注：Babyfirst科学育儿！
在这里，你可以从基因角度了解宝宝育儿知识，获取不一样的育儿方法！
免费提供遗传咨询服务，为您解答一般育儿公众号无法解答的难题！
微商城已经开业，足不出户，即可让宝宝体验基因检测服务。 ;

2017-08-26 20:53:33 trace :
------------
String:
<xml><ToUserName><![CDATA[gh_9312a3c1979a]]></ToUserName>
<FromUserName><![CDATA[o6A_bwKEyEAwVk3jfaU4bGea22Ns]]></FromUserName>
<CreateTime>1503751994</CreateTime>
<MsgType><![CDATA[event]]></MsgType>
<Event><![CDATA[LOCATION]]></Event>
<Latitude>22.551607</Latitude>
<Longitude>113.897675</Longitude>
<Precision>65.000000</Precision>
</xml>

2017-08-26 20:53:33 params :
------------
String:
array (
  'message' => 
  array (
    'tousername' => 'gh_9312a3c1979a',
    'fromusername' => 'o6A_bwKEyEAwVk3jfaU4bGea22Ns',
    'createtime' => '1503751994',
    'msgtype' => 'event',
    'event' => 'LOCATION',
    'latitude' => '22.551607',
    'longitude' => '113.897675',
    'precision' => '65.000000',
    'from' => 'o6A_bwKEyEAwVk3jfaU4bGea22Ns',
    'to' => 'gh_9312a3c1979a',
    'time' => '1503751994',
    'type' => 'trace',
    'location_x' => '22.551607',
    'location_y' => '113.897675',
  ),
  'module' => 'default',
  'rule' => '-1',
)

2017-08-26 20:53:33 response :
------------
Array:
errno : -1 ;
message : Invaild value ;

2017-08-26 21:15:38 trace :
------------
String:
<xml><ToUserName><![CDATA[gh_9312a3c1979a]]></ToUserName>
<FromUserName><![CDATA[o6A_bwKEyEAwVk3jfaU4bGea22Ns]]></FromUserName>
<CreateTime>1503753319</CreateTime>
<MsgType><![CDATA[event]]></MsgType>
<Event><![CDATA[unsubscribe]]></Event>
<EventKey><![CDATA[]]></EventKey>
</xml>

