2017-07-31 05:07:58 trace :
------------
String:
<xml><ToUserName><![CDATA[gh_9312a3c1979a]]></ToUserName>
<FromUserName><![CDATA[o6A_bwEZoaR_Kp5zB9on73e4PxGM]]></FromUserName>
<CreateTime>1501448866</CreateTime>
<MsgType><![CDATA[event]]></MsgType>
<Event><![CDATA[LOCATION]]></Event>
<Latitude>45.777473</Latitude>
<Longitude>126.669769</Longitude>
<Precision>30.000000</Precision>
</xml>

2017-07-31 05:07:58 params :
------------
String:
array (
  'message' => 
  array (
    'tousername' => 'gh_9312a3c1979a',
    'fromusername' => 'o6A_bwEZoaR_Kp5zB9on73e4PxGM',
    'createtime' => '1501448866',
    'msgtype' => 'event',
    'event' => 'LOCATION',
    'latitude' => '45.777473',
    'longitude' => '126.669769',
    'precision' => '30.000000',
    'from' => 'o6A_bwEZoaR_Kp5zB9on73e4PxGM',
    'to' => 'gh_9312a3c1979a',
    'time' => '1501448866',
    'type' => 'trace',
    'location_x' => '45.777473',
    'location_y' => '126.669769',
  ),
  'module' => 'default',
  'rule' => '-1',
)

2017-07-31 05:07:58 response :
------------
Array:
errno : -1 ;
message : Invaild value ;

2017-07-31 05:08:08 trace :
------------
String:
<xml><ToUserName><![CDATA[gh_9312a3c1979a]]></ToUserName>
<FromUserName><![CDATA[o6A_bwEZoaR_Kp5zB9on73e4PxGM]]></FromUserName>
<CreateTime>1501448876</CreateTime>
<MsgType><![CDATA[event]]></MsgType>
<Event><![CDATA[unsubscribe]]></Event>
<EventKey><![CDATA[]]></EventKey>
</xml>

2017-07-31 09:09:04 trace :
------------
String:
<xml><ToUserName><![CDATA[gh_9312a3c1979a]]></ToUserName>
<FromUserName><![CDATA[o6A_bwF7Nn3XKKa3kgQRxTAp8Wg8]]></FromUserName>
<CreateTime>1501463332</CreateTime>
<MsgType><![CDATA[event]]></MsgType>
<Event><![CDATA[unsubscribe]]></Event>
<EventKey><![CDATA[]]></EventKey>
</xml>

2017-07-31 09:21:22 trace :
------------
String:
<xml><ToUserName><![CDATA[gh_9312a3c1979a]]></ToUserName>
<FromUserName><![CDATA[o6A_bwAFw9wkD-1OzzElUM4jvVpU]]></FromUserName>
<CreateTime>1501464070</CreateTime>
<MsgType><![CDATA[event]]></MsgType>
<Event><![CDATA[LOCATION]]></Event>
<Latitude>22.526159</Latitude>
<Longitude>113.933815</Longitude>
<Precision>65.000000</Precision>
</xml>

2017-07-31 09:21:22 params :
------------
String:
array (
  'message' => 
  array (
    'tousername' => 'gh_9312a3c1979a',
    'fromusername' => 'o6A_bwAFw9wkD-1OzzElUM4jvVpU',
    'createtime' => '1501464070',
    'msgtype' => 'event',
    'event' => 'LOCATION',
    'latitude' => '22.526159',
    'longitude' => '113.933815',
    'precision' => '65.000000',
    'from' => 'o6A_bwAFw9wkD-1OzzElUM4jvVpU',
    'to' => 'gh_9312a3c1979a',
    'time' => '1501464070',
    'type' => 'trace',
    'location_x' => '22.526159',
    'location_y' => '113.933815',
  ),
  'module' => 'default',
  'rule' => '-1',
)

2017-07-31 09:21:22 response :
------------
Array:
errno : -1 ;
message : Invaild value ;

2017-07-31 09:21:36 trace :
------------
String:
<xml><ToUserName><![CDATA[gh_9312a3c1979a]]></ToUserName>
<FromUserName><![CDATA[o6A_bwAFw9wkD-1OzzElUM4jvVpU]]></FromUserName>
<CreateTime>1501464084</CreateTime>
<MsgType><![CDATA[event]]></MsgType>
<Event><![CDATA[VIEW]]></Event>
<EventKey><![CDATA[http://mp.weixin.qq.com/s?__biz=MzIzNTU4MTkyOA==&mid=100000616&idx=1&sn=090a00e6f879a124c1514133a0b241e0&chksm=68e5bbef5f9232f97476305959777f15648b726e71b41cc06ae33b7e13660d437f1ad58fc1d8&scene=18#wechat_redirect]]></EventKey>
<MenuId>416714662</MenuId>
</xml>

2017-07-31 09:21:36 params :
------------
String:
array (
  'message' => 
  array (
    'tousername' => 'gh_9312a3c1979a',
    'fromusername' => 'o6A_bwAFw9wkD-1OzzElUM4jvVpU',
    'createtime' => '1501464084',
    'msgtype' => 'event',
    'event' => 'VIEW',
    'eventkey' => 'http://mp.weixin.qq.com/s?__biz=MzIzNTU4MTkyOA==&mid=100000616&idx=1&sn=090a00e6f879a124c1514133a0b241e0&chksm=68e5bbef5f9232f97476305959777f15648b726e71b41cc06ae33b7e13660d437f1ad58fc1d8&scene=18#wechat_redirect',
    'menuid' => '416714662',
    'from' => 'o6A_bwAFw9wkD-1OzzElUM4jvVpU',
    'to' => 'gh_9312a3c1979a',
    'time' => '1501464084',
    'type' => 'text',
    'content' => '关注回复',
    'redirection' => true,
    'source' => 'default',
    'original' => 'http://mp.weixin.qq.com/s?__biz=MzIzNTU4MTkyOA==&mid=100000616&idx=1&sn=090a00e6f879a124c1514133a0b241e0&chksm=68e5bbef5f9232f97476305959777f15648b726e71b41cc06ae33b7e13660d437f1ad58fc1d8&scene=18#wechat_redirect',
  ),
  'module' => 'basic',
  'rule' => '11',
  'priority' => '0',
  'keyword' => 
  array (
    'id' => '16',
    'rid' => '11',
    'uniacid' => '1',
    'module' => 'basic',
    'content' => '关注回复',
    'type' => '1',
    'displayorder' => '0',
    'status' => '1',
  ),
)

2017-07-31 09:21:36 response :
------------
Array:
FromUserName : gh_9312a3c1979a ;
ToUserName : o6A_bwAFw9wkD-1OzzElUM4jvVpU ;
MsgType : text ;
Content : 欢迎关注：Babyfirst科学育儿！
在这里，你可以从基因角度了解宝宝育儿知识，让育儿更省心省力！
免费提供遗传咨询服务，为您解答一般育儿公众号无法解答的难题！ ;

2017-07-31 09:21:55 trace :
------------
String:
<xml><ToUserName><![CDATA[gh_9312a3c1979a]]></ToUserName>
<FromUserName><![CDATA[o6A_bwAFw9wkD-1OzzElUM4jvVpU]]></FromUserName>
<CreateTime>1501464102</CreateTime>
<MsgType><![CDATA[event]]></MsgType>
<Event><![CDATA[VIEW]]></Event>
<EventKey><![CDATA[http://mp.weixin.qq.com/s?__biz=MzIzNTU4MTkyOA==&mid=100000650&idx=1&sn=3fe77e237af1b5a3898505c901b7af34&chksm=68e5bb0d5f92321b5e803f51f4c6e6cdcce9175b887f95cf2162771d5192647163478933fa95&scene=18#wechat_redirect]]></EventKey>
<MenuId>416714662</MenuId>
</xml>

2017-07-31 09:21:55 params :
------------
String:
array (
  'message' => 
  array (
    'tousername' => 'gh_9312a3c1979a',
    'fromusername' => 'o6A_bwAFw9wkD-1OzzElUM4jvVpU',
    'createtime' => '1501464102',
    'msgtype' => 'event',
    'event' => 'VIEW',
    'eventkey' => 'http://mp.weixin.qq.com/s?__biz=MzIzNTU4MTkyOA==&mid=100000650&idx=1&sn=3fe77e237af1b5a3898505c901b7af34&chksm=68e5bb0d5f92321b5e803f51f4c6e6cdcce9175b887f95cf2162771d5192647163478933fa95&scene=18#wechat_redirect',
    'menuid' => '416714662',
    'from' => 'o6A_bwAFw9wkD-1OzzElUM4jvVpU',
    'to' => 'gh_9312a3c1979a',
    'time' => '1501464102',
    'type' => 'text',
    'content' => '关注回复',
    'redirection' => true,
    'source' => 'default',
    'original' => 'http://mp.weixin.qq.com/s?__biz=MzIzNTU4MTkyOA==&mid=100000650&idx=1&sn=3fe77e237af1b5a3898505c901b7af34&chksm=68e5bb0d5f92321b5e803f51f4c6e6cdcce9175b887f95cf2162771d5192647163478933fa95&scene=18#wechat_redirect',
  ),
  'module' => 'basic',
  'rule' => '11',
  'priority' => '0',
  'keyword' => 
  array (
    'id' => '16',
    'rid' => '11',
    'uniacid' => '1',
    'module' => 'basic',
    'content' => '关注回复',
    'type' => '1',
    'displayorder' => '0',
    'status' => '1',
  ),
)

2017-07-31 09:21:55 response :
------------
Array:
FromUserName : gh_9312a3c1979a ;
ToUserName : o6A_bwAFw9wkD-1OzzElUM4jvVpU ;
MsgType : text ;
Content : 欢迎关注：Babyfirst科学育儿！
在这里，你可以从基因角度了解宝宝育儿知识，让育儿更省心省力！
免费提供遗传咨询服务，为您解答一般育儿公众号无法解答的难题！ ;

2017-07-31 10:10:53 trace :
------------
String:
<xml><ToUserName><![CDATA[gh_9312a3c1979a]]></ToUserName>
<FromUserName><![CDATA[o6A_bwGrzaeFrlVWvk03IHIECY4U]]></FromUserName>
<CreateTime>1501467040</CreateTime>
<MsgType><![CDATA[event]]></MsgType>
<Event><![CDATA[CLICK]]></Event>
<EventKey><![CDATA[检测须知]]></EventKey>
</xml>

2017-07-31 10:10:53 params :
------------
String:
array (
  'message' => 
  array (
    'tousername' => 'gh_9312a3c1979a',
    'fromusername' => 'o6A_bwGrzaeFrlVWvk03IHIECY4U',
    'createtime' => '1501467040',
    'msgtype' => 'event',
    'event' => 'CLICK',
    'eventkey' => '检测须知',
    'from' => 'o6A_bwGrzaeFrlVWvk03IHIECY4U',
    'to' => 'gh_9312a3c1979a',
    'time' => '1501467040',
    'type' => 'text',
    'content' => '检测须知',
    'redirection' => true,
    'source' => 'click',
  ),
  'module' => 'news',
  'rule' => '20',
  'priority' => '0',
  'keyword' => 
  array (
    'id' => '36',
    'rid' => '20',
    'uniacid' => '1',
    'module' => 'news',
    'content' => '检测须知',
    'type' => '1',
    'displayorder' => '0',
    'status' => '1',
  ),
)

2017-07-31 10:10:53 response :
------------
Array:
FromUserName : gh_9312a3c1979a ;
ToUserName : o6A_bwGrzaeFrlVWvk03IHIECY4U ;
MsgType : news ;
ArticleCount : 2 ;
Articles : Array ;

2017-07-31 10:11:11 trace :
------------
String:
<xml><ToUserName><![CDATA[gh_9312a3c1979a]]></ToUserName>
<FromUserName><![CDATA[o6A_bwGrzaeFrlVWvk03IHIECY4U]]></FromUserName>
<CreateTime>1501467059</CreateTime>
<MsgType><![CDATA[event]]></MsgType>
<Event><![CDATA[CLICK]]></Event>
<EventKey><![CDATA[检测须知]]></EventKey>
</xml>

2017-07-31 10:11:11 params :
------------
String:
array (
  'message' => 
  array (
    'tousername' => 'gh_9312a3c1979a',
    'fromusername' => 'o6A_bwGrzaeFrlVWvk03IHIECY4U',
    'createtime' => '1501467059',
    'msgtype' => 'event',
    'event' => 'CLICK',
    'eventkey' => '检测须知',
    'from' => 'o6A_bwGrzaeFrlVWvk03IHIECY4U',
    'to' => 'gh_9312a3c1979a',
    'time' => '1501467059',
    'type' => 'text',
    'content' => '检测须知',
    'redirection' => true,
    'source' => 'click',
  ),
  'module' => 'news',
  'rule' => '20',
  'priority' => '0',
  'keyword' => 
  array (
    'id' => '36',
    'rid' => '20',
    'uniacid' => '1',
    'module' => 'news',
    'content' => '检测须知',
    'type' => '1',
    'displayorder' => '0',
    'status' => '1',
  ),
)

2017-07-31 10:11:11 response :
------------
Array:
FromUserName : gh_9312a3c1979a ;
ToUserName : o6A_bwGrzaeFrlVWvk03IHIECY4U ;
MsgType : news ;
ArticleCount : 2 ;
Articles : Array ;

2017-07-31 11:10:10 trace :
------------
String:
<xml><ToUserName><![CDATA[gh_9312a3c1979a]]></ToUserName>
<FromUserName><![CDATA[o6A_bwAFw9wkD-1OzzElUM4jvVpU]]></FromUserName>
<CreateTime>1501470598</CreateTime>
<MsgType><![CDATA[event]]></MsgType>
<Event><![CDATA[LOCATION]]></Event>
<Latitude>22.526129</Latitude>
<Longitude>113.933853</Longitude>
<Precision>65.000000</Precision>
</xml>

2017-07-31 11:10:10 params :
------------
String:
array (
  'message' => 
  array (
    'tousername' => 'gh_9312a3c1979a',
    'fromusername' => 'o6A_bwAFw9wkD-1OzzElUM4jvVpU',
    'createtime' => '1501470598',
    'msgtype' => 'event',
    'event' => 'LOCATION',
    'latitude' => '22.526129',
    'longitude' => '113.933853',
    'precision' => '65.000000',
    'from' => 'o6A_bwAFw9wkD-1OzzElUM4jvVpU',
    'to' => 'gh_9312a3c1979a',
    'time' => '1501470598',
    'type' => 'trace',
    'location_x' => '22.526129',
    'location_y' => '113.933853',
  ),
  'module' => 'default',
  'rule' => '-1',
)

2017-07-31 11:10:10 response :
------------
Array:
errno : -1 ;
message : Invaild value ;

2017-07-31 16:30:56 trace :
------------
String:
<xml><ToUserName><![CDATA[gh_9312a3c1979a]]></ToUserName>
<FromUserName><![CDATA[o6A_bwAFw9wkD-1OzzElUM4jvVpU]]></FromUserName>
<CreateTime>1501489844</CreateTime>
<MsgType><![CDATA[event]]></MsgType>
<Event><![CDATA[CLICK]]></Event>
<EventKey><![CDATA[检测须知]]></EventKey>
</xml>

2017-07-31 16:30:56 params :
------------
String:
array (
  'message' => 
  array (
    'tousername' => 'gh_9312a3c1979a',
    'fromusername' => 'o6A_bwAFw9wkD-1OzzElUM4jvVpU',
    'createtime' => '1501489844',
    'msgtype' => 'event',
    'event' => 'CLICK',
    'eventkey' => '检测须知',
    'from' => 'o6A_bwAFw9wkD-1OzzElUM4jvVpU',
    'to' => 'gh_9312a3c1979a',
    'time' => '1501489844',
    'type' => 'text',
    'content' => '检测须知',
    'redirection' => true,
    'source' => 'click',
  ),
  'module' => 'news',
  'rule' => '20',
  'priority' => '0',
  'keyword' => 
  array (
    'id' => '36',
    'rid' => '20',
    'uniacid' => '1',
    'module' => 'news',
    'content' => '检测须知',
    'type' => '1',
    'displayorder' => '0',
    'status' => '1',
  ),
)

2017-07-31 16:30:56 response :
------------
Array:
FromUserName : gh_9312a3c1979a ;
ToUserName : o6A_bwAFw9wkD-1OzzElUM4jvVpU ;
MsgType : news ;
ArticleCount : 2 ;
Articles : Array ;

2017-07-31 17:43:41 trace :
------------
String:
<xml><ToUserName><![CDATA[gh_9312a3c1979a]]></ToUserName>
<FromUserName><![CDATA[o6A_bwGrzaeFrlVWvk03IHIECY4U]]></FromUserName>
<CreateTime>1501494208</CreateTime>
<MsgType><![CDATA[event]]></MsgType>
<Event><![CDATA[LOCATION]]></Event>
<Latitude>22.526075</Latitude>
<Longitude>113.933853</Longitude>
<Precision>65.000000</Precision>
</xml>

2017-07-31 17:43:41 params :
------------
String:
array (
  'message' => 
  array (
    'tousername' => 'gh_9312a3c1979a',
    'fromusername' => 'o6A_bwGrzaeFrlVWvk03IHIECY4U',
    'createtime' => '1501494208',
    'msgtype' => 'event',
    'event' => 'LOCATION',
    'latitude' => '22.526075',
    'longitude' => '113.933853',
    'precision' => '65.000000',
    'from' => 'o6A_bwGrzaeFrlVWvk03IHIECY4U',
    'to' => 'gh_9312a3c1979a',
    'time' => '1501494208',
    'type' => 'trace',
    'location_x' => '22.526075',
    'location_y' => '113.933853',
  ),
  'module' => 'default',
  'rule' => '-1',
)

2017-07-31 17:43:41 response :
------------
Array:
errno : -1 ;
message : Invaild value ;

2017-07-31 19:23:52 trace :
------------
String:
<xml><ToUserName><![CDATA[gh_9312a3c1979a]]></ToUserName>
<FromUserName><![CDATA[o6A_bwGrzaeFrlVWvk03IHIECY4U]]></FromUserName>
<CreateTime>1501500219</CreateTime>
<MsgType><![CDATA[event]]></MsgType>
<Event><![CDATA[LOCATION]]></Event>
<Latitude>22.519728</Latitude>
<Longitude>113.930428</Longitude>
<Precision>65.000000</Precision>
</xml>

2017-07-31 19:23:52 params :
------------
String:
array (
  'message' => 
  array (
    'tousername' => 'gh_9312a3c1979a',
    'fromusername' => 'o6A_bwGrzaeFrlVWvk03IHIECY4U',
    'createtime' => '1501500219',
    'msgtype' => 'event',
    'event' => 'LOCATION',
    'latitude' => '22.519728',
    'longitude' => '113.930428',
    'precision' => '65.000000',
    'from' => 'o6A_bwGrzaeFrlVWvk03IHIECY4U',
    'to' => 'gh_9312a3c1979a',
    'time' => '1501500219',
    'type' => 'trace',
    'location_x' => '22.519728',
    'location_y' => '113.930428',
  ),
  'module' => 'default',
  'rule' => '-1',
)

2017-07-31 19:23:52 response :
------------
Array:
errno : -1 ;
message : Invaild value ;

