2017-08-08 11:34:43 trace :
------------
String:
<xml><ToUserName><![CDATA[gh_9312a3c1979a]]></ToUserName>
<FromUserName><![CDATA[o6A_bwCLB8Fq4nZzUEj32naxF-4g]]></FromUserName>
<CreateTime>1502163269</CreateTime>
<MsgType><![CDATA[event]]></MsgType>
<Event><![CDATA[subscribe]]></Event>
<EventKey><![CDATA[]]></EventKey>
</xml>

2017-08-08 11:34:43 params :
------------
String:
array (
  'message' => 
  array (
    'tousername' => 'gh_9312a3c1979a',
    'fromusername' => 'o6A_bwCLB8Fq4nZzUEj32naxF-4g',
    'createtime' => '1502163269',
    'msgtype' => 'event',
    'event' => 'subscribe',
    'eventkey' => '',
    'from' => 'o6A_bwCLB8Fq4nZzUEj32naxF-4g',
    'to' => 'gh_9312a3c1979a',
    'time' => '1502163269',
    'type' => 'text',
    'redirection' => true,
    'source' => 'subscribe',
    'content' => '关注回复',
  ),
  'module' => 'basic',
  'rule' => '11',
  'priority' => '0',
  'keyword' => 
  array (
    'id' => '16',
    'rid' => '11',
    'uniacid' => '1',
    'module' => 'basic',
    'content' => '关注回复',
    'type' => '1',
    'displayorder' => '0',
    'status' => '1',
  ),
)

2017-08-08 11:34:43 response :
------------
Array:
FromUserName : gh_9312a3c1979a ;
ToUserName : o6A_bwCLB8Fq4nZzUEj32naxF-4g ;
MsgType : text ;
Content : 欢迎关注：Babyfirst科学育儿！
在这里，你可以从基因角度了解宝宝育儿知识，让育儿更省心省力！
免费提供遗传咨询服务，为您解答一般育儿公众号无法解答的难题！ ;

2017-08-08 11:56:23 trace :
------------
String:
<xml><ToUserName><![CDATA[gh_9312a3c1979a]]></ToUserName>
<FromUserName><![CDATA[o6A_bwLPuANNIGkN5p_Cn3RU6rQ4]]></FromUserName>
<CreateTime>1502164568</CreateTime>
<MsgType><![CDATA[event]]></MsgType>
<Event><![CDATA[LOCATION]]></Event>
<Latitude>41.866676</Latitude>
<Longitude>123.401146</Longitude>
<Precision>65.000000</Precision>
</xml>

2017-08-08 11:56:23 params :
------------
String:
array (
  'message' => 
  array (
    'tousername' => 'gh_9312a3c1979a',
    'fromusername' => 'o6A_bwLPuANNIGkN5p_Cn3RU6rQ4',
    'createtime' => '1502164568',
    'msgtype' => 'event',
    'event' => 'LOCATION',
    'latitude' => '41.866676',
    'longitude' => '123.401146',
    'precision' => '65.000000',
    'from' => 'o6A_bwLPuANNIGkN5p_Cn3RU6rQ4',
    'to' => 'gh_9312a3c1979a',
    'time' => '1502164568',
    'type' => 'trace',
    'location_x' => '41.866676',
    'location_y' => '123.401146',
  ),
  'module' => 'default',
  'rule' => '-1',
)

2017-08-08 11:56:23 response :
------------
Array:
errno : -1 ;
message : Invaild value ;

2017-08-08 13:03:14 trace :
------------
String:
<xml><ToUserName><![CDATA[gh_9312a3c1979a]]></ToUserName>
<FromUserName><![CDATA[o6A_bwCLB8Fq4nZzUEj32naxF-4g]]></FromUserName>
<CreateTime>1502168580</CreateTime>
<MsgType><![CDATA[event]]></MsgType>
<Event><![CDATA[VIEW]]></Event>
<EventKey><![CDATA[http://mp.weixin.qq.com/mp/homepage?__biz=MzIzNTU4MTkyOA==&hid=4&sn=7fb79640deee369f01b26c05465b3d8d&scene=18#wechat_redirect]]></EventKey>
<MenuId>417006165</MenuId>
</xml>

2017-08-08 13:03:14 params :
------------
String:
array (
  'message' => 
  array (
    'tousername' => 'gh_9312a3c1979a',
    'fromusername' => 'o6A_bwCLB8Fq4nZzUEj32naxF-4g',
    'createtime' => '1502168580',
    'msgtype' => 'event',
    'event' => 'VIEW',
    'eventkey' => 'http://mp.weixin.qq.com/mp/homepage?__biz=MzIzNTU4MTkyOA==&hid=4&sn=7fb79640deee369f01b26c05465b3d8d&scene=18#wechat_redirect',
    'menuid' => '417006165',
    'from' => 'o6A_bwCLB8Fq4nZzUEj32naxF-4g',
    'to' => 'gh_9312a3c1979a',
    'time' => '1502168580',
    'type' => 'text',
    'content' => '关注回复',
    'redirection' => true,
    'source' => 'default',
    'original' => 'http://mp.weixin.qq.com/mp/homepage?__biz=MzIzNTU4MTkyOA==&hid=4&sn=7fb79640deee369f01b26c05465b3d8d&scene=18#wechat_redirect',
  ),
  'module' => 'basic',
  'rule' => '11',
  'priority' => '0',
  'keyword' => 
  array (
    'id' => '16',
    'rid' => '11',
    'uniacid' => '1',
    'module' => 'basic',
    'content' => '关注回复',
    'type' => '1',
    'displayorder' => '0',
    'status' => '1',
  ),
)

2017-08-08 13:03:14 response :
------------
Array:
FromUserName : gh_9312a3c1979a ;
ToUserName : o6A_bwCLB8Fq4nZzUEj32naxF-4g ;
MsgType : text ;
Content : 欢迎关注：Babyfirst科学育儿！
在这里，你可以从基因角度了解宝宝育儿知识，让育儿更省心省力！
免费提供遗传咨询服务，为您解答一般育儿公众号无法解答的难题！ ;

2017-08-08 16:16:40 trace :
------------
String:
<xml><ToUserName><![CDATA[gh_9312a3c1979a]]></ToUserName>
<FromUserName><![CDATA[o6A_bwGrzaeFrlVWvk03IHIECY4U]]></FromUserName>
<CreateTime>1502180186</CreateTime>
<MsgType><![CDATA[event]]></MsgType>
<Event><![CDATA[LOCATION]]></Event>
<Latitude>22.526070</Latitude>
<Longitude>113.933792</Longitude>
<Precision>65.000000</Precision>
</xml>

2017-08-08 16:16:40 params :
------------
String:
array (
  'message' => 
  array (
    'tousername' => 'gh_9312a3c1979a',
    'fromusername' => 'o6A_bwGrzaeFrlVWvk03IHIECY4U',
    'createtime' => '1502180186',
    'msgtype' => 'event',
    'event' => 'LOCATION',
    'latitude' => '22.526070',
    'longitude' => '113.933792',
    'precision' => '65.000000',
    'from' => 'o6A_bwGrzaeFrlVWvk03IHIECY4U',
    'to' => 'gh_9312a3c1979a',
    'time' => '1502180186',
    'type' => 'trace',
    'location_x' => '22.526070',
    'location_y' => '113.933792',
  ),
  'module' => 'default',
  'rule' => '-1',
)

2017-08-08 16:16:40 response :
------------
Array:
errno : -1 ;
message : Invaild value ;

2017-08-08 16:16:48 trace :
------------
String:
<xml><ToUserName><![CDATA[gh_9312a3c1979a]]></ToUserName>
<FromUserName><![CDATA[o6A_bwGrzaeFrlVWvk03IHIECY4U]]></FromUserName>
<CreateTime>1502180193</CreateTime>
<MsgType><![CDATA[event]]></MsgType>
<Event><![CDATA[VIEW]]></Event>
<EventKey><![CDATA[http://mp.weixin.qq.com/mp/homepage?__biz=MzIzNTU4MTkyOA==&hid=6&sn=83c7ec06b27b890c90d0d5cbeb24e5dd&scene=18#wechat_redirect]]></EventKey>
<MenuId>417006165</MenuId>
</xml>

2017-08-08 16:16:48 params :
------------
String:
array (
  'message' => 
  array (
    'tousername' => 'gh_9312a3c1979a',
    'fromusername' => 'o6A_bwGrzaeFrlVWvk03IHIECY4U',
    'createtime' => '1502180193',
    'msgtype' => 'event',
    'event' => 'VIEW',
    'eventkey' => 'http://mp.weixin.qq.com/mp/homepage?__biz=MzIzNTU4MTkyOA==&hid=6&sn=83c7ec06b27b890c90d0d5cbeb24e5dd&scene=18#wechat_redirect',
    'menuid' => '417006165',
    'from' => 'o6A_bwGrzaeFrlVWvk03IHIECY4U',
    'to' => 'gh_9312a3c1979a',
    'time' => '1502180193',
    'type' => 'text',
    'content' => '关注回复',
    'redirection' => true,
    'source' => 'default',
    'original' => 'http://mp.weixin.qq.com/mp/homepage?__biz=MzIzNTU4MTkyOA==&hid=6&sn=83c7ec06b27b890c90d0d5cbeb24e5dd&scene=18#wechat_redirect',
  ),
  'module' => 'basic',
  'rule' => '11',
  'priority' => '0',
  'keyword' => 
  array (
    'id' => '16',
    'rid' => '11',
    'uniacid' => '1',
    'module' => 'basic',
    'content' => '关注回复',
    'type' => '1',
    'displayorder' => '0',
    'status' => '1',
  ),
)

2017-08-08 16:16:48 response :
------------
Array:
FromUserName : gh_9312a3c1979a ;
ToUserName : o6A_bwGrzaeFrlVWvk03IHIECY4U ;
MsgType : text ;
Content : 欢迎关注：Babyfirst科学育儿！
在这里，你可以从基因角度了解宝宝育儿知识，让育儿更省心省力！
免费提供遗传咨询服务，为您解答一般育儿公众号无法解答的难题！ ;

2017-08-08 16:16:52 trace :
------------
String:
<xml><ToUserName><![CDATA[gh_9312a3c1979a]]></ToUserName>
<FromUserName><![CDATA[o6A_bwGrzaeFrlVWvk03IHIECY4U]]></FromUserName>
<CreateTime>1502180197</CreateTime>
<MsgType><![CDATA[event]]></MsgType>
<Event><![CDATA[VIEW]]></Event>
<EventKey><![CDATA[http://www.firstories.com/ReportQuery]]></EventKey>
<MenuId>417006165</MenuId>
</xml>

2017-08-08 16:16:52 params :
------------
String:
array (
  'message' => 
  array (
    'tousername' => 'gh_9312a3c1979a',
    'fromusername' => 'o6A_bwGrzaeFrlVWvk03IHIECY4U',
    'createtime' => '1502180197',
    'msgtype' => 'event',
    'event' => 'VIEW',
    'eventkey' => 'http://www.firstories.com/ReportQuery',
    'menuid' => '417006165',
    'from' => 'o6A_bwGrzaeFrlVWvk03IHIECY4U',
    'to' => 'gh_9312a3c1979a',
    'time' => '1502180197',
    'type' => 'text',
    'content' => '关注回复',
    'redirection' => true,
    'source' => 'default',
    'original' => 'http://www.firstories.com/ReportQuery',
  ),
  'module' => 'basic',
  'rule' => '11',
  'priority' => '0',
  'keyword' => 
  array (
    'id' => '16',
    'rid' => '11',
    'uniacid' => '1',
    'module' => 'basic',
    'content' => '关注回复',
    'type' => '1',
    'displayorder' => '0',
    'status' => '1',
  ),
)

2017-08-08 16:16:52 response :
------------
Array:
FromUserName : gh_9312a3c1979a ;
ToUserName : o6A_bwGrzaeFrlVWvk03IHIECY4U ;
MsgType : text ;
Content : 欢迎关注：Babyfirst科学育儿！
在这里，你可以从基因角度了解宝宝育儿知识，让育儿更省心省力！
免费提供遗传咨询服务，为您解答一般育儿公众号无法解答的难题！ ;

2017-08-08 17:03:32 trace :
------------
String:
<xml><ToUserName><![CDATA[gh_9312a3c1979a]]></ToUserName>
<FromUserName><![CDATA[o6A_bwGrzaeFrlVWvk03IHIECY4U]]></FromUserName>
<CreateTime>1502182998</CreateTime>
<MsgType><![CDATA[event]]></MsgType>
<Event><![CDATA[LOCATION]]></Event>
<Latitude>22.526035</Latitude>
<Longitude>113.933792</Longitude>
<Precision>65.000000</Precision>
</xml>

2017-08-08 17:03:32 params :
------------
String:
array (
  'message' => 
  array (
    'tousername' => 'gh_9312a3c1979a',
    'fromusername' => 'o6A_bwGrzaeFrlVWvk03IHIECY4U',
    'createtime' => '1502182998',
    'msgtype' => 'event',
    'event' => 'LOCATION',
    'latitude' => '22.526035',
    'longitude' => '113.933792',
    'precision' => '65.000000',
    'from' => 'o6A_bwGrzaeFrlVWvk03IHIECY4U',
    'to' => 'gh_9312a3c1979a',
    'time' => '1502182998',
    'type' => 'trace',
    'location_x' => '22.526035',
    'location_y' => '113.933792',
  ),
  'module' => 'default',
  'rule' => '-1',
)

2017-08-08 17:03:32 response :
------------
Array:
errno : -1 ;
message : Invaild value ;

2017-08-08 22:29:30 trace :
------------
String:
<xml><ToUserName><![CDATA[gh_9312a3c1979a]]></ToUserName>
<FromUserName><![CDATA[o6A_bwKOppntdK7NKXdA6F3Le_pI]]></FromUserName>
<CreateTime>1502202556</CreateTime>
<MsgType><![CDATA[event]]></MsgType>
<Event><![CDATA[LOCATION]]></Event>
<Latitude>22.563700</Latitude>
<Longitude>113.982582</Longitude>
<Precision>65.000000</Precision>
</xml>

2017-08-08 22:29:30 params :
------------
String:
array (
  'message' => 
  array (
    'tousername' => 'gh_9312a3c1979a',
    'fromusername' => 'o6A_bwKOppntdK7NKXdA6F3Le_pI',
    'createtime' => '1502202556',
    'msgtype' => 'event',
    'event' => 'LOCATION',
    'latitude' => '22.563700',
    'longitude' => '113.982582',
    'precision' => '65.000000',
    'from' => 'o6A_bwKOppntdK7NKXdA6F3Le_pI',
    'to' => 'gh_9312a3c1979a',
    'time' => '1502202556',
    'type' => 'trace',
    'location_x' => '22.563700',
    'location_y' => '113.982582',
  ),
  'module' => 'default',
  'rule' => '-1',
)

2017-08-08 22:29:30 response :
------------
Array:
errno : -1 ;
message : Invaild value ;

2017-08-08 22:43:41 trace :
------------
String:
<xml><ToUserName><![CDATA[gh_9312a3c1979a]]></ToUserName>
<FromUserName><![CDATA[o6A_bwKOppntdK7NKXdA6F3Le_pI]]></FromUserName>
<CreateTime>1502203407</CreateTime>
<MsgType><![CDATA[event]]></MsgType>
<Event><![CDATA[LOCATION]]></Event>
<Latitude>22.563629</Latitude>
<Longitude>113.982567</Longitude>
<Precision>65.000000</Precision>
</xml>

2017-08-08 22:43:41 params :
------------
String:
array (
  'message' => 
  array (
    'tousername' => 'gh_9312a3c1979a',
    'fromusername' => 'o6A_bwKOppntdK7NKXdA6F3Le_pI',
    'createtime' => '1502203407',
    'msgtype' => 'event',
    'event' => 'LOCATION',
    'latitude' => '22.563629',
    'longitude' => '113.982567',
    'precision' => '65.000000',
    'from' => 'o6A_bwKOppntdK7NKXdA6F3Le_pI',
    'to' => 'gh_9312a3c1979a',
    'time' => '1502203407',
    'type' => 'trace',
    'location_x' => '22.563629',
    'location_y' => '113.982567',
  ),
  'module' => 'default',
  'rule' => '-1',
)

2017-08-08 22:43:41 response :
------------
Array:
errno : -1 ;
message : Invaild value ;

