2017-08-27 05:37:12 trace :
------------
String:
<xml><ToUserName><![CDATA[gh_9312a3c1979a]]></ToUserName>
<FromUserName><![CDATA[o6A_bwE1jdnkLVC_BtIvR0cpbRts]]></FromUserName>
<CreateTime>1503783412</CreateTime>
<MsgType><![CDATA[event]]></MsgType>
<Event><![CDATA[LOCATION]]></Event>
<Latitude>45.751678</Latitude>
<Longitude>126.626762</Longitude>
<Precision>65.000000</Precision>
</xml>

2017-08-27 05:37:12 params :
------------
String:
array (
  'message' => 
  array (
    'tousername' => 'gh_9312a3c1979a',
    'fromusername' => 'o6A_bwE1jdnkLVC_BtIvR0cpbRts',
    'createtime' => '1503783412',
    'msgtype' => 'event',
    'event' => 'LOCATION',
    'latitude' => '45.751678',
    'longitude' => '126.626762',
    'precision' => '65.000000',
    'from' => 'o6A_bwE1jdnkLVC_BtIvR0cpbRts',
    'to' => 'gh_9312a3c1979a',
    'time' => '1503783412',
    'type' => 'trace',
    'location_x' => '45.751678',
    'location_y' => '126.626762',
  ),
  'module' => 'default',
  'rule' => '-1',
)

2017-08-27 05:37:12 response :
------------
Array:
errno : -1 ;
message : Invaild value ;

2017-08-27 08:08:08 trace :
------------
String:
<xml><ToUserName><![CDATA[gh_9312a3c1979a]]></ToUserName>
<FromUserName><![CDATA[o6A_bwC0GVJ64Jq91mX3i5wIRR6o]]></FromUserName>
<CreateTime>1503792468</CreateTime>
<MsgType><![CDATA[event]]></MsgType>
<Event><![CDATA[VIEW]]></Event>
<EventKey><![CDATA[http://jiyin.baimuv.com/app/index.php?i=1&c=entry&m=ewei_shopv2&do=mobile&wxref=mp.weixin.qq.com#wechat_redirect]]></EventKey>
<MenuId>417452671</MenuId>
</xml>

2017-08-27 08:08:08 params :
------------
String:
array (
  'message' => 
  array (
    'tousername' => 'gh_9312a3c1979a',
    'fromusername' => 'o6A_bwC0GVJ64Jq91mX3i5wIRR6o',
    'createtime' => '1503792468',
    'msgtype' => 'event',
    'event' => 'VIEW',
    'eventkey' => 'http://jiyin.baimuv.com/app/index.php?i=1&c=entry&m=ewei_shopv2&do=mobile&wxref=mp.weixin.qq.com#wechat_redirect',
    'menuid' => '417452671',
    'from' => 'o6A_bwC0GVJ64Jq91mX3i5wIRR6o',
    'to' => 'gh_9312a3c1979a',
    'time' => '1503792468',
    'type' => 'text',
    'content' => '关注回复',
    'redirection' => true,
    'source' => 'default',
    'original' => 'http://jiyin.baimuv.com/app/index.php?i=1&c=entry&m=ewei_shopv2&do=mobile&wxref=mp.weixin.qq.com#wechat_redirect',
  ),
  'module' => 'basic',
  'rule' => '11',
  'priority' => '0',
  'keyword' => 
  array (
    'id' => '54',
    'rid' => '11',
    'uniacid' => '1',
    'module' => 'basic',
    'content' => '关注回复',
    'type' => '1',
    'displayorder' => '0',
    'status' => '1',
  ),
)

2017-08-27 08:08:08 response :
------------
Array:
FromUserName : gh_9312a3c1979a ;
ToUserName : o6A_bwC0GVJ64Jq91mX3i5wIRR6o ;
MsgType : text ;
Content : 欢迎关注：Babyfirst科学育儿！
在这里，你可以从基因角度了解宝宝育儿知识，获取不一样的育儿方法！
免费提供遗传咨询服务，为您解答一般育儿公众号无法解答的难题！
微商城已经开业，足不出户，即可让宝宝体验基因检测服务。 ;

2017-08-27 09:13:23 trace :
------------
String:
<xml><ToUserName><![CDATA[gh_9312a3c1979a]]></ToUserName>
<FromUserName><![CDATA[o6A_bwAFw9wkD-1OzzElUM4jvVpU]]></FromUserName>
<CreateTime>1503796384</CreateTime>
<MsgType><![CDATA[event]]></MsgType>
<Event><![CDATA[LOCATION]]></Event>
<Latitude>22.541655</Latitude>
<Longitude>113.900406</Longitude>
<Precision>65.000000</Precision>
</xml>

2017-08-27 09:13:23 params :
------------
String:
array (
  'message' => 
  array (
    'tousername' => 'gh_9312a3c1979a',
    'fromusername' => 'o6A_bwAFw9wkD-1OzzElUM4jvVpU',
    'createtime' => '1503796384',
    'msgtype' => 'event',
    'event' => 'LOCATION',
    'latitude' => '22.541655',
    'longitude' => '113.900406',
    'precision' => '65.000000',
    'from' => 'o6A_bwAFw9wkD-1OzzElUM4jvVpU',
    'to' => 'gh_9312a3c1979a',
    'time' => '1503796384',
    'type' => 'trace',
    'location_x' => '22.541655',
    'location_y' => '113.900406',
  ),
  'module' => 'default',
  'rule' => '-1',
)

2017-08-27 09:13:23 response :
------------
Array:
errno : -1 ;
message : Invaild value ;

2017-08-27 11:35:50 trace :
------------
String:
<xml><ToUserName><![CDATA[gh_9312a3c1979a]]></ToUserName>
<FromUserName><![CDATA[o6A_bwF_nAfzhcky2rz8S4LKaanE]]></FromUserName>
<CreateTime>1503804931</CreateTime>
<MsgType><![CDATA[event]]></MsgType>
<Event><![CDATA[LOCATION]]></Event>
<Latitude>27.914736</Latitude>
<Longitude>120.819244</Longitude>
<Precision>15.000000</Precision>
</xml>

2017-08-27 11:35:50 params :
------------
String:
array (
  'message' => 
  array (
    'tousername' => 'gh_9312a3c1979a',
    'fromusername' => 'o6A_bwF_nAfzhcky2rz8S4LKaanE',
    'createtime' => '1503804931',
    'msgtype' => 'event',
    'event' => 'LOCATION',
    'latitude' => '27.914736',
    'longitude' => '120.819244',
    'precision' => '15.000000',
    'from' => 'o6A_bwF_nAfzhcky2rz8S4LKaanE',
    'to' => 'gh_9312a3c1979a',
    'time' => '1503804931',
    'type' => 'trace',
    'location_x' => '27.914736',
    'location_y' => '120.819244',
  ),
  'module' => 'default',
  'rule' => '-1',
)

2017-08-27 11:35:50 response :
------------
Array:
errno : -1 ;
message : Invaild value ;

2017-08-27 19:04:32 trace :
------------
String:
<xml><ToUserName><![CDATA[gh_9312a3c1979a]]></ToUserName>
<FromUserName><![CDATA[o6A_bwGl5O8kI5x-3pe3QCpCY5ow]]></FromUserName>
<CreateTime>1503831852</CreateTime>
<MsgType><![CDATA[event]]></MsgType>
<Event><![CDATA[LOCATION]]></Event>
<Latitude>22.582483</Latitude>
<Longitude>114.115555</Longitude>
<Precision>30.000000</Precision>
</xml>

2017-08-27 19:04:32 params :
------------
String:
array (
  'message' => 
  array (
    'tousername' => 'gh_9312a3c1979a',
    'fromusername' => 'o6A_bwGl5O8kI5x-3pe3QCpCY5ow',
    'createtime' => '1503831852',
    'msgtype' => 'event',
    'event' => 'LOCATION',
    'latitude' => '22.582483',
    'longitude' => '114.115555',
    'precision' => '30.000000',
    'from' => 'o6A_bwGl5O8kI5x-3pe3QCpCY5ow',
    'to' => 'gh_9312a3c1979a',
    'time' => '1503831852',
    'type' => 'trace',
    'location_x' => '22.582483',
    'location_y' => '114.115555',
  ),
  'module' => 'default',
  'rule' => '-1',
)

2017-08-27 19:04:32 response :
------------
Array:
errno : -1 ;
message : Invaild value ;

2017-08-27 19:14:29 trace :
------------
String:
<xml><ToUserName><![CDATA[gh_9312a3c1979a]]></ToUserName>
<FromUserName><![CDATA[o6A_bwGl5O8kI5x-3pe3QCpCY5ow]]></FromUserName>
<CreateTime>1503832449</CreateTime>
<MsgType><![CDATA[event]]></MsgType>
<Event><![CDATA[LOCATION]]></Event>
<Latitude>22.582457</Latitude>
<Longitude>114.115509</Longitude>
<Precision>30.000000</Precision>
</xml>

2017-08-27 19:14:29 params :
------------
String:
array (
  'message' => 
  array (
    'tousername' => 'gh_9312a3c1979a',
    'fromusername' => 'o6A_bwGl5O8kI5x-3pe3QCpCY5ow',
    'createtime' => '1503832449',
    'msgtype' => 'event',
    'event' => 'LOCATION',
    'latitude' => '22.582457',
    'longitude' => '114.115509',
    'precision' => '30.000000',
    'from' => 'o6A_bwGl5O8kI5x-3pe3QCpCY5ow',
    'to' => 'gh_9312a3c1979a',
    'time' => '1503832449',
    'type' => 'trace',
    'location_x' => '22.582457',
    'location_y' => '114.115509',
  ),
  'module' => 'default',
  'rule' => '-1',
)

2017-08-27 19:14:29 response :
------------
Array:
errno : -1 ;
message : Invaild value ;

2017-08-27 19:38:31 trace :
------------
String:
<xml><ToUserName><![CDATA[gh_9312a3c1979a]]></ToUserName>
<FromUserName><![CDATA[o6A_bwJWnADM3c6T331DCgAv5OO4]]></FromUserName>
<CreateTime>1503833891</CreateTime>
<MsgType><![CDATA[event]]></MsgType>
<Event><![CDATA[LOCATION]]></Event>
<Latitude>40.032978</Latitude>
<Longitude>116.236336</Longitude>
<Precision>110.000000</Precision>
</xml>

2017-08-27 19:38:31 params :
------------
String:
array (
  'message' => 
  array (
    'tousername' => 'gh_9312a3c1979a',
    'fromusername' => 'o6A_bwJWnADM3c6T331DCgAv5OO4',
    'createtime' => '1503833891',
    'msgtype' => 'event',
    'event' => 'LOCATION',
    'latitude' => '40.032978',
    'longitude' => '116.236336',
    'precision' => '110.000000',
    'from' => 'o6A_bwJWnADM3c6T331DCgAv5OO4',
    'to' => 'gh_9312a3c1979a',
    'time' => '1503833891',
    'type' => 'trace',
    'location_x' => '40.032978',
    'location_y' => '116.236336',
  ),
  'module' => 'default',
  'rule' => '-1',
)

2017-08-27 19:38:31 response :
------------
Array:
errno : -1 ;
message : Invaild value ;

2017-08-27 19:38:39 trace :
------------
String:
<xml><ToUserName><![CDATA[gh_9312a3c1979a]]></ToUserName>
<FromUserName><![CDATA[o6A_bwJWnADM3c6T331DCgAv5OO4]]></FromUserName>
<CreateTime>1503833899</CreateTime>
<MsgType><![CDATA[event]]></MsgType>
<Event><![CDATA[VIEW]]></Event>
<EventKey><![CDATA[http://jiyin.baimuv.com/app/index.php?i=1&c=entry&m=ewei_shopv2&do=mobile&r=article.list&cateid=17]]></EventKey>
<MenuId>417452671</MenuId>
</xml>

2017-08-27 19:38:39 params :
------------
String:
array (
  'message' => 
  array (
    'tousername' => 'gh_9312a3c1979a',
    'fromusername' => 'o6A_bwJWnADM3c6T331DCgAv5OO4',
    'createtime' => '1503833899',
    'msgtype' => 'event',
    'event' => 'VIEW',
    'eventkey' => 'http://jiyin.baimuv.com/app/index.php?i=1&c=entry&m=ewei_shopv2&do=mobile&r=article.list&cateid=17',
    'menuid' => '417452671',
    'from' => 'o6A_bwJWnADM3c6T331DCgAv5OO4',
    'to' => 'gh_9312a3c1979a',
    'time' => '1503833899',
    'type' => 'text',
    'content' => '关注回复',
    'redirection' => true,
    'source' => 'default',
    'original' => 'http://jiyin.baimuv.com/app/index.php?i=1&c=entry&m=ewei_shopv2&do=mobile&r=article.list&cateid=17',
  ),
  'module' => 'basic',
  'rule' => '11',
  'priority' => '0',
  'keyword' => 
  array (
    'id' => '54',
    'rid' => '11',
    'uniacid' => '1',
    'module' => 'basic',
    'content' => '关注回复',
    'type' => '1',
    'displayorder' => '0',
    'status' => '1',
  ),
)

2017-08-27 19:38:39 response :
------------
Array:
FromUserName : gh_9312a3c1979a ;
ToUserName : o6A_bwJWnADM3c6T331DCgAv5OO4 ;
MsgType : text ;
Content : 欢迎关注：Babyfirst科学育儿！
在这里，你可以从基因角度了解宝宝育儿知识，获取不一样的育儿方法！
免费提供遗传咨询服务，为您解答一般育儿公众号无法解答的难题！
微商城已经开业，足不出户，即可让宝宝体验基因检测服务。 ;

2017-08-27 19:39:06 trace :
------------
String:
<xml><ToUserName><![CDATA[gh_9312a3c1979a]]></ToUserName>
<FromUserName><![CDATA[o6A_bwJWnADM3c6T331DCgAv5OO4]]></FromUserName>
<CreateTime>1503833926</CreateTime>
<MsgType><![CDATA[event]]></MsgType>
<Event><![CDATA[LOCATION]]></Event>
<Latitude>40.032978</Latitude>
<Longitude>116.236336</Longitude>
<Precision>110.000000</Precision>
</xml>

2017-08-27 19:39:06 params :
------------
String:
array (
  'message' => 
  array (
    'tousername' => 'gh_9312a3c1979a',
    'fromusername' => 'o6A_bwJWnADM3c6T331DCgAv5OO4',
    'createtime' => '1503833926',
    'msgtype' => 'event',
    'event' => 'LOCATION',
    'latitude' => '40.032978',
    'longitude' => '116.236336',
    'precision' => '110.000000',
    'from' => 'o6A_bwJWnADM3c6T331DCgAv5OO4',
    'to' => 'gh_9312a3c1979a',
    'time' => '1503833926',
    'type' => 'trace',
    'location_x' => '40.032978',
    'location_y' => '116.236336',
  ),
  'module' => 'default',
  'rule' => '-1',
)

2017-08-27 19:39:06 response :
------------
Array:
errno : -1 ;
message : Invaild value ;

2017-08-27 19:39:16 trace :
------------
String:
<xml><ToUserName><![CDATA[gh_9312a3c1979a]]></ToUserName>
<FromUserName><![CDATA[o6A_bwJWnADM3c6T331DCgAv5OO4]]></FromUserName>
<CreateTime>1503833937</CreateTime>
<MsgType><![CDATA[event]]></MsgType>
<Event><![CDATA[LOCATION]]></Event>
<Latitude>40.032928</Latitude>
<Longitude>116.236000</Longitude>
<Precision>120.000000</Precision>
</xml>

2017-08-27 19:39:16 params :
------------
String:
array (
  'message' => 
  array (
    'tousername' => 'gh_9312a3c1979a',
    'fromusername' => 'o6A_bwJWnADM3c6T331DCgAv5OO4',
    'createtime' => '1503833937',
    'msgtype' => 'event',
    'event' => 'LOCATION',
    'latitude' => '40.032928',
    'longitude' => '116.236000',
    'precision' => '120.000000',
    'from' => 'o6A_bwJWnADM3c6T331DCgAv5OO4',
    'to' => 'gh_9312a3c1979a',
    'time' => '1503833937',
    'type' => 'trace',
    'location_x' => '40.032928',
    'location_y' => '116.236000',
  ),
  'module' => 'default',
  'rule' => '-1',
)

2017-08-27 19:39:16 response :
------------
Array:
errno : -1 ;
message : Invaild value ;

2017-08-27 19:39:45 trace :
------------
String:
<xml><ToUserName><![CDATA[gh_9312a3c1979a]]></ToUserName>
<FromUserName><![CDATA[o6A_bwE8HCuAPx4pPiXvDNZEU7ys]]></FromUserName>
<CreateTime>1503833965</CreateTime>
<MsgType><![CDATA[event]]></MsgType>
<Event><![CDATA[subscribe]]></Event>
<EventKey><![CDATA[]]></EventKey>
</xml>

2017-08-27 19:39:45 params :
------------
String:
array (
  'message' => 
  array (
    'tousername' => 'gh_9312a3c1979a',
    'fromusername' => 'o6A_bwE8HCuAPx4pPiXvDNZEU7ys',
    'createtime' => '1503833965',
    'msgtype' => 'event',
    'event' => 'subscribe',
    'eventkey' => '',
    'from' => 'o6A_bwE8HCuAPx4pPiXvDNZEU7ys',
    'to' => 'gh_9312a3c1979a',
    'time' => '1503833965',
    'type' => 'text',
    'redirection' => true,
    'source' => 'subscribe',
    'content' => '关注回复',
  ),
  'module' => 'basic',
  'rule' => '11',
  'priority' => '0',
  'keyword' => 
  array (
    'id' => '54',
    'rid' => '11',
    'uniacid' => '1',
    'module' => 'basic',
    'content' => '关注回复',
    'type' => '1',
    'displayorder' => '0',
    'status' => '1',
  ),
)

2017-08-27 19:39:45 response :
------------
Array:
FromUserName : gh_9312a3c1979a ;
ToUserName : o6A_bwE8HCuAPx4pPiXvDNZEU7ys ;
MsgType : text ;
Content : 欢迎关注：Babyfirst科学育儿！
在这里，你可以从基因角度了解宝宝育儿知识，获取不一样的育儿方法！
免费提供遗传咨询服务，为您解答一般育儿公众号无法解答的难题！
微商城已经开业，足不出户，即可让宝宝体验基因检测服务。 ;

2017-08-27 19:39:58 trace :
------------
String:
<xml><ToUserName><![CDATA[gh_9312a3c1979a]]></ToUserName>
<FromUserName><![CDATA[o6A_bwE8HCuAPx4pPiXvDNZEU7ys]]></FromUserName>
<CreateTime>1503833979</CreateTime>
<MsgType><![CDATA[event]]></MsgType>
<Event><![CDATA[VIEW]]></Event>
<EventKey><![CDATA[http://jiyin.baimuv.com/app/index.php?i=1&c=entry&m=ewei_shopv2&do=mobile&r=article.list&cateid=17]]></EventKey>
<MenuId>417452671</MenuId>
</xml>

2017-08-27 19:39:59 params :
------------
String:
array (
  'message' => 
  array (
    'tousername' => 'gh_9312a3c1979a',
    'fromusername' => 'o6A_bwE8HCuAPx4pPiXvDNZEU7ys',
    'createtime' => '1503833979',
    'msgtype' => 'event',
    'event' => 'VIEW',
    'eventkey' => 'http://jiyin.baimuv.com/app/index.php?i=1&c=entry&m=ewei_shopv2&do=mobile&r=article.list&cateid=17',
    'menuid' => '417452671',
    'from' => 'o6A_bwE8HCuAPx4pPiXvDNZEU7ys',
    'to' => 'gh_9312a3c1979a',
    'time' => '1503833979',
    'type' => 'text',
    'content' => '关注回复',
    'redirection' => true,
    'source' => 'default',
    'original' => 'http://jiyin.baimuv.com/app/index.php?i=1&c=entry&m=ewei_shopv2&do=mobile&r=article.list&cateid=17',
  ),
  'module' => 'basic',
  'rule' => '11',
  'priority' => '0',
  'keyword' => 
  array (
    'id' => '54',
    'rid' => '11',
    'uniacid' => '1',
    'module' => 'basic',
    'content' => '关注回复',
    'type' => '1',
    'displayorder' => '0',
    'status' => '1',
  ),
)

2017-08-27 19:39:59 response :
------------
Array:
FromUserName : gh_9312a3c1979a ;
ToUserName : o6A_bwE8HCuAPx4pPiXvDNZEU7ys ;
MsgType : text ;
Content : 欢迎关注：Babyfirst科学育儿！
在这里，你可以从基因角度了解宝宝育儿知识，获取不一样的育儿方法！
免费提供遗传咨询服务，为您解答一般育儿公众号无法解答的难题！
微商城已经开业，足不出户，即可让宝宝体验基因检测服务。 ;

2017-08-27 19:58:00 trace :
------------
String:
<xml><ToUserName><![CDATA[gh_9312a3c1979a]]></ToUserName>
<FromUserName><![CDATA[o6A_bwKOppntdK7NKXdA6F3Le_pI]]></FromUserName>
<CreateTime>1503835061</CreateTime>
<MsgType><![CDATA[event]]></MsgType>
<Event><![CDATA[LOCATION]]></Event>
<Latitude>22.563650</Latitude>
<Longitude>113.982567</Longitude>
<Precision>65.000000</Precision>
</xml>

2017-08-27 19:58:00 params :
------------
String:
array (
  'message' => 
  array (
    'tousername' => 'gh_9312a3c1979a',
    'fromusername' => 'o6A_bwKOppntdK7NKXdA6F3Le_pI',
    'createtime' => '1503835061',
    'msgtype' => 'event',
    'event' => 'LOCATION',
    'latitude' => '22.563650',
    'longitude' => '113.982567',
    'precision' => '65.000000',
    'from' => 'o6A_bwKOppntdK7NKXdA6F3Le_pI',
    'to' => 'gh_9312a3c1979a',
    'time' => '1503835061',
    'type' => 'trace',
    'location_x' => '22.563650',
    'location_y' => '113.982567',
  ),
  'module' => 'default',
  'rule' => '-1',
)

2017-08-27 19:58:00 response :
------------
Array:
errno : -1 ;
message : Invaild value ;

2017-08-27 19:58:02 trace :
------------
String:
<xml><ToUserName><![CDATA[gh_9312a3c1979a]]></ToUserName>
<FromUserName><![CDATA[o6A_bwKOppntdK7NKXdA6F3Le_pI]]></FromUserName>
<CreateTime>1503835062</CreateTime>
<MsgType><![CDATA[event]]></MsgType>
<Event><![CDATA[VIEW]]></Event>
<EventKey><![CDATA[http://jiyin.baimuv.com/app/index.php?i=1&c=entry&m=ewei_shopv2&do=mobile&r=article.list&cateid=17]]></EventKey>
<MenuId>417452671</MenuId>
</xml>

2017-08-27 19:58:02 params :
------------
String:
array (
  'message' => 
  array (
    'tousername' => 'gh_9312a3c1979a',
    'fromusername' => 'o6A_bwKOppntdK7NKXdA6F3Le_pI',
    'createtime' => '1503835062',
    'msgtype' => 'event',
    'event' => 'VIEW',
    'eventkey' => 'http://jiyin.baimuv.com/app/index.php?i=1&c=entry&m=ewei_shopv2&do=mobile&r=article.list&cateid=17',
    'menuid' => '417452671',
    'from' => 'o6A_bwKOppntdK7NKXdA6F3Le_pI',
    'to' => 'gh_9312a3c1979a',
    'time' => '1503835062',
    'type' => 'text',
    'content' => '关注回复',
    'redirection' => true,
    'source' => 'default',
    'original' => 'http://jiyin.baimuv.com/app/index.php?i=1&c=entry&m=ewei_shopv2&do=mobile&r=article.list&cateid=17',
  ),
  'module' => 'basic',
  'rule' => '11',
  'priority' => '0',
  'keyword' => 
  array (
    'id' => '54',
    'rid' => '11',
    'uniacid' => '1',
    'module' => 'basic',
    'content' => '关注回复',
    'type' => '1',
    'displayorder' => '0',
    'status' => '1',
  ),
)

2017-08-27 19:58:02 response :
------------
Array:
FromUserName : gh_9312a3c1979a ;
ToUserName : o6A_bwKOppntdK7NKXdA6F3Le_pI ;
MsgType : text ;
Content : 欢迎关注：Babyfirst科学育儿！
在这里，你可以从基因角度了解宝宝育儿知识，获取不一样的育儿方法！
免费提供遗传咨询服务，为您解答一般育儿公众号无法解答的难题！
微商城已经开业，足不出户，即可让宝宝体验基因检测服务。 ;

2017-08-27 20:25:17 trace :
------------
String:
<xml><ToUserName><![CDATA[gh_9312a3c1979a]]></ToUserName>
<FromUserName><![CDATA[o6A_bwKOppntdK7NKXdA6F3Le_pI]]></FromUserName>
<CreateTime>1503836697</CreateTime>
<MsgType><![CDATA[event]]></MsgType>
<Event><![CDATA[LOCATION]]></Event>
<Latitude>22.563726</Latitude>
<Longitude>113.982498</Longitude>
<Precision>65.000000</Precision>
</xml>

2017-08-27 20:25:17 params :
------------
String:
array (
  'message' => 
  array (
    'tousername' => 'gh_9312a3c1979a',
    'fromusername' => 'o6A_bwKOppntdK7NKXdA6F3Le_pI',
    'createtime' => '1503836697',
    'msgtype' => 'event',
    'event' => 'LOCATION',
    'latitude' => '22.563726',
    'longitude' => '113.982498',
    'precision' => '65.000000',
    'from' => 'o6A_bwKOppntdK7NKXdA6F3Le_pI',
    'to' => 'gh_9312a3c1979a',
    'time' => '1503836697',
    'type' => 'trace',
    'location_x' => '22.563726',
    'location_y' => '113.982498',
  ),
  'module' => 'default',
  'rule' => '-1',
)

2017-08-27 20:25:17 response :
------------
Array:
errno : -1 ;
message : Invaild value ;

2017-08-27 20:34:21 trace :
------------
String:
<xml><ToUserName><![CDATA[gh_9312a3c1979a]]></ToUserName>
<FromUserName><![CDATA[o6A_bwKOppntdK7NKXdA6F3Le_pI]]></FromUserName>
<CreateTime>1503837241</CreateTime>
<MsgType><![CDATA[event]]></MsgType>
<Event><![CDATA[LOCATION]]></Event>
<Latitude>22.563608</Latitude>
<Longitude>113.982544</Longitude>
<Precision>65.000000</Precision>
</xml>

2017-08-27 20:34:21 params :
------------
String:
array (
  'message' => 
  array (
    'tousername' => 'gh_9312a3c1979a',
    'fromusername' => 'o6A_bwKOppntdK7NKXdA6F3Le_pI',
    'createtime' => '1503837241',
    'msgtype' => 'event',
    'event' => 'LOCATION',
    'latitude' => '22.563608',
    'longitude' => '113.982544',
    'precision' => '65.000000',
    'from' => 'o6A_bwKOppntdK7NKXdA6F3Le_pI',
    'to' => 'gh_9312a3c1979a',
    'time' => '1503837241',
    'type' => 'trace',
    'location_x' => '22.563608',
    'location_y' => '113.982544',
  ),
  'module' => 'default',
  'rule' => '-1',
)

2017-08-27 20:34:21 response :
------------
Array:
errno : -1 ;
message : Invaild value ;

2017-08-27 20:35:00 trace :
------------
String:
<xml><ToUserName><![CDATA[gh_9312a3c1979a]]></ToUserName>
<FromUserName><![CDATA[o6A_bwKOppntdK7NKXdA6F3Le_pI]]></FromUserName>
<CreateTime>1503837280</CreateTime>
<MsgType><![CDATA[event]]></MsgType>
<Event><![CDATA[LOCATION]]></Event>
<Latitude>22.563622</Latitude>
<Longitude>113.982552</Longitude>
<Precision>65.000000</Precision>
</xml>

2017-08-27 20:35:00 params :
------------
String:
array (
  'message' => 
  array (
    'tousername' => 'gh_9312a3c1979a',
    'fromusername' => 'o6A_bwKOppntdK7NKXdA6F3Le_pI',
    'createtime' => '1503837280',
    'msgtype' => 'event',
    'event' => 'LOCATION',
    'latitude' => '22.563622',
    'longitude' => '113.982552',
    'precision' => '65.000000',
    'from' => 'o6A_bwKOppntdK7NKXdA6F3Le_pI',
    'to' => 'gh_9312a3c1979a',
    'time' => '1503837280',
    'type' => 'trace',
    'location_x' => '22.563622',
    'location_y' => '113.982552',
  ),
  'module' => 'default',
  'rule' => '-1',
)

2017-08-27 20:35:00 response :
------------
Array:
errno : -1 ;
message : Invaild value ;

2017-08-27 21:00:22 trace :
------------
String:
<xml><ToUserName><![CDATA[gh_9312a3c1979a]]></ToUserName>
<FromUserName><![CDATA[o6A_bwMNt9PJI8IG1PQQCu9EEXdQ]]></FromUserName>
<CreateTime>1503838802</CreateTime>
<MsgType><![CDATA[event]]></MsgType>
<Event><![CDATA[LOCATION]]></Event>
<Latitude>45.683376</Latitude>
<Longitude>126.610825</Longitude>
<Precision>30.000000</Precision>
</xml>

2017-08-27 21:00:22 params :
------------
String:
array (
  'message' => 
  array (
    'tousername' => 'gh_9312a3c1979a',
    'fromusername' => 'o6A_bwMNt9PJI8IG1PQQCu9EEXdQ',
    'createtime' => '1503838802',
    'msgtype' => 'event',
    'event' => 'LOCATION',
    'latitude' => '45.683376',
    'longitude' => '126.610825',
    'precision' => '30.000000',
    'from' => 'o6A_bwMNt9PJI8IG1PQQCu9EEXdQ',
    'to' => 'gh_9312a3c1979a',
    'time' => '1503838802',
    'type' => 'trace',
    'location_x' => '45.683376',
    'location_y' => '126.610825',
  ),
  'module' => 'default',
  'rule' => '-1',
)

2017-08-27 21:00:22 response :
------------
Array:
errno : -1 ;
message : Invaild value ;

2017-08-27 21:00:31 trace :
------------
String:
<xml><ToUserName><![CDATA[gh_9312a3c1979a]]></ToUserName>
<FromUserName><![CDATA[o6A_bwMNt9PJI8IG1PQQCu9EEXdQ]]></FromUserName>
<CreateTime>1503838812</CreateTime>
<MsgType><![CDATA[event]]></MsgType>
<Event><![CDATA[LOCATION]]></Event>
<Latitude>45.683376</Latitude>
<Longitude>126.610825</Longitude>
<Precision>30.000000</Precision>
</xml>

2017-08-27 21:00:31 params :
------------
String:
array (
  'message' => 
  array (
    'tousername' => 'gh_9312a3c1979a',
    'fromusername' => 'o6A_bwMNt9PJI8IG1PQQCu9EEXdQ',
    'createtime' => '1503838812',
    'msgtype' => 'event',
    'event' => 'LOCATION',
    'latitude' => '45.683376',
    'longitude' => '126.610825',
    'precision' => '30.000000',
    'from' => 'o6A_bwMNt9PJI8IG1PQQCu9EEXdQ',
    'to' => 'gh_9312a3c1979a',
    'time' => '1503838812',
    'type' => 'trace',
    'location_x' => '45.683376',
    'location_y' => '126.610825',
  ),
  'module' => 'default',
  'rule' => '-1',
)

2017-08-27 21:00:31 response :
------------
Array:
errno : -1 ;
message : Invaild value ;

2017-08-27 22:15:27 trace :
------------
String:
<xml><ToUserName><![CDATA[gh_9312a3c1979a]]></ToUserName>
<FromUserName><![CDATA[o6A_bwMoIhzMejHglnwLVl_6s0w4]]></FromUserName>
<CreateTime>1503843307</CreateTime>
<MsgType><![CDATA[event]]></MsgType>
<Event><![CDATA[unsubscribe]]></Event>
<EventKey><![CDATA[]]></EventKey>
</xml>

2017-08-27 22:16:01 trace :
------------
String:
<xml><ToUserName><![CDATA[gh_9312a3c1979a]]></ToUserName>
<FromUserName><![CDATA[o6A_bwKpvMcGZk-ITPBAuIt2Lsn0]]></FromUserName>
<CreateTime>1503843341</CreateTime>
<MsgType><![CDATA[event]]></MsgType>
<Event><![CDATA[LOCATION]]></Event>
<Latitude>37.361897</Latitude>
<Longitude>120.390900</Longitude>
<Precision>30.000000</Precision>
</xml>

2017-08-27 22:16:01 params :
------------
String:
array (
  'message' => 
  array (
    'tousername' => 'gh_9312a3c1979a',
    'fromusername' => 'o6A_bwKpvMcGZk-ITPBAuIt2Lsn0',
    'createtime' => '1503843341',
    'msgtype' => 'event',
    'event' => 'LOCATION',
    'latitude' => '37.361897',
    'longitude' => '120.390900',
    'precision' => '30.000000',
    'from' => 'o6A_bwKpvMcGZk-ITPBAuIt2Lsn0',
    'to' => 'gh_9312a3c1979a',
    'time' => '1503843341',
    'type' => 'trace',
    'location_x' => '37.361897',
    'location_y' => '120.390900',
  ),
  'module' => 'default',
  'rule' => '-1',
)

2017-08-27 22:16:01 response :
------------
Array:
errno : -1 ;
message : Invaild value ;

2017-08-27 22:19:20 trace :
------------
String:
<xml><ToUserName><![CDATA[gh_9312a3c1979a]]></ToUserName>
<FromUserName><![CDATA[o6A_bwKpvMcGZk-ITPBAuIt2Lsn0]]></FromUserName>
<CreateTime>1503843540</CreateTime>
<MsgType><![CDATA[event]]></MsgType>
<Event><![CDATA[LOCATION]]></Event>
<Latitude>37.361889</Latitude>
<Longitude>120.390892</Longitude>
<Precision>30.000000</Precision>
</xml>

2017-08-27 22:19:20 params :
------------
String:
array (
  'message' => 
  array (
    'tousername' => 'gh_9312a3c1979a',
    'fromusername' => 'o6A_bwKpvMcGZk-ITPBAuIt2Lsn0',
    'createtime' => '1503843540',
    'msgtype' => 'event',
    'event' => 'LOCATION',
    'latitude' => '37.361889',
    'longitude' => '120.390892',
    'precision' => '30.000000',
    'from' => 'o6A_bwKpvMcGZk-ITPBAuIt2Lsn0',
    'to' => 'gh_9312a3c1979a',
    'time' => '1503843540',
    'type' => 'trace',
    'location_x' => '37.361889',
    'location_y' => '120.390892',
  ),
  'module' => 'default',
  'rule' => '-1',
)

2017-08-27 22:19:20 response :
------------
Array:
errno : -1 ;
message : Invaild value ;

2017-08-27 23:03:44 trace :
------------
String:
<xml><ToUserName><![CDATA[gh_9312a3c1979a]]></ToUserName>
<FromUserName><![CDATA[o6A_bwLw_bE59YSnZxkH5G8TClJE]]></FromUserName>
<CreateTime>1503846204</CreateTime>
<MsgType><![CDATA[event]]></MsgType>
<Event><![CDATA[unsubscribe]]></Event>
<EventKey><![CDATA[]]></EventKey>
</xml>

